[2020-09-06 14:23:07,558][MainThread:4666566080][task_id:scrapy.utils.log][log.py:146][INFO][Scrapy 1.5.1 started (bot: economic_scrapy)]
[2020-09-06 14:23:07,568][MainThread:4666566080][task_id:scrapy.utils.log][log.py:149][INFO][Versions: lxml 4.2.5.0, libxml2 2.9.8, cssselect 1.0.3, parsel 1.5.1, w3lib 1.19.0, Twisted 18.9.0, Python 3.7.5 (default, Nov  1 2019, 02:16:32) - [Clang 11.0.0 (clang-1100.0.33.8)], pyOpenSSL 18.0.0 (OpenSSL 1.1.0i  14 Aug 2018), cryptography 2.4.1, Platform Darwin-18.7.0-x86_64-i386-64bit]
[2020-09-06 14:23:07,573][MainThread:4666566080][task_id:scrapy.crawler][crawler.py:38][INFO][Overridden settings: {'BOT_NAME': 'economic_scrapy', 'DOWNLOAD_DELAY': 0.25, 'NEWSPIDER_MODULE': 'economic_scrapy.spiders', 'ROBOTSTXT_OBEY': True, 'SPIDER_MODULES': ['economic_scrapy.spiders'], 'USER_AGENT': 'Mozilla/5.0 (Macintosh; Intel Mac OS X 10_8_3) AppleWebKit/536.5 (KHTML, like Gecko) Chrome/19.0.1084.54 Safari/536.5'}]
[2020-09-06 14:23:07,638][MainThread:4666566080][task_id:scrapy.middleware][middleware.py:53][INFO][Enabled extensions:
['scrapy.extensions.corestats.CoreStats',
 'scrapy.extensions.telnet.TelnetConsole',
 'scrapy.extensions.memusage.MemoryUsage',
 'scrapy.extensions.logstats.LogStats']]
[2020-09-06 14:23:07,698][MainThread:4666566080][task_id:scrapy.middleware][middleware.py:53][INFO][Enabled downloader middlewares:
['scrapy.downloadermiddlewares.robotstxt.RobotsTxtMiddleware',
 'scrapy.downloadermiddlewares.httpauth.HttpAuthMiddleware',
 'scrapy.downloadermiddlewares.downloadtimeout.DownloadTimeoutMiddleware',
 'scrapy.downloadermiddlewares.defaultheaders.DefaultHeadersMiddleware',
 'scrapy.downloadermiddlewares.useragent.UserAgentMiddleware',
 'scrapy.downloadermiddlewares.retry.RetryMiddleware',
 'scrapy.downloadermiddlewares.redirect.MetaRefreshMiddleware',
 'scrapy.downloadermiddlewares.httpcompression.HttpCompressionMiddleware',
 'scrapy.downloadermiddlewares.redirect.RedirectMiddleware',
 'scrapy.downloadermiddlewares.cookies.CookiesMiddleware',
 'scrapy.downloadermiddlewares.httpproxy.HttpProxyMiddleware',
 'scrapy.downloadermiddlewares.stats.DownloaderStats']]
[2020-09-06 14:23:07,703][MainThread:4666566080][task_id:scrapy.middleware][middleware.py:53][INFO][Enabled spider middlewares:
['scrapy.spidermiddlewares.httperror.HttpErrorMiddleware',
 'scrapy.spidermiddlewares.offsite.OffsiteMiddleware',
 'scrapy.spidermiddlewares.referer.RefererMiddleware',
 'scrapy.spidermiddlewares.urllength.UrlLengthMiddleware',
 'scrapy.spidermiddlewares.depth.DepthMiddleware']]
[2020-09-06 14:23:07,762][MainThread:4666566080][task_id:scrapy.middleware][middleware.py:53][INFO][Enabled item pipelines:
['economic_scrapy.pipelines.MySQLPipeline']]
[2020-09-06 14:23:07,762][MainThread:4666566080][task_id:scrapy.core.engine][engine.py:256][INFO][Spider opened]
[2020-09-06 14:23:07,800][MainThread:4666566080][task_id:scrapy.extensions.logstats][logstats.py:48][INFO][Crawled 0 pages (at 0 pages/min), scraped 0 items (at 0 items/min)]
[2020-09-06 14:24:07,801][MainThread:4666566080][task_id:scrapy.extensions.logstats][logstats.py:48][INFO][Crawled 178 pages (at 178 pages/min), scraped 252 items (at 252 items/min)]
[2020-09-06 14:25:07,801][MainThread:4666566080][task_id:scrapy.extensions.logstats][logstats.py:48][INFO][Crawled 378 pages (at 200 pages/min), scraped 609 items (at 357 items/min)]
[2020-09-06 14:26:07,802][MainThread:4666566080][task_id:scrapy.extensions.logstats][logstats.py:48][INFO][Crawled 573 pages (at 195 pages/min), scraped 609 items (at 0 items/min)]
[2020-09-06 14:26:22,929][MainThread:4666566080][task_id:scrapy.core.scraper][scraper.py:158][ERROR][Spider error processing <GET https://data.stats.gov.cn/waf_verify.htm> (referer: https://data.stats.gov.cn/easyquery.htm)]
Traceback (most recent call last):
  File "/usr/local/lib/python3.7/site-packages/scrapy/utils/defer.py", line 102, in iter_errback
    yield next(it)
  File "/usr/local/lib/python3.7/site-packages/scrapy/spidermiddlewares/offsite.py", line 30, in process_spider_output
    for x in result:
  File "/usr/local/lib/python3.7/site-packages/scrapy/spidermiddlewares/referer.py", line 339, in <genexpr>
    return (_set_referer(r) for r in result or ())
  File "/usr/local/lib/python3.7/site-packages/scrapy/spidermiddlewares/urllength.py", line 37, in <genexpr>
    return (r for r in result or () if _filter(r))
  File "/usr/local/lib/python3.7/site-packages/scrapy/spidermiddlewares/depth.py", line 58, in <genexpr>
    return (r for r in result or () if _filter(r))
  File "/Users/zhangshuai/Economic/economic_scrapy/economic_scrapy/spiders/govMonthCategory.py", line 35, in parse_column
    for column in json.loads(column_str):
  File "/usr/local/Cellar/python/3.7.5/Frameworks/Python.framework/Versions/3.7/lib/python3.7/json/__init__.py", line 348, in loads
    return _default_decoder.decode(s)
  File "/usr/local/Cellar/python/3.7.5/Frameworks/Python.framework/Versions/3.7/lib/python3.7/json/decoder.py", line 337, in decode
    obj, end = self.raw_decode(s, idx=_w(s, 0).end())
  File "/usr/local/Cellar/python/3.7.5/Frameworks/Python.framework/Versions/3.7/lib/python3.7/json/decoder.py", line 355, in raw_decode
    raise JSONDecodeError("Expecting value", s, err.value) from None
json.decoder.JSONDecodeError: Expecting value: line 1 column 1 (char 0)
[2020-09-06 14:26:23,666][MainThread:4666566080][task_id:scrapy.core.engine][engine.py:295][INFO][Closing spider (finished)]
[2020-09-06 14:26:23,668][MainThread:4666566080][task_id:scrapy.statscollectors][statscollectors.py:47][INFO][Dumping Scrapy stats:
{'downloader/request_bytes': 449200,
 'downloader/request_count': 641,
 'downloader/request_method_count/GET': 3,
 'downloader/request_method_count/POST': 638,
 'downloader/response_bytes': 249902,
 'downloader/response_count': 641,
 'downloader/response_status_count/200': 605,
 'downloader/response_status_count/302': 19,
 'downloader/response_status_count/307': 16,
 'downloader/response_status_count/404': 1,
 'dupefilter/filtered': 34,
 'finish_reason': 'finished',
 'finish_time': datetime.datetime(2020, 9, 6, 6, 26, 23, 667186),
 'item_scraped_count': 637,
 'log_count/DEBUG': 1280,
 'log_count/ERROR': 1,
 'log_count/INFO': 10,
 'memusage/max': 66899968,
 'memusage/startup': 62070784,
 'request_depth_max': 4,
 'response_received_count': 606,
 'scheduler/dequeued': 640,
 'scheduler/dequeued/memory': 640,
 'scheduler/enqueued': 640,
 'scheduler/enqueued/memory': 640,
 'spider_exceptions/JSONDecodeError': 1,
 'start_time': datetime.datetime(2020, 9, 6, 6, 23, 7, 800076)}]
[2020-09-06 14:26:23,670][MainThread:4666566080][task_id:scrapy.core.engine][engine.py:326][INFO][Spider closed (finished)]
[2020-09-06 14:27:38,045][MainThread:4587349440][task_id:scrapy.utils.log][log.py:146][INFO][Scrapy 1.5.1 started (bot: economic_scrapy)]
[2020-09-06 14:27:38,052][MainThread:4587349440][task_id:scrapy.utils.log][log.py:149][INFO][Versions: lxml 4.2.5.0, libxml2 2.9.8, cssselect 1.0.3, parsel 1.5.1, w3lib 1.19.0, Twisted 18.9.0, Python 3.7.5 (default, Nov  1 2019, 02:16:32) - [Clang 11.0.0 (clang-1100.0.33.8)], pyOpenSSL 18.0.0 (OpenSSL 1.1.0i  14 Aug 2018), cryptography 2.4.1, Platform Darwin-18.7.0-x86_64-i386-64bit]
[2020-09-06 14:27:38,057][MainThread:4587349440][task_id:scrapy.crawler][crawler.py:38][INFO][Overridden settings: {'BOT_NAME': 'economic_scrapy', 'DOWNLOAD_DELAY': 0.25, 'NEWSPIDER_MODULE': 'economic_scrapy.spiders', 'ROBOTSTXT_OBEY': True, 'SPIDER_MODULES': ['economic_scrapy.spiders'], 'USER_AGENT': 'Mozilla/5.0 (Macintosh; Intel Mac OS X 10_8_3) AppleWebKit/536.5 (KHTML, like Gecko) Chrome/19.0.1084.54 Safari/536.5'}]
[2020-09-06 14:27:38,121][MainThread:4587349440][task_id:scrapy.middleware][middleware.py:53][INFO][Enabled extensions:
['scrapy.extensions.corestats.CoreStats',
 'scrapy.extensions.telnet.TelnetConsole',
 'scrapy.extensions.memusage.MemoryUsage',
 'scrapy.extensions.logstats.LogStats']]
[2020-09-06 14:27:38,200][MainThread:4587349440][task_id:scrapy.middleware][middleware.py:53][INFO][Enabled downloader middlewares:
['scrapy.downloadermiddlewares.robotstxt.RobotsTxtMiddleware',
 'scrapy.downloadermiddlewares.httpauth.HttpAuthMiddleware',
 'scrapy.downloadermiddlewares.downloadtimeout.DownloadTimeoutMiddleware',
 'scrapy.downloadermiddlewares.defaultheaders.DefaultHeadersMiddleware',
 'scrapy.downloadermiddlewares.useragent.UserAgentMiddleware',
 'scrapy.downloadermiddlewares.retry.RetryMiddleware',
 'scrapy.downloadermiddlewares.redirect.MetaRefreshMiddleware',
 'scrapy.downloadermiddlewares.httpcompression.HttpCompressionMiddleware',
 'scrapy.downloadermiddlewares.redirect.RedirectMiddleware',
 'scrapy.downloadermiddlewares.cookies.CookiesMiddleware',
 'scrapy.downloadermiddlewares.httpproxy.HttpProxyMiddleware',
 'scrapy.downloadermiddlewares.stats.DownloaderStats']]
[2020-09-06 14:27:38,212][MainThread:4587349440][task_id:scrapy.middleware][middleware.py:53][INFO][Enabled spider middlewares:
['scrapy.spidermiddlewares.httperror.HttpErrorMiddleware',
 'scrapy.spidermiddlewares.offsite.OffsiteMiddleware',
 'scrapy.spidermiddlewares.referer.RefererMiddleware',
 'scrapy.spidermiddlewares.urllength.UrlLengthMiddleware',
 'scrapy.spidermiddlewares.depth.DepthMiddleware']]
[2020-09-06 14:27:38,230][MainThread:4587349440][task_id:scrapy.middleware][middleware.py:53][INFO][Enabled item pipelines:
['economic_scrapy.pipelines.MySQLPipeline']]
[2020-09-06 14:27:38,231][MainThread:4587349440][task_id:scrapy.core.engine][engine.py:256][INFO][Spider opened]
[2020-09-06 14:27:38,251][MainThread:4587349440][task_id:scrapy.extensions.logstats][logstats.py:48][INFO][Crawled 0 pages (at 0 pages/min), scraped 0 items (at 0 items/min)]
[2020-09-06 14:27:39,726][MainThread:4587349440][task_id:scrapy.core.scraper][scraper.py:158][ERROR][Spider error processing <GET https://data.stats.gov.cn/waf_verify.htm> (referer: https://data.stats.gov.cn/waf_verify.htm)]
Traceback (most recent call last):
  File "/usr/local/lib/python3.7/site-packages/scrapy/utils/defer.py", line 102, in iter_errback
    yield next(it)
  File "/usr/local/lib/python3.7/site-packages/scrapy/spidermiddlewares/offsite.py", line 30, in process_spider_output
    for x in result:
  File "/usr/local/lib/python3.7/site-packages/scrapy/spidermiddlewares/referer.py", line 339, in <genexpr>
    return (_set_referer(r) for r in result or ())
  File "/usr/local/lib/python3.7/site-packages/scrapy/spidermiddlewares/urllength.py", line 37, in <genexpr>
    return (r for r in result or () if _filter(r))
  File "/usr/local/lib/python3.7/site-packages/scrapy/spidermiddlewares/depth.py", line 58, in <genexpr>
    return (r for r in result or () if _filter(r))
  File "/Users/zhangshuai/Economic/economic_scrapy/economic_scrapy/spiders/govMonthCategory.py", line 35, in parse_column
    for column in json.loads(column_str):
  File "/usr/local/Cellar/python/3.7.5/Frameworks/Python.framework/Versions/3.7/lib/python3.7/json/__init__.py", line 348, in loads
    return _default_decoder.decode(s)
  File "/usr/local/Cellar/python/3.7.5/Frameworks/Python.framework/Versions/3.7/lib/python3.7/json/decoder.py", line 337, in decode
    obj, end = self.raw_decode(s, idx=_w(s, 0).end())
  File "/usr/local/Cellar/python/3.7.5/Frameworks/Python.framework/Versions/3.7/lib/python3.7/json/decoder.py", line 355, in raw_decode
    raise JSONDecodeError("Expecting value", s, err.value) from None
json.decoder.JSONDecodeError: Expecting value: line 1 column 1 (char 0)
[2020-09-06 14:27:39,739][MainThread:4587349440][task_id:scrapy.core.engine][engine.py:295][INFO][Closing spider (finished)]
[2020-09-06 14:27:39,740][MainThread:4587349440][task_id:scrapy.statscollectors][statscollectors.py:47][INFO][Dumping Scrapy stats:
{'downloader/request_bytes': 2258,
 'downloader/request_count': 6,
 'downloader/request_method_count/GET': 5,
 'downloader/request_method_count/POST': 1,
 'downloader/response_bytes': 11744,
 'downloader/response_count': 6,
 'downloader/response_status_count/200': 3,
 'downloader/response_status_count/302': 3,
 'finish_reason': 'finished',
 'finish_time': datetime.datetime(2020, 9, 6, 6, 27, 39, 740279),
 'log_count/DEBUG': 7,
 'log_count/ERROR': 1,
 'log_count/INFO': 7,
 'memusage/max': 62128128,
 'memusage/startup': 62128128,
 'request_depth_max': 1,
 'response_received_count': 3,
 'scheduler/dequeued': 4,
 'scheduler/dequeued/memory': 4,
 'scheduler/enqueued': 4,
 'scheduler/enqueued/memory': 4,
 'spider_exceptions/JSONDecodeError': 1,
 'start_time': datetime.datetime(2020, 9, 6, 6, 27, 38, 251685)}]
[2020-09-06 14:27:39,741][MainThread:4587349440][task_id:scrapy.core.engine][engine.py:326][INFO][Spider closed (finished)]
[2020-09-06 14:28:54,557][MainThread:4754019776][task_id:scrapy.utils.log][log.py:144][INFO][Scrapy 2.3.0 started (bot: economic_scrapy)]
[2020-09-06 14:28:54,579][MainThread:4754019776][task_id:scrapy.utils.log][log.py:150][INFO][Versions: lxml 4.5.2.0, libxml2 2.9.10, cssselect 1.1.0, parsel 1.6.0, w3lib 1.22.0, Twisted 20.3.0, Python 3.7.5 (default, Nov  1 2019, 02:16:32) - [Clang 11.0.0 (clang-1100.0.33.8)], pyOpenSSL 19.1.0 (OpenSSL 1.1.1g  21 Apr 2020), cryptography 3.0, Platform Darwin-18.7.0-x86_64-i386-64bit]
[2020-09-06 14:28:54,596][MainThread:4754019776][task_id:scrapy.crawler][crawler.py:60][INFO][Overridden settings:
{'BOT_NAME': 'economic_scrapy',
 'DOWNLOAD_DELAY': 0.25,
 'NEWSPIDER_MODULE': 'economic_scrapy.spiders',
 'ROBOTSTXT_OBEY': True,
 'SPIDER_MODULES': ['economic_scrapy.spiders'],
 'USER_AGENT': 'Mozilla/5.0 (Macintosh; Intel Mac OS X 10_8_3) '
               'AppleWebKit/536.5 (KHTML, like Gecko) Chrome/19.0.1084.54 '
               'Safari/536.5'}]
[2020-09-06 14:28:54,633][MainThread:4754019776][task_id:scrapy.extensions.telnet][telnet.py:55][INFO][Telnet Password: 5a473ef941cc713a]
[2020-09-06 14:28:54,688][MainThread:4754019776][task_id:scrapy.middleware][middleware.py:48][INFO][Enabled extensions:
['scrapy.extensions.corestats.CoreStats',
 'scrapy.extensions.telnet.TelnetConsole',
 'scrapy.extensions.memusage.MemoryUsage',
 'scrapy.extensions.logstats.LogStats']]
[2020-09-06 14:28:54,922][MainThread:4754019776][task_id:scrapy.middleware][middleware.py:48][INFO][Enabled downloader middlewares:
['scrapy.downloadermiddlewares.robotstxt.RobotsTxtMiddleware',
 'scrapy.downloadermiddlewares.httpauth.HttpAuthMiddleware',
 'scrapy.downloadermiddlewares.downloadtimeout.DownloadTimeoutMiddleware',
 'scrapy.downloadermiddlewares.defaultheaders.DefaultHeadersMiddleware',
 'scrapy.downloadermiddlewares.useragent.UserAgentMiddleware',
 'scrapy.downloadermiddlewares.retry.RetryMiddleware',
 'scrapy.downloadermiddlewares.redirect.MetaRefreshMiddleware',
 'scrapy.downloadermiddlewares.httpcompression.HttpCompressionMiddleware',
 'scrapy.downloadermiddlewares.redirect.RedirectMiddleware',
 'scrapy.downloadermiddlewares.cookies.CookiesMiddleware',
 'scrapy.downloadermiddlewares.httpproxy.HttpProxyMiddleware',
 'scrapy.downloadermiddlewares.stats.DownloaderStats']]
[2020-09-06 14:28:54,937][MainThread:4754019776][task_id:scrapy.middleware][middleware.py:48][INFO][Enabled spider middlewares:
['scrapy.spidermiddlewares.httperror.HttpErrorMiddleware',
 'scrapy.spidermiddlewares.offsite.OffsiteMiddleware',
 'scrapy.spidermiddlewares.referer.RefererMiddleware',
 'scrapy.spidermiddlewares.urllength.UrlLengthMiddleware',
 'scrapy.spidermiddlewares.depth.DepthMiddleware']]
[2020-09-06 14:28:54,976][MainThread:4754019776][task_id:scrapy.middleware][middleware.py:48][INFO][Enabled item pipelines:
['economic_scrapy.pipelines.MySQLPipeline']]
[2020-09-06 14:28:54,976][MainThread:4754019776][task_id:scrapy.core.engine][engine.py:267][INFO][Spider opened]
[2020-09-06 14:28:54,996][MainThread:4754019776][task_id:scrapy.extensions.logstats][logstats.py:48][INFO][Crawled 0 pages (at 0 pages/min), scraped 0 items (at 0 items/min)]
[2020-09-06 14:28:54,999][MainThread:4754019776][task_id:scrapy.extensions.telnet][telnet.py:69][INFO][Telnet console listening on 127.0.0.1:6023]
[2020-09-06 14:28:56,479][MainThread:4754019776][task_id:scrapy.core.engine][engine.py:304][INFO][Closing spider (finished)]
[2020-09-06 14:28:56,483][MainThread:4754019776][task_id:scrapy.statscollectors][statscollectors.py:47][INFO][Dumping Scrapy stats:
{'downloader/request_bytes': 1362,
 'downloader/request_count': 4,
 'downloader/request_method_count/GET': 4,
 'downloader/response_bytes': 7828,
 'downloader/response_count': 4,
 'downloader/response_status_count/200': 2,
 'downloader/response_status_count/302': 2,
 'elapsed_time_seconds': 1.485884,
 'finish_reason': 'finished',
 'finish_time': datetime.datetime(2020, 9, 6, 6, 28, 56, 481612),
 'log_count/DEBUG': 24,
 'log_count/INFO': 10,
 'memusage/max': 75083776,
 'memusage/startup': 75083776,
 'response_received_count': 2,
 'robotstxt/request_count': 1,
 'robotstxt/response_count': 1,
 'robotstxt/response_status_count/200': 1,
 'scheduler/dequeued': 2,
 'scheduler/dequeued/memory': 2,
 'scheduler/enqueued': 2,
 'scheduler/enqueued/memory': 2,
 'start_time': datetime.datetime(2020, 9, 6, 6, 28, 54, 995728)}]
[2020-09-06 14:28:56,483][MainThread:4754019776][task_id:scrapy.core.engine][engine.py:335][INFO][Spider closed (finished)]
[2020-09-06 14:30:06,227][MainThread:4506424768][task_id:scrapy.utils.log][log.py:146][INFO][Scrapy 1.5.1 started (bot: economic_scrapy)]
[2020-09-06 14:30:06,245][MainThread:4506424768][task_id:scrapy.utils.log][log.py:149][INFO][Versions: lxml 4.2.5.0, libxml2 2.9.8, cssselect 1.0.3, parsel 1.5.1, w3lib 1.19.0, Twisted 18.9.0, Python 3.7.5 (default, Nov  1 2019, 02:16:32) - [Clang 11.0.0 (clang-1100.0.33.8)], pyOpenSSL 18.0.0 (OpenSSL 1.1.0i  14 Aug 2018), cryptography 2.4.1, Platform Darwin-18.7.0-x86_64-i386-64bit]
[2020-09-06 14:30:06,249][MainThread:4506424768][task_id:scrapy.crawler][crawler.py:38][INFO][Overridden settings: {'BOT_NAME': 'economic_scrapy', 'DOWNLOAD_DELAY': 0.25, 'NEWSPIDER_MODULE': 'economic_scrapy.spiders', 'ROBOTSTXT_OBEY': True, 'SPIDER_MODULES': ['economic_scrapy.spiders'], 'USER_AGENT': 'Mozilla/5.0 (Macintosh; Intel Mac OS X 10_8_3) AppleWebKit/536.5 (KHTML, like Gecko) Chrome/19.0.1084.54 Safari/536.5'}]
[2020-09-06 14:30:06,322][MainThread:4506424768][task_id:scrapy.middleware][middleware.py:53][INFO][Enabled extensions:
['scrapy.extensions.corestats.CoreStats',
 'scrapy.extensions.telnet.TelnetConsole',
 'scrapy.extensions.memusage.MemoryUsage',
 'scrapy.extensions.logstats.LogStats']]
[2020-09-06 14:30:06,404][MainThread:4506424768][task_id:scrapy.middleware][middleware.py:53][INFO][Enabled downloader middlewares:
['scrapy.downloadermiddlewares.robotstxt.RobotsTxtMiddleware',
 'scrapy.downloadermiddlewares.httpauth.HttpAuthMiddleware',
 'scrapy.downloadermiddlewares.downloadtimeout.DownloadTimeoutMiddleware',
 'scrapy.downloadermiddlewares.defaultheaders.DefaultHeadersMiddleware',
 'scrapy.downloadermiddlewares.useragent.UserAgentMiddleware',
 'scrapy.downloadermiddlewares.retry.RetryMiddleware',
 'scrapy.downloadermiddlewares.redirect.MetaRefreshMiddleware',
 'scrapy.downloadermiddlewares.httpcompression.HttpCompressionMiddleware',
 'scrapy.downloadermiddlewares.redirect.RedirectMiddleware',
 'scrapy.downloadermiddlewares.cookies.CookiesMiddleware',
 'scrapy.downloadermiddlewares.httpproxy.HttpProxyMiddleware',
 'scrapy.downloadermiddlewares.stats.DownloaderStats']]
[2020-09-06 14:30:06,410][MainThread:4506424768][task_id:scrapy.middleware][middleware.py:53][INFO][Enabled spider middlewares:
['scrapy.spidermiddlewares.httperror.HttpErrorMiddleware',
 'scrapy.spidermiddlewares.offsite.OffsiteMiddleware',
 'scrapy.spidermiddlewares.referer.RefererMiddleware',
 'scrapy.spidermiddlewares.urllength.UrlLengthMiddleware',
 'scrapy.spidermiddlewares.depth.DepthMiddleware']]
[2020-09-06 14:30:06,433][MainThread:4506424768][task_id:scrapy.middleware][middleware.py:53][INFO][Enabled item pipelines:
['economic_scrapy.pipelines.MySQLPipeline']]
[2020-09-06 14:30:06,433][MainThread:4506424768][task_id:scrapy.core.engine][engine.py:256][INFO][Spider opened]
[2020-09-06 14:30:06,495][MainThread:4506424768][task_id:scrapy.extensions.logstats][logstats.py:48][INFO][Crawled 0 pages (at 0 pages/min), scraped 0 items (at 0 items/min)]
[2020-09-06 14:30:08,087][MainThread:4506424768][task_id:scrapy.core.scraper][scraper.py:158][ERROR][Spider error processing <GET https://data.stats.gov.cn/waf_verify.htm> (referer: https://data.stats.gov.cn/waf_verify.htm)]
Traceback (most recent call last):
  File "/usr/local/lib/python3.7/site-packages/scrapy/utils/defer.py", line 102, in iter_errback
    yield next(it)
  File "/usr/local/lib/python3.7/site-packages/scrapy/spidermiddlewares/offsite.py", line 30, in process_spider_output
    for x in result:
  File "/usr/local/lib/python3.7/site-packages/scrapy/spidermiddlewares/referer.py", line 339, in <genexpr>
    return (_set_referer(r) for r in result or ())
  File "/usr/local/lib/python3.7/site-packages/scrapy/spidermiddlewares/urllength.py", line 37, in <genexpr>
    return (r for r in result or () if _filter(r))
  File "/usr/local/lib/python3.7/site-packages/scrapy/spidermiddlewares/depth.py", line 58, in <genexpr>
    return (r for r in result or () if _filter(r))
  File "/Users/zhangshuai/Economic/economic_scrapy/economic_scrapy/spiders/govMonthCategory.py", line 35, in parse_column
    for column in json.loads(column_str):
  File "/usr/local/Cellar/python/3.7.5/Frameworks/Python.framework/Versions/3.7/lib/python3.7/json/__init__.py", line 348, in loads
    return _default_decoder.decode(s)
  File "/usr/local/Cellar/python/3.7.5/Frameworks/Python.framework/Versions/3.7/lib/python3.7/json/decoder.py", line 337, in decode
    obj, end = self.raw_decode(s, idx=_w(s, 0).end())
  File "/usr/local/Cellar/python/3.7.5/Frameworks/Python.framework/Versions/3.7/lib/python3.7/json/decoder.py", line 355, in raw_decode
    raise JSONDecodeError("Expecting value", s, err.value) from None
json.decoder.JSONDecodeError: Expecting value: line 1 column 1 (char 0)
[2020-09-06 14:30:08,099][MainThread:4506424768][task_id:scrapy.core.engine][engine.py:295][INFO][Closing spider (finished)]
[2020-09-06 14:30:08,110][MainThread:4506424768][task_id:scrapy.statscollectors][statscollectors.py:47][INFO][Dumping Scrapy stats:
{'downloader/request_bytes': 2258,
 'downloader/request_count': 6,
 'downloader/request_method_count/GET': 5,
 'downloader/request_method_count/POST': 1,
 'downloader/response_bytes': 11743,
 'downloader/response_count': 6,
 'downloader/response_status_count/200': 3,
 'downloader/response_status_count/302': 3,
 'finish_reason': 'finished',
 'finish_time': datetime.datetime(2020, 9, 6, 6, 30, 8, 110164),
 'log_count/DEBUG': 7,
 'log_count/ERROR': 1,
 'log_count/INFO': 7,
 'memusage/max': 62111744,
 'memusage/startup': 62111744,
 'request_depth_max': 1,
 'response_received_count': 3,
 'scheduler/dequeued': 4,
 'scheduler/dequeued/memory': 4,
 'scheduler/enqueued': 4,
 'scheduler/enqueued/memory': 4,
 'spider_exceptions/JSONDecodeError': 1,
 'start_time': datetime.datetime(2020, 9, 6, 6, 30, 6, 494894)}]
[2020-09-06 14:30:08,110][MainThread:4506424768][task_id:scrapy.core.engine][engine.py:326][INFO][Spider closed (finished)]
[2020-09-06 14:31:19,994][MainThread:4651554240][task_id:scrapy.utils.log][log.py:146][INFO][Scrapy 1.5.1 started (bot: economic_scrapy)]
[2020-09-06 14:31:20,002][MainThread:4651554240][task_id:scrapy.utils.log][log.py:149][INFO][Versions: lxml 4.2.5.0, libxml2 2.9.8, cssselect 1.0.3, parsel 1.5.1, w3lib 1.19.0, Twisted 18.9.0, Python 3.7.5 (default, Nov  1 2019, 02:16:32) - [Clang 11.0.0 (clang-1100.0.33.8)], pyOpenSSL 18.0.0 (OpenSSL 1.1.0i  14 Aug 2018), cryptography 2.4.1, Platform Darwin-18.7.0-x86_64-i386-64bit]
[2020-09-06 14:31:20,007][MainThread:4651554240][task_id:scrapy.crawler][crawler.py:38][INFO][Overridden settings: {'BOT_NAME': 'economic_scrapy', 'DOWNLOAD_DELAY': 0.25, 'NEWSPIDER_MODULE': 'economic_scrapy.spiders', 'ROBOTSTXT_OBEY': True, 'SPIDER_MODULES': ['economic_scrapy.spiders'], 'USER_AGENT': 'Mozilla/5.0 (Macintosh; Intel Mac OS X 10_8_3) AppleWebKit/536.5 (KHTML, like Gecko) Chrome/19.0.1084.54 Safari/536.5'}]
[2020-09-06 14:31:20,054][MainThread:4651554240][task_id:scrapy.middleware][middleware.py:53][INFO][Enabled extensions:
['scrapy.extensions.corestats.CoreStats',
 'scrapy.extensions.telnet.TelnetConsole',
 'scrapy.extensions.memusage.MemoryUsage',
 'scrapy.extensions.logstats.LogStats']]
[2020-09-06 14:31:20,106][MainThread:4651554240][task_id:scrapy.middleware][middleware.py:53][INFO][Enabled downloader middlewares:
['scrapy.downloadermiddlewares.robotstxt.RobotsTxtMiddleware',
 'scrapy.downloadermiddlewares.httpauth.HttpAuthMiddleware',
 'scrapy.downloadermiddlewares.downloadtimeout.DownloadTimeoutMiddleware',
 'scrapy.downloadermiddlewares.defaultheaders.DefaultHeadersMiddleware',
 'scrapy.downloadermiddlewares.useragent.UserAgentMiddleware',
 'scrapy.downloadermiddlewares.retry.RetryMiddleware',
 'scrapy.downloadermiddlewares.redirect.MetaRefreshMiddleware',
 'scrapy.downloadermiddlewares.httpcompression.HttpCompressionMiddleware',
 'scrapy.downloadermiddlewares.redirect.RedirectMiddleware',
 'scrapy.downloadermiddlewares.cookies.CookiesMiddleware',
 'scrapy.downloadermiddlewares.httpproxy.HttpProxyMiddleware',
 'scrapy.downloadermiddlewares.stats.DownloaderStats']]
[2020-09-06 14:31:20,111][MainThread:4651554240][task_id:scrapy.middleware][middleware.py:53][INFO][Enabled spider middlewares:
['scrapy.spidermiddlewares.httperror.HttpErrorMiddleware',
 'scrapy.spidermiddlewares.offsite.OffsiteMiddleware',
 'scrapy.spidermiddlewares.referer.RefererMiddleware',
 'scrapy.spidermiddlewares.urllength.UrlLengthMiddleware',
 'scrapy.spidermiddlewares.depth.DepthMiddleware']]
[2020-09-06 14:31:20,140][MainThread:4651554240][task_id:scrapy.middleware][middleware.py:53][INFO][Enabled item pipelines:
['economic_scrapy.pipelines.MySQLPipeline']]
[2020-09-06 14:31:20,140][MainThread:4651554240][task_id:scrapy.core.engine][engine.py:256][INFO][Spider opened]
[2020-09-06 14:31:20,161][MainThread:4651554240][task_id:scrapy.extensions.logstats][logstats.py:48][INFO][Crawled 0 pages (at 0 pages/min), scraped 0 items (at 0 items/min)]
[2020-09-06 14:31:22,053][MainThread:4651554240][task_id:scrapy.crawler][crawler.py:258][INFO][Received SIGINT, shutting down gracefully. Send again to force ]
[2020-09-06 14:31:22,055][MainThread:4651554240][task_id:scrapy.core.engine][engine.py:295][INFO][Closing spider (shutdown)]
[2020-09-06 14:31:22,250][MainThread:4651554240][task_id:scrapy.crawler][crawler.py:265][INFO][Received SIGINT twice, forcing unclean shutdown]
[2020-09-06 14:32:09,508][MainThread:4713473472][task_id:scrapy.utils.log][log.py:144][INFO][Scrapy 2.3.0 started (bot: economic_scrapy)]
[2020-09-06 14:32:09,528][MainThread:4713473472][task_id:scrapy.utils.log][log.py:150][INFO][Versions: lxml 4.5.2.0, libxml2 2.9.10, cssselect 1.1.0, parsel 1.6.0, w3lib 1.22.0, Twisted 20.3.0, Python 3.7.5 (default, Nov  1 2019, 02:16:32) - [Clang 11.0.0 (clang-1100.0.33.8)], pyOpenSSL 19.1.0 (OpenSSL 1.1.1g  21 Apr 2020), cryptography 3.0, Platform Darwin-18.7.0-x86_64-i386-64bit]
[2020-09-06 14:32:09,543][MainThread:4713473472][task_id:scrapy.crawler][crawler.py:60][INFO][Overridden settings:
{'BOT_NAME': 'economic_scrapy',
 'DOWNLOAD_DELAY': 0.25,
 'NEWSPIDER_MODULE': 'economic_scrapy.spiders',
 'ROBOTSTXT_OBEY': True,
 'SPIDER_MODULES': ['economic_scrapy.spiders'],
 'USER_AGENT': 'Mozilla/5.0 (Macintosh; Intel Mac OS X 10_8_3) '
               'AppleWebKit/536.5 (KHTML, like Gecko) Chrome/19.0.1084.54 '
               'Safari/536.5'}]
[2020-09-06 14:32:09,575][MainThread:4713473472][task_id:scrapy.extensions.telnet][telnet.py:55][INFO][Telnet Password: 18190c4106800ad8]
[2020-09-06 14:32:09,618][MainThread:4713473472][task_id:scrapy.middleware][middleware.py:48][INFO][Enabled extensions:
['scrapy.extensions.corestats.CoreStats',
 'scrapy.extensions.telnet.TelnetConsole',
 'scrapy.extensions.memusage.MemoryUsage',
 'scrapy.extensions.logstats.LogStats']]
[2020-09-06 14:32:09,768][MainThread:4713473472][task_id:scrapy.middleware][middleware.py:48][INFO][Enabled downloader middlewares:
['scrapy.downloadermiddlewares.robotstxt.RobotsTxtMiddleware',
 'scrapy.downloadermiddlewares.httpauth.HttpAuthMiddleware',
 'scrapy.downloadermiddlewares.downloadtimeout.DownloadTimeoutMiddleware',
 'scrapy.downloadermiddlewares.defaultheaders.DefaultHeadersMiddleware',
 'scrapy.downloadermiddlewares.useragent.UserAgentMiddleware',
 'scrapy.downloadermiddlewares.retry.RetryMiddleware',
 'scrapy.downloadermiddlewares.redirect.MetaRefreshMiddleware',
 'scrapy.downloadermiddlewares.httpcompression.HttpCompressionMiddleware',
 'scrapy.downloadermiddlewares.redirect.RedirectMiddleware',
 'scrapy.downloadermiddlewares.cookies.CookiesMiddleware',
 'scrapy.downloadermiddlewares.httpproxy.HttpProxyMiddleware',
 'scrapy.downloadermiddlewares.stats.DownloaderStats']]
[2020-09-06 14:32:09,777][MainThread:4713473472][task_id:scrapy.middleware][middleware.py:48][INFO][Enabled spider middlewares:
['scrapy.spidermiddlewares.httperror.HttpErrorMiddleware',
 'scrapy.spidermiddlewares.offsite.OffsiteMiddleware',
 'scrapy.spidermiddlewares.referer.RefererMiddleware',
 'scrapy.spidermiddlewares.urllength.UrlLengthMiddleware',
 'scrapy.spidermiddlewares.depth.DepthMiddleware']]
[2020-09-06 14:32:09,825][MainThread:4713473472][task_id:scrapy.middleware][middleware.py:48][INFO][Enabled item pipelines:
['economic_scrapy.pipelines.MySQLPipeline']]
[2020-09-06 14:32:09,825][MainThread:4713473472][task_id:scrapy.core.engine][engine.py:267][INFO][Spider opened]
[2020-09-06 14:32:09,892][MainThread:4713473472][task_id:scrapy.extensions.logstats][logstats.py:48][INFO][Crawled 0 pages (at 0 pages/min), scraped 0 items (at 0 items/min)]
[2020-09-06 14:32:09,894][MainThread:4713473472][task_id:scrapy.extensions.telnet][telnet.py:69][INFO][Telnet console listening on 127.0.0.1:6023]
[2020-09-06 14:32:11,046][MainThread:4713473472][task_id:scrapy.core.engine][engine.py:304][INFO][Closing spider (finished)]
[2020-09-06 14:32:11,059][MainThread:4713473472][task_id:scrapy.statscollectors][statscollectors.py:47][INFO][Dumping Scrapy stats:
{'downloader/request_bytes': 706,
 'downloader/request_count': 2,
 'downloader/request_method_count/GET': 2,
 'downloader/response_bytes': 31234,
 'downloader/response_count': 2,
 'downloader/response_status_count/200': 1,
 'downloader/response_status_count/404': 1,
 'elapsed_time_seconds': 1.165752,
 'finish_reason': 'finished',
 'finish_time': datetime.datetime(2020, 9, 6, 6, 32, 11, 57590),
 'log_count/DEBUG': 3,
 'log_count/INFO': 10,
 'memusage/max': 75145216,
 'memusage/startup': 75141120,
 'response_received_count': 2,
 'robotstxt/request_count': 1,
 'robotstxt/response_count': 1,
 'robotstxt/response_status_count/404': 1,
 'scheduler/dequeued': 1,
 'scheduler/dequeued/memory': 1,
 'scheduler/enqueued': 1,
 'scheduler/enqueued/memory': 1,
 'start_time': datetime.datetime(2020, 9, 6, 6, 32, 9, 891838)}]
[2020-09-06 14:32:11,059][MainThread:4713473472][task_id:scrapy.core.engine][engine.py:335][INFO][Spider closed (finished)]
[2020-09-06 14:32:30,471][MainThread:4501235136][task_id:scrapy.utils.log][log.py:144][INFO][Scrapy 2.3.0 started (bot: economic_scrapy)]
[2020-09-06 14:32:30,491][MainThread:4501235136][task_id:scrapy.utils.log][log.py:150][INFO][Versions: lxml 4.5.2.0, libxml2 2.9.10, cssselect 1.1.0, parsel 1.6.0, w3lib 1.22.0, Twisted 20.3.0, Python 3.7.5 (default, Nov  1 2019, 02:16:32) - [Clang 11.0.0 (clang-1100.0.33.8)], pyOpenSSL 19.1.0 (OpenSSL 1.1.1g  21 Apr 2020), cryptography 3.0, Platform Darwin-18.7.0-x86_64-i386-64bit]
[2020-09-06 14:32:30,506][MainThread:4501235136][task_id:scrapy.crawler][crawler.py:60][INFO][Overridden settings:
{'BOT_NAME': 'economic_scrapy',
 'DOWNLOAD_DELAY': 0.25,
 'NEWSPIDER_MODULE': 'economic_scrapy.spiders',
 'ROBOTSTXT_OBEY': True,
 'SPIDER_MODULES': ['economic_scrapy.spiders'],
 'USER_AGENT': 'Mozilla/5.0 (Macintosh; Intel Mac OS X 10_8_3) '
               'AppleWebKit/536.5 (KHTML, like Gecko) Chrome/19.0.1084.54 '
               'Safari/536.5'}]
[2020-09-06 14:32:30,538][MainThread:4501235136][task_id:scrapy.extensions.telnet][telnet.py:55][INFO][Telnet Password: bc0379e0fc0a1e1a]
[2020-09-06 14:32:30,586][MainThread:4501235136][task_id:scrapy.middleware][middleware.py:48][INFO][Enabled extensions:
['scrapy.extensions.corestats.CoreStats',
 'scrapy.extensions.telnet.TelnetConsole',
 'scrapy.extensions.memusage.MemoryUsage',
 'scrapy.extensions.logstats.LogStats']]
[2020-09-06 14:32:30,734][MainThread:4501235136][task_id:scrapy.middleware][middleware.py:48][INFO][Enabled downloader middlewares:
['scrapy.downloadermiddlewares.robotstxt.RobotsTxtMiddleware',
 'scrapy.downloadermiddlewares.httpauth.HttpAuthMiddleware',
 'scrapy.downloadermiddlewares.downloadtimeout.DownloadTimeoutMiddleware',
 'scrapy.downloadermiddlewares.defaultheaders.DefaultHeadersMiddleware',
 'scrapy.downloadermiddlewares.useragent.UserAgentMiddleware',
 'scrapy.downloadermiddlewares.retry.RetryMiddleware',
 'scrapy.downloadermiddlewares.redirect.MetaRefreshMiddleware',
 'scrapy.downloadermiddlewares.httpcompression.HttpCompressionMiddleware',
 'scrapy.downloadermiddlewares.redirect.RedirectMiddleware',
 'scrapy.downloadermiddlewares.cookies.CookiesMiddleware',
 'scrapy.downloadermiddlewares.httpproxy.HttpProxyMiddleware',
 'scrapy.downloadermiddlewares.stats.DownloaderStats']]
[2020-09-06 14:32:30,744][MainThread:4501235136][task_id:scrapy.middleware][middleware.py:48][INFO][Enabled spider middlewares:
['scrapy.spidermiddlewares.httperror.HttpErrorMiddleware',
 'scrapy.spidermiddlewares.offsite.OffsiteMiddleware',
 'scrapy.spidermiddlewares.referer.RefererMiddleware',
 'scrapy.spidermiddlewares.urllength.UrlLengthMiddleware',
 'scrapy.spidermiddlewares.depth.DepthMiddleware']]
[2020-09-06 14:32:30,779][MainThread:4501235136][task_id:scrapy.middleware][middleware.py:48][INFO][Enabled item pipelines:
['economic_scrapy.pipelines.MySQLPipeline']]
[2020-09-06 14:32:30,780][MainThread:4501235136][task_id:scrapy.core.engine][engine.py:267][INFO][Spider opened]
[2020-09-06 14:32:30,838][MainThread:4501235136][task_id:scrapy.extensions.logstats][logstats.py:48][INFO][Crawled 0 pages (at 0 pages/min), scraped 0 items (at 0 items/min)]
[2020-09-06 14:32:30,840][MainThread:4501235136][task_id:scrapy.extensions.telnet][telnet.py:69][INFO][Telnet console listening on 127.0.0.1:6023]
[2020-09-06 14:32:31,922][MainThread:4501235136][task_id:scrapy.core.engine][engine.py:304][INFO][Closing spider (finished)]
[2020-09-06 14:32:31,933][MainThread:4501235136][task_id:scrapy.statscollectors][statscollectors.py:47][INFO][Dumping Scrapy stats:
{'downloader/request_bytes': 707,
 'downloader/request_count': 2,
 'downloader/request_method_count/GET': 2,
 'downloader/response_bytes': 31236,
 'downloader/response_count': 2,
 'downloader/response_status_count/200': 1,
 'downloader/response_status_count/404': 1,
 'elapsed_time_seconds': 1.094972,
 'finish_reason': 'finished',
 'finish_time': datetime.datetime(2020, 9, 6, 6, 32, 31, 932182),
 'log_count/DEBUG': 3,
 'log_count/INFO': 10,
 'memusage/max': 75214848,
 'memusage/startup': 75214848,
 'response_received_count': 2,
 'robotstxt/request_count': 1,
 'robotstxt/response_count': 1,
 'robotstxt/response_status_count/404': 1,
 'scheduler/dequeued': 1,
 'scheduler/dequeued/memory': 1,
 'scheduler/enqueued': 1,
 'scheduler/enqueued/memory': 1,
 'start_time': datetime.datetime(2020, 9, 6, 6, 32, 30, 837210)}]
[2020-09-06 14:32:31,933][MainThread:4501235136][task_id:scrapy.core.engine][engine.py:335][INFO][Spider closed (finished)]
[2020-09-06 14:34:14,503][MainThread:4756293056][task_id:scrapy.utils.log][log.py:144][INFO][Scrapy 2.3.0 started (bot: economic_scrapy)]
[2020-09-06 14:34:14,524][MainThread:4756293056][task_id:scrapy.utils.log][log.py:150][INFO][Versions: lxml 4.5.2.0, libxml2 2.9.10, cssselect 1.1.0, parsel 1.6.0, w3lib 1.22.0, Twisted 20.3.0, Python 3.7.5 (default, Nov  1 2019, 02:16:32) - [Clang 11.0.0 (clang-1100.0.33.8)], pyOpenSSL 19.1.0 (OpenSSL 1.1.1g  21 Apr 2020), cryptography 3.0, Platform Darwin-18.7.0-x86_64-i386-64bit]
[2020-09-06 14:34:14,540][MainThread:4756293056][task_id:scrapy.crawler][crawler.py:60][INFO][Overridden settings:
{'BOT_NAME': 'economic_scrapy',
 'DOWNLOAD_DELAY': 0.25,
 'NEWSPIDER_MODULE': 'economic_scrapy.spiders',
 'ROBOTSTXT_OBEY': True,
 'SPIDER_MODULES': ['economic_scrapy.spiders'],
 'USER_AGENT': 'Mozilla/5.0 (Macintosh; Intel Mac OS X 10_8_3) '
               'AppleWebKit/536.5 (KHTML, like Gecko) Chrome/19.0.1084.54 '
               'Safari/536.5'}]
[2020-09-06 14:34:14,580][MainThread:4756293056][task_id:scrapy.extensions.telnet][telnet.py:55][INFO][Telnet Password: ad1a80427515b452]
[2020-09-06 14:34:14,628][MainThread:4756293056][task_id:scrapy.middleware][middleware.py:48][INFO][Enabled extensions:
['scrapy.extensions.corestats.CoreStats',
 'scrapy.extensions.telnet.TelnetConsole',
 'scrapy.extensions.memusage.MemoryUsage',
 'scrapy.extensions.logstats.LogStats']]
[2020-09-06 14:34:14,808][MainThread:4756293056][task_id:scrapy.middleware][middleware.py:48][INFO][Enabled downloader middlewares:
['scrapy.downloadermiddlewares.robotstxt.RobotsTxtMiddleware',
 'scrapy.downloadermiddlewares.httpauth.HttpAuthMiddleware',
 'scrapy.downloadermiddlewares.downloadtimeout.DownloadTimeoutMiddleware',
 'scrapy.downloadermiddlewares.defaultheaders.DefaultHeadersMiddleware',
 'scrapy.downloadermiddlewares.useragent.UserAgentMiddleware',
 'scrapy.downloadermiddlewares.retry.RetryMiddleware',
 'scrapy.downloadermiddlewares.redirect.MetaRefreshMiddleware',
 'scrapy.downloadermiddlewares.httpcompression.HttpCompressionMiddleware',
 'scrapy.downloadermiddlewares.redirect.RedirectMiddleware',
 'scrapy.downloadermiddlewares.cookies.CookiesMiddleware',
 'scrapy.downloadermiddlewares.httpproxy.HttpProxyMiddleware',
 'scrapy.downloadermiddlewares.stats.DownloaderStats']]
[2020-09-06 14:34:14,817][MainThread:4756293056][task_id:scrapy.middleware][middleware.py:48][INFO][Enabled spider middlewares:
['scrapy.spidermiddlewares.httperror.HttpErrorMiddleware',
 'scrapy.spidermiddlewares.offsite.OffsiteMiddleware',
 'scrapy.spidermiddlewares.referer.RefererMiddleware',
 'scrapy.spidermiddlewares.urllength.UrlLengthMiddleware',
 'scrapy.spidermiddlewares.depth.DepthMiddleware']]
[2020-09-06 14:34:14,868][MainThread:4756293056][task_id:scrapy.middleware][middleware.py:48][INFO][Enabled item pipelines:
['economic_scrapy.pipelines.MySQLPipeline']]
[2020-09-06 14:34:14,869][MainThread:4756293056][task_id:scrapy.core.engine][engine.py:267][INFO][Spider opened]
[2020-09-06 14:35:01,606][MainThread:4756293056][task_id:scrapy.crawler][crawler.py:290][INFO][Received SIGINT, shutting down gracefully. Send again to force ]
[2020-09-06 14:35:09,379][MainThread:4527027648][task_id:scrapy.utils.log][log.py:144][INFO][Scrapy 2.3.0 started (bot: economic_scrapy)]
[2020-09-06 14:35:09,398][MainThread:4527027648][task_id:scrapy.utils.log][log.py:150][INFO][Versions: lxml 4.5.2.0, libxml2 2.9.10, cssselect 1.1.0, parsel 1.6.0, w3lib 1.22.0, Twisted 20.3.0, Python 3.7.5 (default, Nov  1 2019, 02:16:32) - [Clang 11.0.0 (clang-1100.0.33.8)], pyOpenSSL 19.1.0 (OpenSSL 1.1.1g  21 Apr 2020), cryptography 3.0, Platform Darwin-18.7.0-x86_64-i386-64bit]
[2020-09-06 14:35:09,414][MainThread:4527027648][task_id:scrapy.crawler][crawler.py:60][INFO][Overridden settings:
{'BOT_NAME': 'economic_scrapy',
 'DOWNLOAD_DELAY': 0.25,
 'NEWSPIDER_MODULE': 'economic_scrapy.spiders',
 'ROBOTSTXT_OBEY': True,
 'SPIDER_MODULES': ['economic_scrapy.spiders'],
 'USER_AGENT': 'Mozilla/5.0 (Macintosh; Intel Mac OS X 10_8_3) '
               'AppleWebKit/536.5 (KHTML, like Gecko) Chrome/19.0.1084.54 '
               'Safari/536.5'}]
[2020-09-06 14:35:09,456][MainThread:4527027648][task_id:scrapy.extensions.telnet][telnet.py:55][INFO][Telnet Password: 0f53c74679863498]
[2020-09-06 14:35:09,504][MainThread:4527027648][task_id:scrapy.middleware][middleware.py:48][INFO][Enabled extensions:
['scrapy.extensions.corestats.CoreStats',
 'scrapy.extensions.telnet.TelnetConsole',
 'scrapy.extensions.memusage.MemoryUsage',
 'scrapy.extensions.logstats.LogStats']]
[2020-09-06 14:35:09,668][MainThread:4527027648][task_id:scrapy.middleware][middleware.py:48][INFO][Enabled downloader middlewares:
['scrapy.downloadermiddlewares.robotstxt.RobotsTxtMiddleware',
 'scrapy.downloadermiddlewares.httpauth.HttpAuthMiddleware',
 'scrapy.downloadermiddlewares.downloadtimeout.DownloadTimeoutMiddleware',
 'scrapy.downloadermiddlewares.defaultheaders.DefaultHeadersMiddleware',
 'scrapy.downloadermiddlewares.useragent.UserAgentMiddleware',
 'scrapy.downloadermiddlewares.retry.RetryMiddleware',
 'scrapy.downloadermiddlewares.redirect.MetaRefreshMiddleware',
 'scrapy.downloadermiddlewares.httpcompression.HttpCompressionMiddleware',
 'scrapy.downloadermiddlewares.redirect.RedirectMiddleware',
 'scrapy.downloadermiddlewares.cookies.CookiesMiddleware',
 'scrapy.downloadermiddlewares.httpproxy.HttpProxyMiddleware',
 'scrapy.downloadermiddlewares.stats.DownloaderStats']]
[2020-09-06 14:35:09,677][MainThread:4527027648][task_id:scrapy.middleware][middleware.py:48][INFO][Enabled spider middlewares:
['scrapy.spidermiddlewares.httperror.HttpErrorMiddleware',
 'scrapy.spidermiddlewares.offsite.OffsiteMiddleware',
 'scrapy.spidermiddlewares.referer.RefererMiddleware',
 'scrapy.spidermiddlewares.urllength.UrlLengthMiddleware',
 'scrapy.spidermiddlewares.depth.DepthMiddleware']]
[2020-09-06 14:35:09,719][MainThread:4527027648][task_id:scrapy.middleware][middleware.py:48][INFO][Enabled item pipelines:
['economic_scrapy.pipelines.MySQLPipeline']]
[2020-09-06 14:35:09,719][MainThread:4527027648][task_id:scrapy.core.engine][engine.py:267][INFO][Spider opened]
[2020-09-06 14:35:09,774][MainThread:4527027648][task_id:scrapy.extensions.logstats][logstats.py:48][INFO][Crawled 0 pages (at 0 pages/min), scraped 0 items (at 0 items/min)]
[2020-09-06 14:35:09,777][MainThread:4527027648][task_id:scrapy.extensions.telnet][telnet.py:69][INFO][Telnet console listening on 127.0.0.1:6023]
[2020-09-06 14:35:10,869][MainThread:4527027648][task_id:scrapy.core.engine][engine.py:304][INFO][Closing spider (finished)]
[2020-09-06 14:35:10,880][MainThread:4527027648][task_id:scrapy.statscollectors][statscollectors.py:47][INFO][Dumping Scrapy stats:
{'downloader/request_bytes': 708,
 'downloader/request_count': 2,
 'downloader/request_method_count/GET': 2,
 'downloader/response_bytes': 31237,
 'downloader/response_count': 2,
 'downloader/response_status_count/200': 1,
 'downloader/response_status_count/404': 1,
 'elapsed_time_seconds': 1.104757,
 'finish_reason': 'finished',
 'finish_time': datetime.datetime(2020, 9, 6, 6, 35, 10, 878320),
 'log_count/DEBUG': 3,
 'log_count/INFO': 10,
 'memusage/max': 75304960,
 'memusage/startup': 75304960,
 'response_received_count': 2,
 'robotstxt/request_count': 1,
 'robotstxt/response_count': 1,
 'robotstxt/response_status_count/404': 1,
 'scheduler/dequeued': 1,
 'scheduler/dequeued/memory': 1,
 'scheduler/enqueued': 1,
 'scheduler/enqueued/memory': 1,
 'start_time': datetime.datetime(2020, 9, 6, 6, 35, 9, 773563)}]
[2020-09-06 14:35:10,880][MainThread:4527027648][task_id:scrapy.core.engine][engine.py:335][INFO][Spider closed (finished)]
[2020-09-06 14:35:30,099][MainThread:4768105920][task_id:scrapy.utils.log][log.py:144][INFO][Scrapy 2.3.0 started (bot: economic_scrapy)]
[2020-09-06 14:35:30,120][MainThread:4768105920][task_id:scrapy.utils.log][log.py:150][INFO][Versions: lxml 4.5.2.0, libxml2 2.9.10, cssselect 1.1.0, parsel 1.6.0, w3lib 1.22.0, Twisted 20.3.0, Python 3.7.5 (default, Nov  1 2019, 02:16:32) - [Clang 11.0.0 (clang-1100.0.33.8)], pyOpenSSL 19.1.0 (OpenSSL 1.1.1g  21 Apr 2020), cryptography 3.0, Platform Darwin-18.7.0-x86_64-i386-64bit]
[2020-09-06 14:35:30,135][MainThread:4768105920][task_id:scrapy.crawler][crawler.py:60][INFO][Overridden settings:
{'BOT_NAME': 'economic_scrapy',
 'DOWNLOAD_DELAY': 0.25,
 'NEWSPIDER_MODULE': 'economic_scrapy.spiders',
 'ROBOTSTXT_OBEY': True,
 'SPIDER_MODULES': ['economic_scrapy.spiders'],
 'USER_AGENT': 'Mozilla/5.0 (Macintosh; Intel Mac OS X 10_8_3) '
               'AppleWebKit/536.5 (KHTML, like Gecko) Chrome/19.0.1084.54 '
               'Safari/536.5'}]
[2020-09-06 14:35:30,168][MainThread:4768105920][task_id:scrapy.extensions.telnet][telnet.py:55][INFO][Telnet Password: 9c539fdb720b2917]
[2020-09-06 14:35:30,216][MainThread:4768105920][task_id:scrapy.middleware][middleware.py:48][INFO][Enabled extensions:
['scrapy.extensions.corestats.CoreStats',
 'scrapy.extensions.telnet.TelnetConsole',
 'scrapy.extensions.memusage.MemoryUsage',
 'scrapy.extensions.logstats.LogStats']]
[2020-09-06 14:35:30,367][MainThread:4768105920][task_id:scrapy.middleware][middleware.py:48][INFO][Enabled downloader middlewares:
['scrapy.downloadermiddlewares.robotstxt.RobotsTxtMiddleware',
 'scrapy.downloadermiddlewares.httpauth.HttpAuthMiddleware',
 'scrapy.downloadermiddlewares.downloadtimeout.DownloadTimeoutMiddleware',
 'scrapy.downloadermiddlewares.defaultheaders.DefaultHeadersMiddleware',
 'scrapy.downloadermiddlewares.useragent.UserAgentMiddleware',
 'scrapy.downloadermiddlewares.retry.RetryMiddleware',
 'scrapy.downloadermiddlewares.redirect.MetaRefreshMiddleware',
 'scrapy.downloadermiddlewares.httpcompression.HttpCompressionMiddleware',
 'scrapy.downloadermiddlewares.redirect.RedirectMiddleware',
 'scrapy.downloadermiddlewares.cookies.CookiesMiddleware',
 'scrapy.downloadermiddlewares.httpproxy.HttpProxyMiddleware',
 'scrapy.downloadermiddlewares.stats.DownloaderStats']]
[2020-09-06 14:35:30,379][MainThread:4768105920][task_id:scrapy.middleware][middleware.py:48][INFO][Enabled spider middlewares:
['scrapy.spidermiddlewares.httperror.HttpErrorMiddleware',
 'scrapy.spidermiddlewares.offsite.OffsiteMiddleware',
 'scrapy.spidermiddlewares.referer.RefererMiddleware',
 'scrapy.spidermiddlewares.urllength.UrlLengthMiddleware',
 'scrapy.spidermiddlewares.depth.DepthMiddleware']]
[2020-09-06 14:35:30,417][MainThread:4768105920][task_id:scrapy.middleware][middleware.py:48][INFO][Enabled item pipelines:
['economic_scrapy.pipelines.MySQLPipeline']]
[2020-09-06 14:35:30,418][MainThread:4768105920][task_id:scrapy.core.engine][engine.py:267][INFO][Spider opened]
[2020-09-06 14:35:30,471][MainThread:4768105920][task_id:scrapy.extensions.logstats][logstats.py:48][INFO][Crawled 0 pages (at 0 pages/min), scraped 0 items (at 0 items/min)]
[2020-09-06 14:35:30,473][MainThread:4768105920][task_id:scrapy.extensions.telnet][telnet.py:69][INFO][Telnet console listening on 127.0.0.1:6023]
[2020-09-06 14:35:31,542][MainThread:4768105920][task_id:scrapy.core.engine][engine.py:304][INFO][Closing spider (finished)]
[2020-09-06 14:35:31,554][MainThread:4768105920][task_id:scrapy.statscollectors][statscollectors.py:47][INFO][Dumping Scrapy stats:
{'downloader/request_bytes': 707,
 'downloader/request_count': 2,
 'downloader/request_method_count/GET': 2,
 'downloader/response_bytes': 31236,
 'downloader/response_count': 2,
 'downloader/response_status_count/200': 1,
 'downloader/response_status_count/404': 1,
 'elapsed_time_seconds': 1.08111,
 'finish_reason': 'finished',
 'finish_time': datetime.datetime(2020, 9, 6, 6, 35, 31, 551986),
 'log_count/DEBUG': 3,
 'log_count/INFO': 10,
 'memusage/max': 75546624,
 'memusage/startup': 75546624,
 'response_received_count': 2,
 'robotstxt/request_count': 1,
 'robotstxt/response_count': 1,
 'robotstxt/response_status_count/404': 1,
 'scheduler/dequeued': 1,
 'scheduler/dequeued/memory': 1,
 'scheduler/enqueued': 1,
 'scheduler/enqueued/memory': 1,
 'start_time': datetime.datetime(2020, 9, 6, 6, 35, 30, 470876)}]
[2020-09-06 14:35:31,554][MainThread:4768105920][task_id:scrapy.core.engine][engine.py:335][INFO][Spider closed (finished)]
[2020-09-06 14:36:22,794][MainThread:4508853696][task_id:scrapy.utils.log][log.py:144][INFO][Scrapy 2.3.0 started (bot: economic_scrapy)]
[2020-09-06 14:36:22,815][MainThread:4508853696][task_id:scrapy.utils.log][log.py:150][INFO][Versions: lxml 4.5.2.0, libxml2 2.9.10, cssselect 1.1.0, parsel 1.6.0, w3lib 1.22.0, Twisted 20.3.0, Python 3.7.5 (default, Nov  1 2019, 02:16:32) - [Clang 11.0.0 (clang-1100.0.33.8)], pyOpenSSL 19.1.0 (OpenSSL 1.1.1g  21 Apr 2020), cryptography 3.0, Platform Darwin-18.7.0-x86_64-i386-64bit]
[2020-09-06 14:36:22,830][MainThread:4508853696][task_id:scrapy.crawler][crawler.py:60][INFO][Overridden settings:
{'BOT_NAME': 'economic_scrapy',
 'DOWNLOAD_DELAY': 0.25,
 'NEWSPIDER_MODULE': 'economic_scrapy.spiders',
 'ROBOTSTXT_OBEY': True,
 'SPIDER_MODULES': ['economic_scrapy.spiders'],
 'USER_AGENT': 'Mozilla/5.0 (Macintosh; Intel Mac OS X 10_8_3) '
               'AppleWebKit/536.5 (KHTML, like Gecko) Chrome/19.0.1084.54 '
               'Safari/536.5'}]
[2020-09-06 14:36:22,871][MainThread:4508853696][task_id:scrapy.extensions.telnet][telnet.py:55][INFO][Telnet Password: f0cba797f2c64bad]
[2020-09-06 14:36:22,927][MainThread:4508853696][task_id:scrapy.middleware][middleware.py:48][INFO][Enabled extensions:
['scrapy.extensions.corestats.CoreStats',
 'scrapy.extensions.telnet.TelnetConsole',
 'scrapy.extensions.memusage.MemoryUsage',
 'scrapy.extensions.logstats.LogStats']]
[2020-09-06 14:36:23,133][MainThread:4508853696][task_id:scrapy.middleware][middleware.py:48][INFO][Enabled downloader middlewares:
['scrapy.downloadermiddlewares.robotstxt.RobotsTxtMiddleware',
 'scrapy.downloadermiddlewares.httpauth.HttpAuthMiddleware',
 'scrapy.downloadermiddlewares.downloadtimeout.DownloadTimeoutMiddleware',
 'scrapy.downloadermiddlewares.defaultheaders.DefaultHeadersMiddleware',
 'scrapy.downloadermiddlewares.useragent.UserAgentMiddleware',
 'scrapy.downloadermiddlewares.retry.RetryMiddleware',
 'scrapy.downloadermiddlewares.redirect.MetaRefreshMiddleware',
 'scrapy.downloadermiddlewares.httpcompression.HttpCompressionMiddleware',
 'scrapy.downloadermiddlewares.redirect.RedirectMiddleware',
 'scrapy.downloadermiddlewares.cookies.CookiesMiddleware',
 'scrapy.downloadermiddlewares.httpproxy.HttpProxyMiddleware',
 'scrapy.downloadermiddlewares.stats.DownloaderStats']]
[2020-09-06 14:36:23,143][MainThread:4508853696][task_id:scrapy.middleware][middleware.py:48][INFO][Enabled spider middlewares:
['scrapy.spidermiddlewares.httperror.HttpErrorMiddleware',
 'scrapy.spidermiddlewares.offsite.OffsiteMiddleware',
 'scrapy.spidermiddlewares.referer.RefererMiddleware',
 'scrapy.spidermiddlewares.urllength.UrlLengthMiddleware',
 'scrapy.spidermiddlewares.depth.DepthMiddleware']]
[2020-09-06 14:36:23,191][MainThread:4508853696][task_id:scrapy.middleware][middleware.py:48][INFO][Enabled item pipelines:
['economic_scrapy.pipelines.MySQLPipeline']]
[2020-09-06 14:36:23,191][MainThread:4508853696][task_id:scrapy.core.engine][engine.py:267][INFO][Spider opened]
[2020-09-06 14:36:23,256][MainThread:4508853696][task_id:scrapy.extensions.logstats][logstats.py:48][INFO][Crawled 0 pages (at 0 pages/min), scraped 0 items (at 0 items/min)]
[2020-09-06 14:36:23,259][MainThread:4508853696][task_id:scrapy.extensions.telnet][telnet.py:69][INFO][Telnet console listening on 127.0.0.1:6023]
[2020-09-06 14:37:03,145][MainThread:4508853696][task_id:scrapy.crawler][crawler.py:290][INFO][Received SIGINT, shutting down gracefully. Send again to force ]
[2020-09-06 14:37:21,674][MainThread:4625655232][task_id:scrapy.utils.log][log.py:144][INFO][Scrapy 2.3.0 started (bot: economic_scrapy)]
[2020-09-06 14:37:21,694][MainThread:4625655232][task_id:scrapy.utils.log][log.py:150][INFO][Versions: lxml 4.5.2.0, libxml2 2.9.10, cssselect 1.1.0, parsel 1.6.0, w3lib 1.22.0, Twisted 20.3.0, Python 3.7.5 (default, Nov  1 2019, 02:16:32) - [Clang 11.0.0 (clang-1100.0.33.8)], pyOpenSSL 19.1.0 (OpenSSL 1.1.1g  21 Apr 2020), cryptography 3.0, Platform Darwin-18.7.0-x86_64-i386-64bit]
[2020-09-06 14:37:21,710][MainThread:4625655232][task_id:scrapy.crawler][crawler.py:60][INFO][Overridden settings:
{'BOT_NAME': 'economic_scrapy',
 'DOWNLOAD_DELAY': 0.25,
 'NEWSPIDER_MODULE': 'economic_scrapy.spiders',
 'ROBOTSTXT_OBEY': True,
 'SPIDER_MODULES': ['economic_scrapy.spiders'],
 'USER_AGENT': 'Mozilla/5.0 (Macintosh; Intel Mac OS X 10_8_3) '
               'AppleWebKit/536.5 (KHTML, like Gecko) Chrome/19.0.1084.54 '
               'Safari/536.5'}]
[2020-09-06 14:37:21,744][MainThread:4625655232][task_id:scrapy.extensions.telnet][telnet.py:55][INFO][Telnet Password: 35928080d8a8cb32]
[2020-09-06 14:37:21,789][MainThread:4625655232][task_id:scrapy.middleware][middleware.py:48][INFO][Enabled extensions:
['scrapy.extensions.corestats.CoreStats',
 'scrapy.extensions.telnet.TelnetConsole',
 'scrapy.extensions.memusage.MemoryUsage',
 'scrapy.extensions.logstats.LogStats']]
[2020-09-06 14:37:21,922][MainThread:4625655232][task_id:scrapy.middleware][middleware.py:48][INFO][Enabled downloader middlewares:
['scrapy.downloadermiddlewares.robotstxt.RobotsTxtMiddleware',
 'scrapy.downloadermiddlewares.httpauth.HttpAuthMiddleware',
 'scrapy.downloadermiddlewares.downloadtimeout.DownloadTimeoutMiddleware',
 'scrapy.downloadermiddlewares.defaultheaders.DefaultHeadersMiddleware',
 'scrapy.downloadermiddlewares.useragent.UserAgentMiddleware',
 'scrapy.downloadermiddlewares.retry.RetryMiddleware',
 'scrapy.downloadermiddlewares.redirect.MetaRefreshMiddleware',
 'scrapy.downloadermiddlewares.httpcompression.HttpCompressionMiddleware',
 'scrapy.downloadermiddlewares.redirect.RedirectMiddleware',
 'scrapy.downloadermiddlewares.cookies.CookiesMiddleware',
 'scrapy.downloadermiddlewares.httpproxy.HttpProxyMiddleware',
 'scrapy.downloadermiddlewares.stats.DownloaderStats']]
[2020-09-06 14:37:21,931][MainThread:4625655232][task_id:scrapy.middleware][middleware.py:48][INFO][Enabled spider middlewares:
['scrapy.spidermiddlewares.httperror.HttpErrorMiddleware',
 'scrapy.spidermiddlewares.offsite.OffsiteMiddleware',
 'scrapy.spidermiddlewares.referer.RefererMiddleware',
 'scrapy.spidermiddlewares.urllength.UrlLengthMiddleware',
 'scrapy.spidermiddlewares.depth.DepthMiddleware']]
[2020-09-06 14:37:21,964][MainThread:4625655232][task_id:scrapy.middleware][middleware.py:48][INFO][Enabled item pipelines:
['economic_scrapy.pipelines.MySQLPipeline']]
[2020-09-06 14:37:21,965][MainThread:4625655232][task_id:scrapy.core.engine][engine.py:267][INFO][Spider opened]
[2020-09-06 14:37:22,023][MainThread:4625655232][task_id:scrapy.extensions.logstats][logstats.py:48][INFO][Crawled 0 pages (at 0 pages/min), scraped 0 items (at 0 items/min)]
[2020-09-06 14:37:22,025][MainThread:4625655232][task_id:scrapy.extensions.telnet][telnet.py:69][INFO][Telnet console listening on 127.0.0.1:6023]
[2020-09-06 14:37:56,601][MainThread:4625655232][task_id:scrapy.crawler][crawler.py:290][INFO][Received SIGINT, shutting down gracefully. Send again to force ]
[2020-09-06 14:38:01,989][MainThread:4637152704][task_id:scrapy.utils.log][log.py:144][INFO][Scrapy 2.3.0 started (bot: economic_scrapy)]
[2020-09-06 14:38:02,010][MainThread:4637152704][task_id:scrapy.utils.log][log.py:150][INFO][Versions: lxml 4.5.2.0, libxml2 2.9.10, cssselect 1.1.0, parsel 1.6.0, w3lib 1.22.0, Twisted 20.3.0, Python 3.7.5 (default, Nov  1 2019, 02:16:32) - [Clang 11.0.0 (clang-1100.0.33.8)], pyOpenSSL 19.1.0 (OpenSSL 1.1.1g  21 Apr 2020), cryptography 3.0, Platform Darwin-18.7.0-x86_64-i386-64bit]
[2020-09-06 14:38:02,027][MainThread:4637152704][task_id:scrapy.crawler][crawler.py:60][INFO][Overridden settings:
{'BOT_NAME': 'economic_scrapy',
 'DOWNLOAD_DELAY': 0.25,
 'NEWSPIDER_MODULE': 'economic_scrapy.spiders',
 'ROBOTSTXT_OBEY': True,
 'SPIDER_MODULES': ['economic_scrapy.spiders'],
 'USER_AGENT': 'Mozilla/5.0 (Macintosh; Intel Mac OS X 10_8_3) '
               'AppleWebKit/536.5 (KHTML, like Gecko) Chrome/19.0.1084.54 '
               'Safari/536.5'}]
[2020-09-06 14:38:02,052][MainThread:4637152704][task_id:scrapy.extensions.telnet][telnet.py:55][INFO][Telnet Password: c8fb777621012a95]
[2020-09-06 14:38:02,084][MainThread:4637152704][task_id:scrapy.middleware][middleware.py:48][INFO][Enabled extensions:
['scrapy.extensions.corestats.CoreStats',
 'scrapy.extensions.telnet.TelnetConsole',
 'scrapy.extensions.memusage.MemoryUsage',
 'scrapy.extensions.logstats.LogStats']]
[2020-09-06 14:38:02,188][MainThread:4637152704][task_id:scrapy.middleware][middleware.py:48][INFO][Enabled downloader middlewares:
['scrapy.downloadermiddlewares.robotstxt.RobotsTxtMiddleware',
 'scrapy.downloadermiddlewares.httpauth.HttpAuthMiddleware',
 'scrapy.downloadermiddlewares.downloadtimeout.DownloadTimeoutMiddleware',
 'scrapy.downloadermiddlewares.defaultheaders.DefaultHeadersMiddleware',
 'scrapy.downloadermiddlewares.useragent.UserAgentMiddleware',
 'scrapy.downloadermiddlewares.retry.RetryMiddleware',
 'scrapy.downloadermiddlewares.redirect.MetaRefreshMiddleware',
 'scrapy.downloadermiddlewares.httpcompression.HttpCompressionMiddleware',
 'scrapy.downloadermiddlewares.redirect.RedirectMiddleware',
 'scrapy.downloadermiddlewares.cookies.CookiesMiddleware',
 'scrapy.downloadermiddlewares.httpproxy.HttpProxyMiddleware',
 'scrapy.downloadermiddlewares.stats.DownloaderStats']]
[2020-09-06 14:38:02,196][MainThread:4637152704][task_id:scrapy.middleware][middleware.py:48][INFO][Enabled spider middlewares:
['scrapy.spidermiddlewares.httperror.HttpErrorMiddleware',
 'scrapy.spidermiddlewares.offsite.OffsiteMiddleware',
 'scrapy.spidermiddlewares.referer.RefererMiddleware',
 'scrapy.spidermiddlewares.urllength.UrlLengthMiddleware',
 'scrapy.spidermiddlewares.depth.DepthMiddleware']]
[2020-09-06 14:38:02,237][MainThread:4637152704][task_id:scrapy.middleware][middleware.py:48][INFO][Enabled item pipelines:
['economic_scrapy.pipelines.MySQLPipeline']]
[2020-09-06 14:38:02,238][MainThread:4637152704][task_id:scrapy.core.engine][engine.py:267][INFO][Spider opened]
[2020-09-06 14:38:02,291][MainThread:4637152704][task_id:scrapy.extensions.logstats][logstats.py:48][INFO][Crawled 0 pages (at 0 pages/min), scraped 0 items (at 0 items/min)]
[2020-09-06 14:38:02,294][MainThread:4637152704][task_id:scrapy.extensions.telnet][telnet.py:69][INFO][Telnet console listening on 127.0.0.1:6023]
[2020-09-06 14:41:36,908][MainThread:4637152704][task_id:scrapy.crawler][crawler.py:290][INFO][Received SIGINT, shutting down gracefully. Send again to force ]
[2020-09-06 14:41:41,793][MainThread:4585371072][task_id:scrapy.utils.log][log.py:144][INFO][Scrapy 2.3.0 started (bot: economic_scrapy)]
[2020-09-06 14:41:41,817][MainThread:4585371072][task_id:scrapy.utils.log][log.py:150][INFO][Versions: lxml 4.5.2.0, libxml2 2.9.10, cssselect 1.1.0, parsel 1.6.0, w3lib 1.22.0, Twisted 20.3.0, Python 3.7.5 (default, Nov  1 2019, 02:16:32) - [Clang 11.0.0 (clang-1100.0.33.8)], pyOpenSSL 19.1.0 (OpenSSL 1.1.1g  21 Apr 2020), cryptography 3.0, Platform Darwin-18.7.0-x86_64-i386-64bit]
[2020-09-06 14:41:41,833][MainThread:4585371072][task_id:scrapy.crawler][crawler.py:60][INFO][Overridden settings:
{'BOT_NAME': 'economic_scrapy',
 'DOWNLOAD_DELAY': 0.25,
 'NEWSPIDER_MODULE': 'economic_scrapy.spiders',
 'ROBOTSTXT_OBEY': True,
 'SPIDER_MODULES': ['economic_scrapy.spiders'],
 'USER_AGENT': 'Mozilla/5.0 (Macintosh; Intel Mac OS X 10_8_3) '
               'AppleWebKit/536.5 (KHTML, like Gecko) Chrome/19.0.1084.54 '
               'Safari/536.5'}]
[2020-09-06 14:41:41,868][MainThread:4585371072][task_id:scrapy.extensions.telnet][telnet.py:55][INFO][Telnet Password: 8adeb3e41452eef7]
[2020-09-06 14:41:41,911][MainThread:4585371072][task_id:scrapy.middleware][middleware.py:48][INFO][Enabled extensions:
['scrapy.extensions.corestats.CoreStats',
 'scrapy.extensions.telnet.TelnetConsole',
 'scrapy.extensions.memusage.MemoryUsage',
 'scrapy.extensions.logstats.LogStats']]
[2020-09-06 14:41:42,063][MainThread:4585371072][task_id:scrapy.middleware][middleware.py:48][INFO][Enabled downloader middlewares:
['scrapy.downloadermiddlewares.robotstxt.RobotsTxtMiddleware',
 'scrapy.downloadermiddlewares.httpauth.HttpAuthMiddleware',
 'scrapy.downloadermiddlewares.downloadtimeout.DownloadTimeoutMiddleware',
 'scrapy.downloadermiddlewares.defaultheaders.DefaultHeadersMiddleware',
 'scrapy.downloadermiddlewares.useragent.UserAgentMiddleware',
 'scrapy.downloadermiddlewares.retry.RetryMiddleware',
 'scrapy.downloadermiddlewares.redirect.MetaRefreshMiddleware',
 'scrapy.downloadermiddlewares.httpcompression.HttpCompressionMiddleware',
 'scrapy.downloadermiddlewares.redirect.RedirectMiddleware',
 'scrapy.downloadermiddlewares.cookies.CookiesMiddleware',
 'scrapy.downloadermiddlewares.httpproxy.HttpProxyMiddleware',
 'scrapy.downloadermiddlewares.stats.DownloaderStats']]
[2020-09-06 14:41:42,072][MainThread:4585371072][task_id:scrapy.middleware][middleware.py:48][INFO][Enabled spider middlewares:
['scrapy.spidermiddlewares.httperror.HttpErrorMiddleware',
 'scrapy.spidermiddlewares.offsite.OffsiteMiddleware',
 'scrapy.spidermiddlewares.referer.RefererMiddleware',
 'scrapy.spidermiddlewares.urllength.UrlLengthMiddleware',
 'scrapy.spidermiddlewares.depth.DepthMiddleware']]
[2020-09-06 14:41:42,106][MainThread:4585371072][task_id:scrapy.middleware][middleware.py:48][INFO][Enabled item pipelines:
['economic_scrapy.pipelines.MySQLPipeline']]
[2020-09-06 14:41:42,106][MainThread:4585371072][task_id:scrapy.core.engine][engine.py:267][INFO][Spider opened]
[2020-09-06 14:41:42,165][MainThread:4585371072][task_id:scrapy.extensions.logstats][logstats.py:48][INFO][Crawled 0 pages (at 0 pages/min), scraped 0 items (at 0 items/min)]
[2020-09-06 14:41:42,168][MainThread:4585371072][task_id:scrapy.extensions.telnet][telnet.py:69][INFO][Telnet console listening on 127.0.0.1:6023]
[2020-09-06 14:42:37,021][MainThread:4585371072][task_id:scrapy.crawler][crawler.py:290][INFO][Received SIGINT, shutting down gracefully. Send again to force ]
[2020-09-06 14:42:41,218][MainThread:4435994048][task_id:scrapy.utils.log][log.py:144][INFO][Scrapy 2.3.0 started (bot: economic_scrapy)]
[2020-09-06 14:42:41,239][MainThread:4435994048][task_id:scrapy.utils.log][log.py:150][INFO][Versions: lxml 4.5.2.0, libxml2 2.9.10, cssselect 1.1.0, parsel 1.6.0, w3lib 1.22.0, Twisted 20.3.0, Python 3.7.5 (default, Nov  1 2019, 02:16:32) - [Clang 11.0.0 (clang-1100.0.33.8)], pyOpenSSL 19.1.0 (OpenSSL 1.1.1g  21 Apr 2020), cryptography 3.0, Platform Darwin-18.7.0-x86_64-i386-64bit]
[2020-09-06 14:42:41,256][MainThread:4435994048][task_id:scrapy.crawler][crawler.py:60][INFO][Overridden settings:
{'BOT_NAME': 'economic_scrapy',
 'DOWNLOAD_DELAY': 0.25,
 'NEWSPIDER_MODULE': 'economic_scrapy.spiders',
 'ROBOTSTXT_OBEY': True,
 'SPIDER_MODULES': ['economic_scrapy.spiders'],
 'USER_AGENT': 'Mozilla/5.0 (Macintosh; Intel Mac OS X 10_8_3) '
               'AppleWebKit/536.5 (KHTML, like Gecko) Chrome/19.0.1084.54 '
               'Safari/536.5'}]
[2020-09-06 14:42:41,289][MainThread:4435994048][task_id:scrapy.extensions.telnet][telnet.py:55][INFO][Telnet Password: 043e9068e62a7b31]
[2020-09-06 14:42:41,332][MainThread:4435994048][task_id:scrapy.middleware][middleware.py:48][INFO][Enabled extensions:
['scrapy.extensions.corestats.CoreStats',
 'scrapy.extensions.telnet.TelnetConsole',
 'scrapy.extensions.memusage.MemoryUsage',
 'scrapy.extensions.logstats.LogStats']]
[2020-09-06 14:42:41,466][MainThread:4435994048][task_id:scrapy.middleware][middleware.py:48][INFO][Enabled downloader middlewares:
['scrapy.downloadermiddlewares.robotstxt.RobotsTxtMiddleware',
 'scrapy.downloadermiddlewares.httpauth.HttpAuthMiddleware',
 'scrapy.downloadermiddlewares.downloadtimeout.DownloadTimeoutMiddleware',
 'scrapy.downloadermiddlewares.defaultheaders.DefaultHeadersMiddleware',
 'scrapy.downloadermiddlewares.useragent.UserAgentMiddleware',
 'scrapy.downloadermiddlewares.retry.RetryMiddleware',
 'scrapy.downloadermiddlewares.redirect.MetaRefreshMiddleware',
 'scrapy.downloadermiddlewares.httpcompression.HttpCompressionMiddleware',
 'scrapy.downloadermiddlewares.redirect.RedirectMiddleware',
 'scrapy.downloadermiddlewares.cookies.CookiesMiddleware',
 'scrapy.downloadermiddlewares.httpproxy.HttpProxyMiddleware',
 'scrapy.downloadermiddlewares.stats.DownloaderStats']]
[2020-09-06 14:42:41,475][MainThread:4435994048][task_id:scrapy.middleware][middleware.py:48][INFO][Enabled spider middlewares:
['scrapy.spidermiddlewares.httperror.HttpErrorMiddleware',
 'scrapy.spidermiddlewares.offsite.OffsiteMiddleware',
 'scrapy.spidermiddlewares.referer.RefererMiddleware',
 'scrapy.spidermiddlewares.urllength.UrlLengthMiddleware',
 'scrapy.spidermiddlewares.depth.DepthMiddleware']]
[2020-09-06 14:42:41,508][MainThread:4435994048][task_id:scrapy.middleware][middleware.py:48][INFO][Enabled item pipelines:
['economic_scrapy.pipelines.MySQLPipeline']]
[2020-09-06 14:42:41,509][MainThread:4435994048][task_id:scrapy.core.engine][engine.py:267][INFO][Spider opened]
[2020-09-06 14:42:41,529][MainThread:4435994048][task_id:scrapy.extensions.logstats][logstats.py:48][INFO][Crawled 0 pages (at 0 pages/min), scraped 0 items (at 0 items/min)]
[2020-09-06 14:42:41,531][MainThread:4435994048][task_id:scrapy.extensions.telnet][telnet.py:69][INFO][Telnet console listening on 127.0.0.1:6023]
[2020-09-06 14:43:05,975][MainThread:4435994048][task_id:scrapy.crawler][crawler.py:290][INFO][Received SIGINT, shutting down gracefully. Send again to force ]
[2020-09-06 14:43:11,445][MainThread:4750116288][task_id:scrapy.utils.log][log.py:144][INFO][Scrapy 2.3.0 started (bot: economic_scrapy)]
[2020-09-06 14:43:11,465][MainThread:4750116288][task_id:scrapy.utils.log][log.py:150][INFO][Versions: lxml 4.5.2.0, libxml2 2.9.10, cssselect 1.1.0, parsel 1.6.0, w3lib 1.22.0, Twisted 20.3.0, Python 3.7.5 (default, Nov  1 2019, 02:16:32) - [Clang 11.0.0 (clang-1100.0.33.8)], pyOpenSSL 19.1.0 (OpenSSL 1.1.1g  21 Apr 2020), cryptography 3.0, Platform Darwin-18.7.0-x86_64-i386-64bit]
[2020-09-06 14:43:11,480][MainThread:4750116288][task_id:scrapy.crawler][crawler.py:60][INFO][Overridden settings:
{'BOT_NAME': 'economic_scrapy',
 'DOWNLOAD_DELAY': 0.25,
 'NEWSPIDER_MODULE': 'economic_scrapy.spiders',
 'ROBOTSTXT_OBEY': True,
 'SPIDER_MODULES': ['economic_scrapy.spiders'],
 'USER_AGENT': 'Mozilla/5.0 (Macintosh; Intel Mac OS X 10_8_3) '
               'AppleWebKit/536.5 (KHTML, like Gecko) Chrome/19.0.1084.54 '
               'Safari/536.5'}]
[2020-09-06 14:43:11,524][MainThread:4750116288][task_id:scrapy.extensions.telnet][telnet.py:55][INFO][Telnet Password: 03e49445f87395c9]
[2020-09-06 14:43:11,569][MainThread:4750116288][task_id:scrapy.middleware][middleware.py:48][INFO][Enabled extensions:
['scrapy.extensions.corestats.CoreStats',
 'scrapy.extensions.telnet.TelnetConsole',
 'scrapy.extensions.memusage.MemoryUsage',
 'scrapy.extensions.logstats.LogStats']]
[2020-09-06 14:43:11,733][MainThread:4750116288][task_id:scrapy.middleware][middleware.py:48][INFO][Enabled downloader middlewares:
['scrapy.downloadermiddlewares.robotstxt.RobotsTxtMiddleware',
 'scrapy.downloadermiddlewares.httpauth.HttpAuthMiddleware',
 'scrapy.downloadermiddlewares.downloadtimeout.DownloadTimeoutMiddleware',
 'scrapy.downloadermiddlewares.defaultheaders.DefaultHeadersMiddleware',
 'scrapy.downloadermiddlewares.useragent.UserAgentMiddleware',
 'scrapy.downloadermiddlewares.retry.RetryMiddleware',
 'scrapy.downloadermiddlewares.redirect.MetaRefreshMiddleware',
 'scrapy.downloadermiddlewares.httpcompression.HttpCompressionMiddleware',
 'scrapy.downloadermiddlewares.redirect.RedirectMiddleware',
 'scrapy.downloadermiddlewares.cookies.CookiesMiddleware',
 'scrapy.downloadermiddlewares.httpproxy.HttpProxyMiddleware',
 'scrapy.downloadermiddlewares.stats.DownloaderStats']]
[2020-09-06 14:43:11,742][MainThread:4750116288][task_id:scrapy.middleware][middleware.py:48][INFO][Enabled spider middlewares:
['scrapy.spidermiddlewares.httperror.HttpErrorMiddleware',
 'scrapy.spidermiddlewares.offsite.OffsiteMiddleware',
 'scrapy.spidermiddlewares.referer.RefererMiddleware',
 'scrapy.spidermiddlewares.urllength.UrlLengthMiddleware',
 'scrapy.spidermiddlewares.depth.DepthMiddleware']]
[2020-09-06 14:43:11,789][MainThread:4750116288][task_id:scrapy.middleware][middleware.py:48][INFO][Enabled item pipelines:
['economic_scrapy.pipelines.MySQLPipeline']]
[2020-09-06 14:43:11,790][MainThread:4750116288][task_id:scrapy.core.engine][engine.py:267][INFO][Spider opened]
[2020-09-06 14:43:11,849][MainThread:4750116288][task_id:scrapy.extensions.logstats][logstats.py:48][INFO][Crawled 0 pages (at 0 pages/min), scraped 0 items (at 0 items/min)]
[2020-09-06 14:43:11,852][MainThread:4750116288][task_id:scrapy.extensions.telnet][telnet.py:69][INFO][Telnet console listening on 127.0.0.1:6023]
[2020-09-06 14:43:47,027][MainThread:4595942848][task_id:scrapy.utils.log][log.py:146][INFO][Scrapy 1.5.1 started (bot: economic_scrapy)]
[2020-09-06 14:43:47,045][MainThread:4595942848][task_id:scrapy.utils.log][log.py:149][INFO][Versions: lxml 4.2.5.0, libxml2 2.9.8, cssselect 1.0.3, parsel 1.5.1, w3lib 1.19.0, Twisted 18.9.0, Python 3.7.5 (default, Nov  1 2019, 02:16:32) - [Clang 11.0.0 (clang-1100.0.33.8)], pyOpenSSL 18.0.0 (OpenSSL 1.1.0i  14 Aug 2018), cryptography 2.4.1, Platform Darwin-18.7.0-x86_64-i386-64bit]
[2020-09-06 14:43:47,050][MainThread:4595942848][task_id:scrapy.crawler][crawler.py:38][INFO][Overridden settings: {'BOT_NAME': 'economic_scrapy', 'DOWNLOAD_DELAY': 0.25, 'NEWSPIDER_MODULE': 'economic_scrapy.spiders', 'ROBOTSTXT_OBEY': True, 'SPIDER_MODULES': ['economic_scrapy.spiders'], 'USER_AGENT': 'Mozilla/5.0 (Macintosh; Intel Mac OS X 10_8_3) AppleWebKit/536.5 (KHTML, like Gecko) Chrome/19.0.1084.54 Safari/536.5'}]
[2020-09-06 14:43:47,095][MainThread:4595942848][task_id:scrapy.middleware][middleware.py:53][INFO][Enabled extensions:
['scrapy.extensions.corestats.CoreStats',
 'scrapy.extensions.telnet.TelnetConsole',
 'scrapy.extensions.memusage.MemoryUsage',
 'scrapy.extensions.logstats.LogStats']]
[2020-09-06 14:43:47,148][MainThread:4595942848][task_id:scrapy.middleware][middleware.py:53][INFO][Enabled downloader middlewares:
['scrapy.downloadermiddlewares.robotstxt.RobotsTxtMiddleware',
 'scrapy.downloadermiddlewares.httpauth.HttpAuthMiddleware',
 'scrapy.downloadermiddlewares.downloadtimeout.DownloadTimeoutMiddleware',
 'scrapy.downloadermiddlewares.defaultheaders.DefaultHeadersMiddleware',
 'scrapy.downloadermiddlewares.useragent.UserAgentMiddleware',
 'scrapy.downloadermiddlewares.retry.RetryMiddleware',
 'scrapy.downloadermiddlewares.redirect.MetaRefreshMiddleware',
 'scrapy.downloadermiddlewares.httpcompression.HttpCompressionMiddleware',
 'scrapy.downloadermiddlewares.redirect.RedirectMiddleware',
 'scrapy.downloadermiddlewares.cookies.CookiesMiddleware',
 'scrapy.downloadermiddlewares.httpproxy.HttpProxyMiddleware',
 'scrapy.downloadermiddlewares.stats.DownloaderStats']]
[2020-09-06 14:43:47,153][MainThread:4595942848][task_id:scrapy.middleware][middleware.py:53][INFO][Enabled spider middlewares:
['scrapy.spidermiddlewares.httperror.HttpErrorMiddleware',
 'scrapy.spidermiddlewares.offsite.OffsiteMiddleware',
 'scrapy.spidermiddlewares.referer.RefererMiddleware',
 'scrapy.spidermiddlewares.urllength.UrlLengthMiddleware',
 'scrapy.spidermiddlewares.depth.DepthMiddleware']]
[2020-09-06 14:43:47,184][MainThread:4595942848][task_id:scrapy.middleware][middleware.py:53][INFO][Enabled item pipelines:
['economic_scrapy.pipelines.MySQLPipeline']]
[2020-09-06 14:43:47,184][MainThread:4595942848][task_id:scrapy.core.engine][engine.py:256][INFO][Spider opened]
[2020-09-06 14:43:47,243][MainThread:4595942848][task_id:scrapy.extensions.logstats][logstats.py:48][INFO][Crawled 0 pages (at 0 pages/min), scraped 0 items (at 0 items/min)]
[2020-09-06 14:44:29,369][MainThread:4595942848][task_id:scrapy.crawler][crawler.py:258][INFO][Received SIGINT, shutting down gracefully. Send again to force ]
[2020-09-06 14:44:29,553][MainThread:4595942848][task_id:scrapy.crawler][crawler.py:265][INFO][Received SIGINT twice, forcing unclean shutdown]
[2020-09-06 14:44:41,766][MainThread:4418901440][task_id:scrapy.utils.log][log.py:146][INFO][Scrapy 1.5.1 started (bot: economic_scrapy)]
[2020-09-06 14:44:41,775][MainThread:4418901440][task_id:scrapy.utils.log][log.py:149][INFO][Versions: lxml 4.2.5.0, libxml2 2.9.8, cssselect 1.0.3, parsel 1.5.1, w3lib 1.19.0, Twisted 18.9.0, Python 3.7.5 (default, Nov  1 2019, 02:16:32) - [Clang 11.0.0 (clang-1100.0.33.8)], pyOpenSSL 18.0.0 (OpenSSL 1.1.0i  14 Aug 2018), cryptography 2.4.1, Platform Darwin-18.7.0-x86_64-i386-64bit]
[2020-09-06 14:44:41,781][MainThread:4418901440][task_id:scrapy.crawler][crawler.py:38][INFO][Overridden settings: {'BOT_NAME': 'economic_scrapy', 'DOWNLOAD_DELAY': 0.25, 'NEWSPIDER_MODULE': 'economic_scrapy.spiders', 'ROBOTSTXT_OBEY': True, 'SPIDER_MODULES': ['economic_scrapy.spiders'], 'USER_AGENT': 'Mozilla/5.0 (Macintosh; Intel Mac OS X 10_8_3) AppleWebKit/536.5 (KHTML, like Gecko) Chrome/19.0.1084.54 Safari/536.5'}]
[2020-09-06 14:44:41,829][MainThread:4418901440][task_id:scrapy.middleware][middleware.py:53][INFO][Enabled extensions:
['scrapy.extensions.corestats.CoreStats',
 'scrapy.extensions.telnet.TelnetConsole',
 'scrapy.extensions.memusage.MemoryUsage',
 'scrapy.extensions.logstats.LogStats']]
[2020-09-06 14:44:41,880][MainThread:4418901440][task_id:scrapy.middleware][middleware.py:53][INFO][Enabled downloader middlewares:
['scrapy.downloadermiddlewares.robotstxt.RobotsTxtMiddleware',
 'scrapy.downloadermiddlewares.httpauth.HttpAuthMiddleware',
 'scrapy.downloadermiddlewares.downloadtimeout.DownloadTimeoutMiddleware',
 'scrapy.downloadermiddlewares.defaultheaders.DefaultHeadersMiddleware',
 'scrapy.downloadermiddlewares.useragent.UserAgentMiddleware',
 'scrapy.downloadermiddlewares.retry.RetryMiddleware',
 'scrapy.downloadermiddlewares.redirect.MetaRefreshMiddleware',
 'scrapy.downloadermiddlewares.httpcompression.HttpCompressionMiddleware',
 'scrapy.downloadermiddlewares.redirect.RedirectMiddleware',
 'scrapy.downloadermiddlewares.cookies.CookiesMiddleware',
 'scrapy.downloadermiddlewares.httpproxy.HttpProxyMiddleware',
 'scrapy.downloadermiddlewares.stats.DownloaderStats']]
[2020-09-06 14:44:41,885][MainThread:4418901440][task_id:scrapy.middleware][middleware.py:53][INFO][Enabled spider middlewares:
['scrapy.spidermiddlewares.httperror.HttpErrorMiddleware',
 'scrapy.spidermiddlewares.offsite.OffsiteMiddleware',
 'scrapy.spidermiddlewares.referer.RefererMiddleware',
 'scrapy.spidermiddlewares.urllength.UrlLengthMiddleware',
 'scrapy.spidermiddlewares.depth.DepthMiddleware']]
[2020-09-06 14:44:41,903][MainThread:4418901440][task_id:scrapy.middleware][middleware.py:53][INFO][Enabled item pipelines:
['economic_scrapy.pipelines.MySQLPipeline']]
[2020-09-06 14:44:41,904][MainThread:4418901440][task_id:scrapy.core.engine][engine.py:256][INFO][Spider opened]
[2020-09-06 14:44:41,960][MainThread:4418901440][task_id:scrapy.extensions.logstats][logstats.py:48][INFO][Crawled 0 pages (at 0 pages/min), scraped 0 items (at 0 items/min)]
[2020-09-06 14:45:34,144][MainThread:4418901440][task_id:scrapy.core.scraper][scraper.py:234][ERROR][Error processing {'dbcode': 'hgyd', 'id': 'A01', 'isParent': True, 'name': '价格指数', 'pid': '', 'wdcode': 'zb', 'decode': '价格指数'}]
Traceback (most recent call last):
  File "/usr/local/lib/python3.7/site-packages/twisted/internet/defer.py", line 654, in _runCallbacks
    current.result = callback(current.result, *args, **kw)
  File "/Users/zhangshuai/Economic/economic_scrapy/economic_scrapy/pipelines.py", line 38, in process_item
    self.insert_db(item)
  File "/Users/zhangshuai/Economic/economic_scrapy/economic_scrapy/pipelines.py", line 55, in insert_db
    self.db_cur.execute(sql, values)
  File "/usr/local/lib/python3.7/site-packages/pymysql/cursors.py", line 163, in execute
    result = self._query(query)
  File "/usr/local/lib/python3.7/site-packages/pymysql/cursors.py", line 321, in _query
    conn.query(q)
  File "/usr/local/lib/python3.7/site-packages/pymysql/connections.py", line 505, in query
    self._affected_rows = self._read_query_result(unbuffered=unbuffered)
  File "/usr/local/lib/python3.7/site-packages/pymysql/connections.py", line 724, in _read_query_result
    result.read()
  File "/usr/local/lib/python3.7/site-packages/pymysql/connections.py", line 1069, in read
    first_packet = self.connection._read_packet()
  File "/usr/local/lib/python3.7/site-packages/pymysql/connections.py", line 676, in _read_packet
    packet.raise_for_error()
  File "/usr/local/lib/python3.7/site-packages/pymysql/protocol.py", line 223, in raise_for_error
    err.raise_mysql_exception(self._data)
  File "/usr/local/lib/python3.7/site-packages/pymysql/err.py", line 107, in raise_mysql_exception
    raise errorclass(errno, errval)
pymysql.err.OperationalError: (1205, 'Lock wait timeout exceeded; try restarting transaction')
[2020-09-06 14:46:01,026][MainThread:4418901440][task_id:scrapy.crawler][crawler.py:258][INFO][Received SIGINT, shutting down gracefully. Send again to force ]
[2020-09-06 14:46:01,229][MainThread:4418901440][task_id:scrapy.crawler][crawler.py:265][INFO][Received SIGINT twice, forcing unclean shutdown]
[2020-09-06 14:52:24,533][MainThread:4428723648][task_id:scrapy.utils.log][log.py:146][INFO][Scrapy 1.5.1 started (bot: economic_scrapy)]
[2020-09-06 14:52:24,546][MainThread:4428723648][task_id:scrapy.utils.log][log.py:149][INFO][Versions: lxml 4.2.5.0, libxml2 2.9.8, cssselect 1.0.3, parsel 1.5.1, w3lib 1.19.0, Twisted 18.9.0, Python 3.7.5 (default, Nov  1 2019, 02:16:32) - [Clang 11.0.0 (clang-1100.0.33.8)], pyOpenSSL 18.0.0 (OpenSSL 1.1.0i  14 Aug 2018), cryptography 2.4.1, Platform Darwin-18.7.0-x86_64-i386-64bit]
[2020-09-06 14:52:49,581][MainThread:4743058880][task_id:scrapy.utils.log][log.py:146][INFO][Scrapy 1.5.1 started (bot: economic_scrapy)]
[2020-09-06 14:52:49,592][MainThread:4743058880][task_id:scrapy.utils.log][log.py:149][INFO][Versions: lxml 4.2.5.0, libxml2 2.9.8, cssselect 1.0.3, parsel 1.5.1, w3lib 1.19.0, Twisted 18.9.0, Python 3.7.5 (default, Nov  1 2019, 02:16:32) - [Clang 11.0.0 (clang-1100.0.33.8)], pyOpenSSL 18.0.0 (OpenSSL 1.1.0i  14 Aug 2018), cryptography 2.4.1, Platform Darwin-18.7.0-x86_64-i386-64bit]
[2020-09-06 14:52:49,597][MainThread:4743058880][task_id:scrapy.crawler][crawler.py:38][INFO][Overridden settings: {'BOT_NAME': 'economic_scrapy', 'DOWNLOAD_DELAY': 0.25, 'NEWSPIDER_MODULE': 'economic_scrapy.spiders', 'ROBOTSTXT_OBEY': True, 'SPIDER_MODULES': ['economic_scrapy.spiders'], 'USER_AGENT': 'Mozilla/5.0 (Macintosh; Intel Mac OS X 10_8_3) AppleWebKit/536.5 (KHTML, like Gecko) Chrome/19.0.1084.54 Safari/536.5'}]
[2020-09-06 14:52:49,658][MainThread:4743058880][task_id:scrapy.middleware][middleware.py:53][INFO][Enabled extensions:
['scrapy.extensions.corestats.CoreStats',
 'scrapy.extensions.telnet.TelnetConsole',
 'scrapy.extensions.memusage.MemoryUsage',
 'scrapy.extensions.logstats.LogStats']]
[2020-09-06 14:52:49,750][MainThread:4743058880][task_id:scrapy.middleware][middleware.py:53][INFO][Enabled downloader middlewares:
['scrapy.downloadermiddlewares.robotstxt.RobotsTxtMiddleware',
 'scrapy.downloadermiddlewares.httpauth.HttpAuthMiddleware',
 'scrapy.downloadermiddlewares.downloadtimeout.DownloadTimeoutMiddleware',
 'scrapy.downloadermiddlewares.defaultheaders.DefaultHeadersMiddleware',
 'scrapy.downloadermiddlewares.useragent.UserAgentMiddleware',
 'scrapy.downloadermiddlewares.retry.RetryMiddleware',
 'scrapy.downloadermiddlewares.redirect.MetaRefreshMiddleware',
 'scrapy.downloadermiddlewares.httpcompression.HttpCompressionMiddleware',
 'scrapy.downloadermiddlewares.redirect.RedirectMiddleware',
 'scrapy.downloadermiddlewares.cookies.CookiesMiddleware',
 'scrapy.downloadermiddlewares.httpproxy.HttpProxyMiddleware',
 'scrapy.downloadermiddlewares.stats.DownloaderStats']]
[2020-09-06 14:52:49,756][MainThread:4743058880][task_id:scrapy.middleware][middleware.py:53][INFO][Enabled spider middlewares:
['scrapy.spidermiddlewares.httperror.HttpErrorMiddleware',
 'scrapy.spidermiddlewares.offsite.OffsiteMiddleware',
 'scrapy.spidermiddlewares.referer.RefererMiddleware',
 'scrapy.spidermiddlewares.urllength.UrlLengthMiddleware',
 'scrapy.spidermiddlewares.depth.DepthMiddleware']]
[2020-09-06 14:52:49,783][MainThread:4743058880][task_id:scrapy.middleware][middleware.py:53][INFO][Enabled item pipelines:
['economic_scrapy.pipelines.MySQLPipeline']]
[2020-09-06 14:52:49,784][MainThread:4743058880][task_id:scrapy.core.engine][engine.py:256][INFO][Spider opened]
[2020-09-06 14:52:49,849][MainThread:4743058880][task_id:scrapy.extensions.logstats][logstats.py:48][INFO][Crawled 0 pages (at 0 pages/min), scraped 0 items (at 0 items/min)]
[2020-09-06 14:53:54,655][MainThread:4743058880][task_id:scrapy.crawler][crawler.py:258][INFO][Received SIGINT, shutting down gracefully. Send again to force ]
[2020-09-06 14:53:55,215][MainThread:4743058880][task_id:scrapy.crawler][crawler.py:265][INFO][Received SIGINT twice, forcing unclean shutdown]
[2020-09-06 14:55:45,318][MainThread:4316177856][task_id:scrapy.utils.log][log.py:146][INFO][Scrapy 1.5.1 started (bot: economic_scrapy)]
[2020-09-06 14:55:45,327][MainThread:4316177856][task_id:scrapy.utils.log][log.py:149][INFO][Versions: lxml 4.2.5.0, libxml2 2.9.8, cssselect 1.0.3, parsel 1.5.1, w3lib 1.19.0, Twisted 18.9.0, Python 3.7.5 (default, Nov  1 2019, 02:16:32) - [Clang 11.0.0 (clang-1100.0.33.8)], pyOpenSSL 18.0.0 (OpenSSL 1.1.0i  14 Aug 2018), cryptography 2.4.1, Platform Darwin-18.7.0-x86_64-i386-64bit]
[2020-09-06 14:55:45,332][MainThread:4316177856][task_id:scrapy.crawler][crawler.py:38][INFO][Overridden settings: {'BOT_NAME': 'economic_scrapy', 'DOWNLOAD_DELAY': 0.25, 'NEWSPIDER_MODULE': 'economic_scrapy.spiders', 'ROBOTSTXT_OBEY': True, 'SPIDER_MODULES': ['economic_scrapy.spiders'], 'USER_AGENT': 'Mozilla/5.0 (Macintosh; Intel Mac OS X 10_8_3) AppleWebKit/536.5 (KHTML, like Gecko) Chrome/19.0.1084.54 Safari/536.5'}]
[2020-09-06 14:55:45,385][MainThread:4316177856][task_id:scrapy.middleware][middleware.py:53][INFO][Enabled extensions:
['scrapy.extensions.corestats.CoreStats',
 'scrapy.extensions.telnet.TelnetConsole',
 'scrapy.extensions.memusage.MemoryUsage',
 'scrapy.extensions.logstats.LogStats']]
[2020-09-06 14:55:45,441][MainThread:4316177856][task_id:scrapy.middleware][middleware.py:53][INFO][Enabled downloader middlewares:
['scrapy.downloadermiddlewares.robotstxt.RobotsTxtMiddleware',
 'scrapy.downloadermiddlewares.httpauth.HttpAuthMiddleware',
 'scrapy.downloadermiddlewares.downloadtimeout.DownloadTimeoutMiddleware',
 'scrapy.downloadermiddlewares.defaultheaders.DefaultHeadersMiddleware',
 'scrapy.downloadermiddlewares.useragent.UserAgentMiddleware',
 'scrapy.downloadermiddlewares.retry.RetryMiddleware',
 'scrapy.downloadermiddlewares.redirect.MetaRefreshMiddleware',
 'scrapy.downloadermiddlewares.httpcompression.HttpCompressionMiddleware',
 'scrapy.downloadermiddlewares.redirect.RedirectMiddleware',
 'scrapy.downloadermiddlewares.cookies.CookiesMiddleware',
 'scrapy.downloadermiddlewares.httpproxy.HttpProxyMiddleware',
 'scrapy.downloadermiddlewares.stats.DownloaderStats']]
[2020-09-06 14:55:45,447][MainThread:4316177856][task_id:scrapy.middleware][middleware.py:53][INFO][Enabled spider middlewares:
['scrapy.spidermiddlewares.httperror.HttpErrorMiddleware',
 'scrapy.spidermiddlewares.offsite.OffsiteMiddleware',
 'scrapy.spidermiddlewares.referer.RefererMiddleware',
 'scrapy.spidermiddlewares.urllength.UrlLengthMiddleware',
 'scrapy.spidermiddlewares.depth.DepthMiddleware']]
[2020-09-06 14:55:45,473][MainThread:4316177856][task_id:scrapy.middleware][middleware.py:53][INFO][Enabled item pipelines:
['economic_scrapy.pipelines.MySQLPipeline']]
[2020-09-06 14:55:45,473][MainThread:4316177856][task_id:scrapy.core.engine][engine.py:256][INFO][Spider opened]
[2020-09-06 14:55:45,538][MainThread:4316177856][task_id:scrapy.extensions.logstats][logstats.py:48][INFO][Crawled 0 pages (at 0 pages/min), scraped 0 items (at 0 items/min)]
[2020-09-06 14:55:47,636][MainThread:4316177856][task_id:scrapy.crawler][crawler.py:258][INFO][Received SIGINT, shutting down gracefully. Send again to force ]
[2020-09-06 14:55:47,637][MainThread:4316177856][task_id:scrapy.core.engine][engine.py:295][INFO][Closing spider (shutdown)]
[2020-09-06 14:55:47,832][MainThread:4316177856][task_id:scrapy.crawler][crawler.py:265][INFO][Received SIGINT twice, forcing unclean shutdown]
[2020-09-06 14:56:08,988][MainThread:4750116288][task_id:scrapy.crawler][crawler.py:290][INFO][Received SIGINT, shutting down gracefully. Send again to force ]
[2020-09-06 14:56:16,178][MainThread:4563420608][task_id:scrapy.utils.log][log.py:144][INFO][Scrapy 2.3.0 started (bot: economic_scrapy)]
[2020-09-06 14:56:16,203][MainThread:4563420608][task_id:scrapy.utils.log][log.py:150][INFO][Versions: lxml 4.5.2.0, libxml2 2.9.10, cssselect 1.1.0, parsel 1.6.0, w3lib 1.22.0, Twisted 20.3.0, Python 3.7.5 (default, Nov  1 2019, 02:16:32) - [Clang 11.0.0 (clang-1100.0.33.8)], pyOpenSSL 19.1.0 (OpenSSL 1.1.1g  21 Apr 2020), cryptography 3.0, Platform Darwin-18.7.0-x86_64-i386-64bit]
[2020-09-06 14:56:16,223][MainThread:4563420608][task_id:scrapy.crawler][crawler.py:60][INFO][Overridden settings:
{'BOT_NAME': 'economic_scrapy',
 'DOWNLOAD_DELAY': 0.25,
 'NEWSPIDER_MODULE': 'economic_scrapy.spiders',
 'ROBOTSTXT_OBEY': True,
 'SPIDER_MODULES': ['economic_scrapy.spiders'],
 'USER_AGENT': 'Mozilla/5.0 (Macintosh; Intel Mac OS X 10_8_3) '
               'AppleWebKit/536.5 (KHTML, like Gecko) Chrome/19.0.1084.54 '
               'Safari/536.5'}]
[2020-09-06 14:56:16,271][MainThread:4563420608][task_id:scrapy.extensions.telnet][telnet.py:55][INFO][Telnet Password: 0e12a9ce69fd7cff]
[2020-09-06 14:56:16,327][MainThread:4563420608][task_id:scrapy.middleware][middleware.py:48][INFO][Enabled extensions:
['scrapy.extensions.corestats.CoreStats',
 'scrapy.extensions.telnet.TelnetConsole',
 'scrapy.extensions.memusage.MemoryUsage',
 'scrapy.extensions.logstats.LogStats']]
[2020-09-06 14:56:16,528][MainThread:4563420608][task_id:scrapy.middleware][middleware.py:48][INFO][Enabled downloader middlewares:
['scrapy.downloadermiddlewares.robotstxt.RobotsTxtMiddleware',
 'scrapy.downloadermiddlewares.httpauth.HttpAuthMiddleware',
 'scrapy.downloadermiddlewares.downloadtimeout.DownloadTimeoutMiddleware',
 'scrapy.downloadermiddlewares.defaultheaders.DefaultHeadersMiddleware',
 'scrapy.downloadermiddlewares.useragent.UserAgentMiddleware',
 'scrapy.downloadermiddlewares.retry.RetryMiddleware',
 'scrapy.downloadermiddlewares.redirect.MetaRefreshMiddleware',
 'scrapy.downloadermiddlewares.httpcompression.HttpCompressionMiddleware',
 'scrapy.downloadermiddlewares.redirect.RedirectMiddleware',
 'scrapy.downloadermiddlewares.cookies.CookiesMiddleware',
 'scrapy.downloadermiddlewares.httpproxy.HttpProxyMiddleware',
 'scrapy.downloadermiddlewares.stats.DownloaderStats']]
[2020-09-06 14:56:16,538][MainThread:4563420608][task_id:scrapy.middleware][middleware.py:48][INFO][Enabled spider middlewares:
['scrapy.spidermiddlewares.httperror.HttpErrorMiddleware',
 'scrapy.spidermiddlewares.offsite.OffsiteMiddleware',
 'scrapy.spidermiddlewares.referer.RefererMiddleware',
 'scrapy.spidermiddlewares.urllength.UrlLengthMiddleware',
 'scrapy.spidermiddlewares.depth.DepthMiddleware']]
[2020-09-06 14:56:16,591][MainThread:4563420608][task_id:scrapy.middleware][middleware.py:48][INFO][Enabled item pipelines:
['economic_scrapy.pipelines.MySQLPipeline']]
[2020-09-06 14:56:16,592][MainThread:4563420608][task_id:scrapy.core.engine][engine.py:267][INFO][Spider opened]
[2020-09-06 14:56:16,656][MainThread:4563420608][task_id:scrapy.extensions.logstats][logstats.py:48][INFO][Crawled 0 pages (at 0 pages/min), scraped 0 items (at 0 items/min)]
[2020-09-06 14:56:16,658][MainThread:4563420608][task_id:scrapy.extensions.telnet][telnet.py:69][INFO][Telnet console listening on 127.0.0.1:6023]
[2020-09-06 14:56:22,922][MainThread:4563420608][task_id:scrapy.core.scraper][scraper.py:168][ERROR][Spider error processing <GET https://data.stats.gov.cn/easyquery.htm> (referer: None)]
Traceback (most recent call last):
  File "_pydevd_frame_eval/pydevd_frame_evaluator_darwin_37_64.pyx", line 95, in _pydevd_frame_eval.pydevd_frame_evaluator_darwin_37_64.get_bytecode_while_frame_eval
KeyError: '/Users/zhangshuai/Work/Code/LiveYu/Falcon/venv/lib/python3.7/site-packages/sqlalchemy/dialects/mysql/__init__.py'

During handling of the above exception, another exception occurred:

Traceback (most recent call last):
  File "/Users/zhangshuai/Work/Code/LiveYu/Falcon/venv/lib/python3.7/site-packages/sqlalchemy/engine/base.py", line 1246, in _execute_context
    cursor, statement, parameters, context
  File "/Users/zhangshuai/Work/Code/LiveYu/Falcon/venv/lib/python3.7/site-packages/sqlalchemy/engine/default.py", line 581, in do_execute
    cursor.execute(statement, parameters)
  File "/Users/zhangshuai/Work/Code/LiveYu/Falcon/venv/lib/python3.7/site-packages/pymysql/cursors.py", line 170, in execute
    result = self._query(query)
  File "/Users/zhangshuai/Work/Code/LiveYu/Falcon/venv/lib/python3.7/site-packages/pymysql/cursors.py", line 328, in _query
    conn.query(q)
  File "/Users/zhangshuai/Work/Code/LiveYu/Falcon/venv/lib/python3.7/site-packages/pymysql/connections.py", line 517, in query
    self._affected_rows = self._read_query_result(unbuffered=unbuffered)
  File "/Users/zhangshuai/Work/Code/LiveYu/Falcon/venv/lib/python3.7/site-packages/pymysql/connections.py", line 732, in _read_query_result
    result.read()
  File "/Users/zhangshuai/Work/Code/LiveYu/Falcon/venv/lib/python3.7/site-packages/pymysql/connections.py", line 1075, in read
    first_packet = self.connection._read_packet()
  File "/Users/zhangshuai/Work/Code/LiveYu/Falcon/venv/lib/python3.7/site-packages/pymysql/connections.py", line 684, in _read_packet
    packet.check_error()
  File "/Users/zhangshuai/Work/Code/LiveYu/Falcon/venv/lib/python3.7/site-packages/pymysql/protocol.py", line 220, in check_error
    err.raise_mysql_exception(self._data)
  File "/Users/zhangshuai/Work/Code/LiveYu/Falcon/venv/lib/python3.7/site-packages/pymysql/err.py", line 109, in raise_mysql_exception
    raise errorclass(errno, errval)
pymysql.err.ProgrammingError: (1146, "Table 'category_db.t_month_category' doesn't exist")

The above exception was the direct cause of the following exception:

Traceback (most recent call last):
  File "/Users/zhangshuai/Work/Code/LiveYu/Falcon/venv/lib/python3.7/site-packages/scrapy/utils/defer.py", line 120, in iter_errback
    yield next(it)
  File "/Users/zhangshuai/Work/Code/LiveYu/Falcon/venv/lib/python3.7/site-packages/scrapy/utils/python.py", line 347, in __next__
    return next(self.data)
  File "/Users/zhangshuai/Work/Code/LiveYu/Falcon/venv/lib/python3.7/site-packages/scrapy/utils/python.py", line 347, in __next__
    return next(self.data)
  File "/Users/zhangshuai/Work/Code/LiveYu/Falcon/venv/lib/python3.7/site-packages/scrapy/core/spidermw.py", line 64, in _evaluate_iterable
    for r in iterable:
  File "/Users/zhangshuai/Work/Code/LiveYu/Falcon/venv/lib/python3.7/site-packages/scrapy/spidermiddlewares/offsite.py", line 29, in process_spider_output
    for x in result:
  File "/Users/zhangshuai/Work/Code/LiveYu/Falcon/venv/lib/python3.7/site-packages/scrapy/core/spidermw.py", line 64, in _evaluate_iterable
    for r in iterable:
  File "/Users/zhangshuai/Work/Code/LiveYu/Falcon/venv/lib/python3.7/site-packages/scrapy/spidermiddlewares/referer.py", line 340, in <genexpr>
    return (_set_referer(r) for r in result or ())
  File "/Users/zhangshuai/Work/Code/LiveYu/Falcon/venv/lib/python3.7/site-packages/scrapy/core/spidermw.py", line 64, in _evaluate_iterable
    for r in iterable:
  File "/Users/zhangshuai/Work/Code/LiveYu/Falcon/venv/lib/python3.7/site-packages/scrapy/spidermiddlewares/urllength.py", line 37, in <genexpr>
    return (r for r in result or () if _filter(r))
  File "/Users/zhangshuai/Work/Code/LiveYu/Falcon/venv/lib/python3.7/site-packages/scrapy/core/spidermw.py", line 64, in _evaluate_iterable
    for r in iterable:
  File "/Users/zhangshuai/Work/Code/LiveYu/Falcon/venv/lib/python3.7/site-packages/scrapy/spidermiddlewares/depth.py", line 58, in <genexpr>
    return (r for r in result or () if _filter(r))
  File "/Users/zhangshuai/Work/Code/LiveYu/Falcon/venv/lib/python3.7/site-packages/scrapy/core/spidermw.py", line 64, in _evaluate_iterable
    for r in iterable:
  File "/Users/zhangshuai/Economic/economic_scrapy/economic_scrapy/spiders/govMonthDataList.py", line 26, in parse
    category_list = MonthCategoryDao.get_child_list()
  File "/Users/zhangshuai/Economic/economic_scrapy/economic_scrapy/db/month_category_db.py", line 73, in get_child_list
    .filter(cls.BO.isParent == '0') \
  File "/Users/zhangshuai/Work/Code/LiveYu/Falcon/venv/lib/python3.7/site-packages/sqlalchemy/orm/query.py", line 3211, in all
    return list(self)
  File "/Users/zhangshuai/Work/Code/LiveYu/Falcon/venv/lib/python3.7/site-packages/sqlalchemy/orm/query.py", line 3367, in __iter__
    return self._execute_and_instances(context)
  File "/Users/zhangshuai/Work/Code/LiveYu/Falcon/venv/lib/python3.7/site-packages/sqlalchemy/orm/query.py", line 3392, in _execute_and_instances
    result = conn.execute(querycontext.statement, self._params)
  File "/Users/zhangshuai/Work/Code/LiveYu/Falcon/venv/lib/python3.7/site-packages/sqlalchemy/engine/base.py", line 982, in execute
    return meth(self, multiparams, params)
  File "/Users/zhangshuai/Work/Code/LiveYu/Falcon/venv/lib/python3.7/site-packages/sqlalchemy/sql/elements.py", line 287, in _execute_on_connection
    return connection._execute_clauseelement(self, multiparams, params)
  File "/Users/zhangshuai/Work/Code/LiveYu/Falcon/venv/lib/python3.7/site-packages/sqlalchemy/engine/base.py", line 1101, in _execute_clauseelement
    distilled_params,
  File "/Users/zhangshuai/Work/Code/LiveYu/Falcon/venv/lib/python3.7/site-packages/sqlalchemy/engine/base.py", line 1250, in _execute_context
    e, statement, parameters, cursor, context
  File "/Users/zhangshuai/Work/Code/LiveYu/Falcon/venv/lib/python3.7/site-packages/sqlalchemy/engine/base.py", line 1476, in _handle_dbapi_exception
    util.raise_from_cause(sqlalchemy_exception, exc_info)
  File "/Users/zhangshuai/Work/Code/LiveYu/Falcon/venv/lib/python3.7/site-packages/sqlalchemy/util/compat.py", line 398, in raise_from_cause
    reraise(type(exception), exception, tb=exc_tb, cause=cause)
  File "/Users/zhangshuai/Work/Code/LiveYu/Falcon/venv/lib/python3.7/site-packages/sqlalchemy/util/compat.py", line 152, in reraise
    raise value.with_traceback(tb)
  File "/Users/zhangshuai/Work/Code/LiveYu/Falcon/venv/lib/python3.7/site-packages/sqlalchemy/engine/base.py", line 1246, in _execute_context
    cursor, statement, parameters, context
  File "/Users/zhangshuai/Work/Code/LiveYu/Falcon/venv/lib/python3.7/site-packages/sqlalchemy/engine/default.py", line 581, in do_execute
    cursor.execute(statement, parameters)
  File "/Users/zhangshuai/Work/Code/LiveYu/Falcon/venv/lib/python3.7/site-packages/pymysql/cursors.py", line 170, in execute
    result = self._query(query)
  File "/Users/zhangshuai/Work/Code/LiveYu/Falcon/venv/lib/python3.7/site-packages/pymysql/cursors.py", line 328, in _query
    conn.query(q)
  File "/Users/zhangshuai/Work/Code/LiveYu/Falcon/venv/lib/python3.7/site-packages/pymysql/connections.py", line 517, in query
    self._affected_rows = self._read_query_result(unbuffered=unbuffered)
  File "/Users/zhangshuai/Work/Code/LiveYu/Falcon/venv/lib/python3.7/site-packages/pymysql/connections.py", line 732, in _read_query_result
    result.read()
  File "/Users/zhangshuai/Work/Code/LiveYu/Falcon/venv/lib/python3.7/site-packages/pymysql/connections.py", line 1075, in read
    first_packet = self.connection._read_packet()
  File "/Users/zhangshuai/Work/Code/LiveYu/Falcon/venv/lib/python3.7/site-packages/pymysql/connections.py", line 684, in _read_packet
    packet.check_error()
  File "/Users/zhangshuai/Work/Code/LiveYu/Falcon/venv/lib/python3.7/site-packages/pymysql/protocol.py", line 220, in check_error
    err.raise_mysql_exception(self._data)
  File "/Users/zhangshuai/Work/Code/LiveYu/Falcon/venv/lib/python3.7/site-packages/pymysql/err.py", line 109, in raise_mysql_exception
    raise errorclass(errno, errval)
sqlalchemy.exc.ProgrammingError: (pymysql.err.ProgrammingError) (1146, "Table 'category_db.t_month_category' doesn't exist")
[SQL: SELECT t_month_category.id AS t_month_category_id, t_month_category.pid AS t_month_category_pid, t_month_category.wdcode AS t_month_category_wdcode, t_month_category.dbcode AS t_month_category_dbcode, t_month_category.`isParent` AS `t_month_category_isParent`, t_month_category.name AS t_month_category_name 
FROM t_month_category 
WHERE t_month_category.`isParent` = %(isParent_1)s]
[parameters: {'isParent_1': '0'}]
(Background on this error at: http://sqlalche.me/e/f405)
[2020-09-06 14:57:42,692][MainThread:4563420608][task_id:scrapy.crawler][crawler.py:290][INFO][Received SIGINT, shutting down gracefully. Send again to force ]
[2020-09-06 14:57:48,231][MainThread:4770944448][task_id:scrapy.utils.log][log.py:144][INFO][Scrapy 2.3.0 started (bot: economic_scrapy)]
[2020-09-06 14:57:48,263][MainThread:4770944448][task_id:scrapy.utils.log][log.py:150][INFO][Versions: lxml 4.5.2.0, libxml2 2.9.10, cssselect 1.1.0, parsel 1.6.0, w3lib 1.22.0, Twisted 20.3.0, Python 3.7.5 (default, Nov  1 2019, 02:16:32) - [Clang 11.0.0 (clang-1100.0.33.8)], pyOpenSSL 19.1.0 (OpenSSL 1.1.1g  21 Apr 2020), cryptography 3.0, Platform Darwin-18.7.0-x86_64-i386-64bit]
[2020-09-06 14:57:48,292][MainThread:4770944448][task_id:scrapy.crawler][crawler.py:60][INFO][Overridden settings:
{'BOT_NAME': 'economic_scrapy',
 'DOWNLOAD_DELAY': 0.25,
 'NEWSPIDER_MODULE': 'economic_scrapy.spiders',
 'ROBOTSTXT_OBEY': True,
 'SPIDER_MODULES': ['economic_scrapy.spiders'],
 'USER_AGENT': 'Mozilla/5.0 (Macintosh; Intel Mac OS X 10_8_3) '
               'AppleWebKit/536.5 (KHTML, like Gecko) Chrome/19.0.1084.54 '
               'Safari/536.5'}]
[2020-09-06 14:57:48,346][MainThread:4770944448][task_id:scrapy.extensions.telnet][telnet.py:55][INFO][Telnet Password: 3be3d98b2a0b0214]
[2020-09-06 14:57:48,415][MainThread:4770944448][task_id:scrapy.middleware][middleware.py:48][INFO][Enabled extensions:
['scrapy.extensions.corestats.CoreStats',
 'scrapy.extensions.telnet.TelnetConsole',
 'scrapy.extensions.memusage.MemoryUsage',
 'scrapy.extensions.logstats.LogStats']]
[2020-09-06 14:57:48,597][MainThread:4770944448][task_id:scrapy.middleware][middleware.py:48][INFO][Enabled downloader middlewares:
['scrapy.downloadermiddlewares.robotstxt.RobotsTxtMiddleware',
 'scrapy.downloadermiddlewares.httpauth.HttpAuthMiddleware',
 'scrapy.downloadermiddlewares.downloadtimeout.DownloadTimeoutMiddleware',
 'scrapy.downloadermiddlewares.defaultheaders.DefaultHeadersMiddleware',
 'scrapy.downloadermiddlewares.useragent.UserAgentMiddleware',
 'scrapy.downloadermiddlewares.retry.RetryMiddleware',
 'scrapy.downloadermiddlewares.redirect.MetaRefreshMiddleware',
 'scrapy.downloadermiddlewares.httpcompression.HttpCompressionMiddleware',
 'scrapy.downloadermiddlewares.redirect.RedirectMiddleware',
 'scrapy.downloadermiddlewares.cookies.CookiesMiddleware',
 'scrapy.downloadermiddlewares.httpproxy.HttpProxyMiddleware',
 'scrapy.downloadermiddlewares.stats.DownloaderStats']]
[2020-09-06 14:57:48,609][MainThread:4770944448][task_id:scrapy.middleware][middleware.py:48][INFO][Enabled spider middlewares:
['scrapy.spidermiddlewares.httperror.HttpErrorMiddleware',
 'scrapy.spidermiddlewares.offsite.OffsiteMiddleware',
 'scrapy.spidermiddlewares.referer.RefererMiddleware',
 'scrapy.spidermiddlewares.urllength.UrlLengthMiddleware',
 'scrapy.spidermiddlewares.depth.DepthMiddleware']]
[2020-09-06 14:57:48,663][MainThread:4770944448][task_id:scrapy.middleware][middleware.py:48][INFO][Enabled item pipelines:
['economic_scrapy.pipelines.MySQLPipeline']]
[2020-09-06 14:57:48,663][MainThread:4770944448][task_id:scrapy.core.engine][engine.py:267][INFO][Spider opened]
[2020-09-06 14:57:48,728][MainThread:4770944448][task_id:scrapy.extensions.logstats][logstats.py:48][INFO][Crawled 0 pages (at 0 pages/min), scraped 0 items (at 0 items/min)]
[2020-09-06 14:57:48,731][MainThread:4770944448][task_id:scrapy.extensions.telnet][telnet.py:69][INFO][Telnet console listening on 127.0.0.1:6023]
[2020-09-06 14:58:07,414][MainThread:4770944448][task_id:scrapy.core.scraper][scraper.py:168][ERROR][Spider error processing <GET https://data.stats.gov.cn/easyquery.htm> (referer: None)]
Traceback (most recent call last):
  File "_pydevd_frame_eval/pydevd_frame_evaluator_darwin_37_64.pyx", line 95, in _pydevd_frame_eval.pydevd_frame_evaluator_darwin_37_64.get_bytecode_while_frame_eval
KeyError: '/Users/zhangshuai/Work/Code/LiveYu/Falcon/venv/lib/python3.7/site-packages/sqlalchemy/dialects/mysql/__init__.py'

During handling of the above exception, another exception occurred:

Traceback (most recent call last):
  File "/Users/zhangshuai/Work/Code/LiveYu/Falcon/venv/lib/python3.7/site-packages/sqlalchemy/engine/base.py", line 1246, in _execute_context
    cursor, statement, parameters, context
  File "/Users/zhangshuai/Work/Code/LiveYu/Falcon/venv/lib/python3.7/site-packages/sqlalchemy/engine/default.py", line 581, in do_execute
    cursor.execute(statement, parameters)
  File "/Users/zhangshuai/Work/Code/LiveYu/Falcon/venv/lib/python3.7/site-packages/pymysql/cursors.py", line 170, in execute
    result = self._query(query)
  File "/Users/zhangshuai/Work/Code/LiveYu/Falcon/venv/lib/python3.7/site-packages/pymysql/cursors.py", line 328, in _query
    conn.query(q)
  File "/Users/zhangshuai/Work/Code/LiveYu/Falcon/venv/lib/python3.7/site-packages/pymysql/connections.py", line 517, in query
    self._affected_rows = self._read_query_result(unbuffered=unbuffered)
  File "/Users/zhangshuai/Work/Code/LiveYu/Falcon/venv/lib/python3.7/site-packages/pymysql/connections.py", line 732, in _read_query_result
    result.read()
  File "/Users/zhangshuai/Work/Code/LiveYu/Falcon/venv/lib/python3.7/site-packages/pymysql/connections.py", line 1075, in read
    first_packet = self.connection._read_packet()
  File "/Users/zhangshuai/Work/Code/LiveYu/Falcon/venv/lib/python3.7/site-packages/pymysql/connections.py", line 684, in _read_packet
    packet.check_error()
  File "/Users/zhangshuai/Work/Code/LiveYu/Falcon/venv/lib/python3.7/site-packages/pymysql/protocol.py", line 220, in check_error
    err.raise_mysql_exception(self._data)
  File "/Users/zhangshuai/Work/Code/LiveYu/Falcon/venv/lib/python3.7/site-packages/pymysql/err.py", line 109, in raise_mysql_exception
    raise errorclass(errno, errval)
pymysql.err.ProgrammingError: (1146, "Table 'category_db.t_month_category' doesn't exist")

The above exception was the direct cause of the following exception:

Traceback (most recent call last):
  File "/Users/zhangshuai/Work/Code/LiveYu/Falcon/venv/lib/python3.7/site-packages/scrapy/utils/defer.py", line 120, in iter_errback
    yield next(it)
  File "/Users/zhangshuai/Work/Code/LiveYu/Falcon/venv/lib/python3.7/site-packages/scrapy/utils/python.py", line 347, in __next__
    return next(self.data)
  File "/Users/zhangshuai/Work/Code/LiveYu/Falcon/venv/lib/python3.7/site-packages/scrapy/utils/python.py", line 347, in __next__
    return next(self.data)
  File "/Users/zhangshuai/Work/Code/LiveYu/Falcon/venv/lib/python3.7/site-packages/scrapy/core/spidermw.py", line 64, in _evaluate_iterable
    for r in iterable:
  File "/Users/zhangshuai/Work/Code/LiveYu/Falcon/venv/lib/python3.7/site-packages/scrapy/spidermiddlewares/offsite.py", line 29, in process_spider_output
    for x in result:
  File "/Users/zhangshuai/Work/Code/LiveYu/Falcon/venv/lib/python3.7/site-packages/scrapy/core/spidermw.py", line 64, in _evaluate_iterable
    for r in iterable:
  File "/Users/zhangshuai/Work/Code/LiveYu/Falcon/venv/lib/python3.7/site-packages/scrapy/spidermiddlewares/referer.py", line 340, in <genexpr>
    return (_set_referer(r) for r in result or ())
  File "/Users/zhangshuai/Work/Code/LiveYu/Falcon/venv/lib/python3.7/site-packages/scrapy/core/spidermw.py", line 64, in _evaluate_iterable
    for r in iterable:
  File "/Users/zhangshuai/Work/Code/LiveYu/Falcon/venv/lib/python3.7/site-packages/scrapy/spidermiddlewares/urllength.py", line 37, in <genexpr>
    return (r for r in result or () if _filter(r))
  File "/Users/zhangshuai/Work/Code/LiveYu/Falcon/venv/lib/python3.7/site-packages/scrapy/core/spidermw.py", line 64, in _evaluate_iterable
    for r in iterable:
  File "/Users/zhangshuai/Work/Code/LiveYu/Falcon/venv/lib/python3.7/site-packages/scrapy/spidermiddlewares/depth.py", line 58, in <genexpr>
    return (r for r in result or () if _filter(r))
  File "/Users/zhangshuai/Work/Code/LiveYu/Falcon/venv/lib/python3.7/site-packages/scrapy/core/spidermw.py", line 64, in _evaluate_iterable
    for r in iterable:
  File "/Users/zhangshuai/Economic/economic_scrapy/economic_scrapy/spiders/govMonthDataList.py", line 26, in parse
    category_list = MonthCategoryDao.get_child_list()
  File "/Users/zhangshuai/Economic/economic_scrapy/economic_scrapy/db/month_category_db.py", line 73, in get_child_list
    .filter(cls.BO.isParent == '0') \
  File "/Users/zhangshuai/Work/Code/LiveYu/Falcon/venv/lib/python3.7/site-packages/sqlalchemy/orm/query.py", line 3211, in all
    return list(self)
  File "/Users/zhangshuai/Work/Code/LiveYu/Falcon/venv/lib/python3.7/site-packages/sqlalchemy/orm/query.py", line 3367, in __iter__
    return self._execute_and_instances(context)
  File "/Users/zhangshuai/Work/Code/LiveYu/Falcon/venv/lib/python3.7/site-packages/sqlalchemy/orm/query.py", line 3392, in _execute_and_instances
    result = conn.execute(querycontext.statement, self._params)
  File "/Users/zhangshuai/Work/Code/LiveYu/Falcon/venv/lib/python3.7/site-packages/sqlalchemy/engine/base.py", line 982, in execute
    return meth(self, multiparams, params)
  File "/Users/zhangshuai/Work/Code/LiveYu/Falcon/venv/lib/python3.7/site-packages/sqlalchemy/sql/elements.py", line 287, in _execute_on_connection
    return connection._execute_clauseelement(self, multiparams, params)
  File "/Users/zhangshuai/Work/Code/LiveYu/Falcon/venv/lib/python3.7/site-packages/sqlalchemy/engine/base.py", line 1101, in _execute_clauseelement
    distilled_params,
  File "/Users/zhangshuai/Work/Code/LiveYu/Falcon/venv/lib/python3.7/site-packages/sqlalchemy/engine/base.py", line 1250, in _execute_context
    e, statement, parameters, cursor, context
  File "/Users/zhangshuai/Work/Code/LiveYu/Falcon/venv/lib/python3.7/site-packages/sqlalchemy/engine/base.py", line 1476, in _handle_dbapi_exception
    util.raise_from_cause(sqlalchemy_exception, exc_info)
  File "/Users/zhangshuai/Work/Code/LiveYu/Falcon/venv/lib/python3.7/site-packages/sqlalchemy/util/compat.py", line 398, in raise_from_cause
    reraise(type(exception), exception, tb=exc_tb, cause=cause)
  File "/Users/zhangshuai/Work/Code/LiveYu/Falcon/venv/lib/python3.7/site-packages/sqlalchemy/util/compat.py", line 152, in reraise
    raise value.with_traceback(tb)
  File "/Users/zhangshuai/Work/Code/LiveYu/Falcon/venv/lib/python3.7/site-packages/sqlalchemy/engine/base.py", line 1246, in _execute_context
    cursor, statement, parameters, context
  File "/Users/zhangshuai/Work/Code/LiveYu/Falcon/venv/lib/python3.7/site-packages/sqlalchemy/engine/default.py", line 581, in do_execute
    cursor.execute(statement, parameters)
  File "/Users/zhangshuai/Work/Code/LiveYu/Falcon/venv/lib/python3.7/site-packages/pymysql/cursors.py", line 170, in execute
    result = self._query(query)
  File "/Users/zhangshuai/Work/Code/LiveYu/Falcon/venv/lib/python3.7/site-packages/pymysql/cursors.py", line 328, in _query
    conn.query(q)
  File "/Users/zhangshuai/Work/Code/LiveYu/Falcon/venv/lib/python3.7/site-packages/pymysql/connections.py", line 517, in query
    self._affected_rows = self._read_query_result(unbuffered=unbuffered)
  File "/Users/zhangshuai/Work/Code/LiveYu/Falcon/venv/lib/python3.7/site-packages/pymysql/connections.py", line 732, in _read_query_result
    result.read()
  File "/Users/zhangshuai/Work/Code/LiveYu/Falcon/venv/lib/python3.7/site-packages/pymysql/connections.py", line 1075, in read
    first_packet = self.connection._read_packet()
  File "/Users/zhangshuai/Work/Code/LiveYu/Falcon/venv/lib/python3.7/site-packages/pymysql/connections.py", line 684, in _read_packet
    packet.check_error()
  File "/Users/zhangshuai/Work/Code/LiveYu/Falcon/venv/lib/python3.7/site-packages/pymysql/protocol.py", line 220, in check_error
    err.raise_mysql_exception(self._data)
  File "/Users/zhangshuai/Work/Code/LiveYu/Falcon/venv/lib/python3.7/site-packages/pymysql/err.py", line 109, in raise_mysql_exception
    raise errorclass(errno, errval)
sqlalchemy.exc.ProgrammingError: (pymysql.err.ProgrammingError) (1146, "Table 'category_db.t_month_category' doesn't exist")
[SQL: SELECT t_month_category.id AS t_month_category_id, t_month_category.pid AS t_month_category_pid, t_month_category.wdcode AS t_month_category_wdcode, t_month_category.dbcode AS t_month_category_dbcode, t_month_category.`isParent` AS `t_month_category_isParent`, t_month_category.name AS t_month_category_name 
FROM t_month_category 
WHERE t_month_category.`isParent` = %(isParent_1)s]
[parameters: {'isParent_1': '0'}]
(Background on this error at: http://sqlalche.me/e/f405)
[2020-09-06 14:58:33,496][MainThread:4774512064][task_id:scrapy.utils.log][log.py:144][INFO][Scrapy 2.3.0 started (bot: economic_scrapy)]
[2020-09-06 14:58:33,516][MainThread:4774512064][task_id:scrapy.utils.log][log.py:150][INFO][Versions: lxml 4.5.2.0, libxml2 2.9.10, cssselect 1.1.0, parsel 1.6.0, w3lib 1.22.0, Twisted 20.3.0, Python 3.7.5 (default, Nov  1 2019, 02:16:32) - [Clang 11.0.0 (clang-1100.0.33.8)], pyOpenSSL 19.1.0 (OpenSSL 1.1.1g  21 Apr 2020), cryptography 3.0, Platform Darwin-18.7.0-x86_64-i386-64bit]
[2020-09-06 14:58:33,532][MainThread:4774512064][task_id:scrapy.crawler][crawler.py:60][INFO][Overridden settings:
{'BOT_NAME': 'economic_scrapy',
 'DOWNLOAD_DELAY': 0.25,
 'NEWSPIDER_MODULE': 'economic_scrapy.spiders',
 'ROBOTSTXT_OBEY': True,
 'SPIDER_MODULES': ['economic_scrapy.spiders'],
 'USER_AGENT': 'Mozilla/5.0 (Macintosh; Intel Mac OS X 10_8_3) '
               'AppleWebKit/536.5 (KHTML, like Gecko) Chrome/19.0.1084.54 '
               'Safari/536.5'}]
[2020-09-06 14:58:33,582][MainThread:4774512064][task_id:scrapy.extensions.telnet][telnet.py:55][INFO][Telnet Password: 1eebf1de4d7d2061]
[2020-09-06 14:58:33,631][MainThread:4774512064][task_id:scrapy.middleware][middleware.py:48][INFO][Enabled extensions:
['scrapy.extensions.corestats.CoreStats',
 'scrapy.extensions.telnet.TelnetConsole',
 'scrapy.extensions.memusage.MemoryUsage',
 'scrapy.extensions.logstats.LogStats']]
[2020-09-06 14:58:33,806][MainThread:4774512064][task_id:scrapy.middleware][middleware.py:48][INFO][Enabled downloader middlewares:
['scrapy.downloadermiddlewares.robotstxt.RobotsTxtMiddleware',
 'scrapy.downloadermiddlewares.httpauth.HttpAuthMiddleware',
 'scrapy.downloadermiddlewares.downloadtimeout.DownloadTimeoutMiddleware',
 'scrapy.downloadermiddlewares.defaultheaders.DefaultHeadersMiddleware',
 'scrapy.downloadermiddlewares.useragent.UserAgentMiddleware',
 'scrapy.downloadermiddlewares.retry.RetryMiddleware',
 'scrapy.downloadermiddlewares.redirect.MetaRefreshMiddleware',
 'scrapy.downloadermiddlewares.httpcompression.HttpCompressionMiddleware',
 'scrapy.downloadermiddlewares.redirect.RedirectMiddleware',
 'scrapy.downloadermiddlewares.cookies.CookiesMiddleware',
 'scrapy.downloadermiddlewares.httpproxy.HttpProxyMiddleware',
 'scrapy.downloadermiddlewares.stats.DownloaderStats']]
[2020-09-06 14:58:33,815][MainThread:4774512064][task_id:scrapy.middleware][middleware.py:48][INFO][Enabled spider middlewares:
['scrapy.spidermiddlewares.httperror.HttpErrorMiddleware',
 'scrapy.spidermiddlewares.offsite.OffsiteMiddleware',
 'scrapy.spidermiddlewares.referer.RefererMiddleware',
 'scrapy.spidermiddlewares.urllength.UrlLengthMiddleware',
 'scrapy.spidermiddlewares.depth.DepthMiddleware']]
[2020-09-06 14:58:33,862][MainThread:4774512064][task_id:scrapy.middleware][middleware.py:48][INFO][Enabled item pipelines:
['economic_scrapy.pipelines.MySQLPipeline']]
[2020-09-06 14:58:33,862][MainThread:4774512064][task_id:scrapy.core.engine][engine.py:267][INFO][Spider opened]
[2020-09-06 14:58:33,921][MainThread:4774512064][task_id:scrapy.extensions.logstats][logstats.py:48][INFO][Crawled 0 pages (at 0 pages/min), scraped 0 items (at 0 items/min)]
[2020-09-06 14:58:33,923][MainThread:4774512064][task_id:scrapy.extensions.telnet][telnet.py:69][INFO][Telnet console listening on 127.0.0.1:6023]
[2020-09-06 14:58:38,385][MainThread:4774512064][task_id:scrapy.core.scraper][scraper.py:168][ERROR][Spider error processing <GET https://data.stats.gov.cn/easyquery.htm> (referer: None)]
Traceback (most recent call last):
  File "_pydevd_frame_eval/pydevd_frame_evaluator_darwin_37_64.pyx", line 95, in _pydevd_frame_eval.pydevd_frame_evaluator_darwin_37_64.get_bytecode_while_frame_eval
KeyError: '/Users/zhangshuai/Work/Code/LiveYu/Falcon/venv/lib/python3.7/site-packages/sqlalchemy/dialects/mysql/__init__.py'

During handling of the above exception, another exception occurred:

Traceback (most recent call last):
  File "/Users/zhangshuai/Work/Code/LiveYu/Falcon/venv/lib/python3.7/site-packages/sqlalchemy/engine/base.py", line 1246, in _execute_context
    cursor, statement, parameters, context
  File "/Users/zhangshuai/Work/Code/LiveYu/Falcon/venv/lib/python3.7/site-packages/sqlalchemy/engine/default.py", line 581, in do_execute
    cursor.execute(statement, parameters)
  File "/Users/zhangshuai/Work/Code/LiveYu/Falcon/venv/lib/python3.7/site-packages/pymysql/cursors.py", line 170, in execute
    result = self._query(query)
  File "/Users/zhangshuai/Work/Code/LiveYu/Falcon/venv/lib/python3.7/site-packages/pymysql/cursors.py", line 328, in _query
    conn.query(q)
  File "/Users/zhangshuai/Work/Code/LiveYu/Falcon/venv/lib/python3.7/site-packages/pymysql/connections.py", line 517, in query
    self._affected_rows = self._read_query_result(unbuffered=unbuffered)
  File "/Users/zhangshuai/Work/Code/LiveYu/Falcon/venv/lib/python3.7/site-packages/pymysql/connections.py", line 732, in _read_query_result
    result.read()
  File "/Users/zhangshuai/Work/Code/LiveYu/Falcon/venv/lib/python3.7/site-packages/pymysql/connections.py", line 1075, in read
    first_packet = self.connection._read_packet()
  File "/Users/zhangshuai/Work/Code/LiveYu/Falcon/venv/lib/python3.7/site-packages/pymysql/connections.py", line 684, in _read_packet
    packet.check_error()
  File "/Users/zhangshuai/Work/Code/LiveYu/Falcon/venv/lib/python3.7/site-packages/pymysql/protocol.py", line 220, in check_error
    err.raise_mysql_exception(self._data)
  File "/Users/zhangshuai/Work/Code/LiveYu/Falcon/venv/lib/python3.7/site-packages/pymysql/err.py", line 109, in raise_mysql_exception
    raise errorclass(errno, errval)
pymysql.err.ProgrammingError: (1146, "Table 'category_db.t_month_category' doesn't exist")

The above exception was the direct cause of the following exception:

Traceback (most recent call last):
  File "/Users/zhangshuai/Work/Code/LiveYu/Falcon/venv/lib/python3.7/site-packages/scrapy/utils/defer.py", line 120, in iter_errback
    yield next(it)
  File "/Users/zhangshuai/Work/Code/LiveYu/Falcon/venv/lib/python3.7/site-packages/scrapy/utils/python.py", line 347, in __next__
    return next(self.data)
  File "/Users/zhangshuai/Work/Code/LiveYu/Falcon/venv/lib/python3.7/site-packages/scrapy/utils/python.py", line 347, in __next__
    return next(self.data)
  File "/Users/zhangshuai/Work/Code/LiveYu/Falcon/venv/lib/python3.7/site-packages/scrapy/core/spidermw.py", line 64, in _evaluate_iterable
    for r in iterable:
  File "/Users/zhangshuai/Work/Code/LiveYu/Falcon/venv/lib/python3.7/site-packages/scrapy/spidermiddlewares/offsite.py", line 29, in process_spider_output
    for x in result:
  File "/Users/zhangshuai/Work/Code/LiveYu/Falcon/venv/lib/python3.7/site-packages/scrapy/core/spidermw.py", line 64, in _evaluate_iterable
    for r in iterable:
  File "/Users/zhangshuai/Work/Code/LiveYu/Falcon/venv/lib/python3.7/site-packages/scrapy/spidermiddlewares/referer.py", line 340, in <genexpr>
    return (_set_referer(r) for r in result or ())
  File "/Users/zhangshuai/Work/Code/LiveYu/Falcon/venv/lib/python3.7/site-packages/scrapy/core/spidermw.py", line 64, in _evaluate_iterable
    for r in iterable:
  File "/Users/zhangshuai/Work/Code/LiveYu/Falcon/venv/lib/python3.7/site-packages/scrapy/spidermiddlewares/urllength.py", line 37, in <genexpr>
    return (r for r in result or () if _filter(r))
  File "/Users/zhangshuai/Work/Code/LiveYu/Falcon/venv/lib/python3.7/site-packages/scrapy/core/spidermw.py", line 64, in _evaluate_iterable
    for r in iterable:
  File "/Users/zhangshuai/Work/Code/LiveYu/Falcon/venv/lib/python3.7/site-packages/scrapy/spidermiddlewares/depth.py", line 58, in <genexpr>
    return (r for r in result or () if _filter(r))
  File "/Users/zhangshuai/Work/Code/LiveYu/Falcon/venv/lib/python3.7/site-packages/scrapy/core/spidermw.py", line 64, in _evaluate_iterable
    for r in iterable:
  File "/Users/zhangshuai/Economic/economic_scrapy/economic_scrapy/spiders/govMonthDataList.py", line 26, in parse
    category_list = MonthCategoryDao.get_child_list()
  File "/Users/zhangshuai/Economic/economic_scrapy/economic_scrapy/db/month_category_db.py", line 73, in get_child_list
    .filter(cls.BO.isParent == '0') \
  File "/Users/zhangshuai/Work/Code/LiveYu/Falcon/venv/lib/python3.7/site-packages/sqlalchemy/orm/query.py", line 3211, in all
    return list(self)
  File "/Users/zhangshuai/Work/Code/LiveYu/Falcon/venv/lib/python3.7/site-packages/sqlalchemy/orm/query.py", line 3367, in __iter__
    return self._execute_and_instances(context)
  File "/Users/zhangshuai/Work/Code/LiveYu/Falcon/venv/lib/python3.7/site-packages/sqlalchemy/orm/query.py", line 3392, in _execute_and_instances
    result = conn.execute(querycontext.statement, self._params)
  File "/Users/zhangshuai/Work/Code/LiveYu/Falcon/venv/lib/python3.7/site-packages/sqlalchemy/engine/base.py", line 982, in execute
    return meth(self, multiparams, params)
  File "/Users/zhangshuai/Work/Code/LiveYu/Falcon/venv/lib/python3.7/site-packages/sqlalchemy/sql/elements.py", line 287, in _execute_on_connection
    return connection._execute_clauseelement(self, multiparams, params)
  File "/Users/zhangshuai/Work/Code/LiveYu/Falcon/venv/lib/python3.7/site-packages/sqlalchemy/engine/base.py", line 1101, in _execute_clauseelement
    distilled_params,
  File "/Users/zhangshuai/Work/Code/LiveYu/Falcon/venv/lib/python3.7/site-packages/sqlalchemy/engine/base.py", line 1250, in _execute_context
    e, statement, parameters, cursor, context
  File "/Users/zhangshuai/Work/Code/LiveYu/Falcon/venv/lib/python3.7/site-packages/sqlalchemy/engine/base.py", line 1476, in _handle_dbapi_exception
    util.raise_from_cause(sqlalchemy_exception, exc_info)
  File "/Users/zhangshuai/Work/Code/LiveYu/Falcon/venv/lib/python3.7/site-packages/sqlalchemy/util/compat.py", line 398, in raise_from_cause
    reraise(type(exception), exception, tb=exc_tb, cause=cause)
  File "/Users/zhangshuai/Work/Code/LiveYu/Falcon/venv/lib/python3.7/site-packages/sqlalchemy/util/compat.py", line 152, in reraise
    raise value.with_traceback(tb)
  File "/Users/zhangshuai/Work/Code/LiveYu/Falcon/venv/lib/python3.7/site-packages/sqlalchemy/engine/base.py", line 1246, in _execute_context
    cursor, statement, parameters, context
  File "/Users/zhangshuai/Work/Code/LiveYu/Falcon/venv/lib/python3.7/site-packages/sqlalchemy/engine/default.py", line 581, in do_execute
    cursor.execute(statement, parameters)
  File "/Users/zhangshuai/Work/Code/LiveYu/Falcon/venv/lib/python3.7/site-packages/pymysql/cursors.py", line 170, in execute
    result = self._query(query)
  File "/Users/zhangshuai/Work/Code/LiveYu/Falcon/venv/lib/python3.7/site-packages/pymysql/cursors.py", line 328, in _query
    conn.query(q)
  File "/Users/zhangshuai/Work/Code/LiveYu/Falcon/venv/lib/python3.7/site-packages/pymysql/connections.py", line 517, in query
    self._affected_rows = self._read_query_result(unbuffered=unbuffered)
  File "/Users/zhangshuai/Work/Code/LiveYu/Falcon/venv/lib/python3.7/site-packages/pymysql/connections.py", line 732, in _read_query_result
    result.read()
  File "/Users/zhangshuai/Work/Code/LiveYu/Falcon/venv/lib/python3.7/site-packages/pymysql/connections.py", line 1075, in read
    first_packet = self.connection._read_packet()
  File "/Users/zhangshuai/Work/Code/LiveYu/Falcon/venv/lib/python3.7/site-packages/pymysql/connections.py", line 684, in _read_packet
    packet.check_error()
  File "/Users/zhangshuai/Work/Code/LiveYu/Falcon/venv/lib/python3.7/site-packages/pymysql/protocol.py", line 220, in check_error
    err.raise_mysql_exception(self._data)
  File "/Users/zhangshuai/Work/Code/LiveYu/Falcon/venv/lib/python3.7/site-packages/pymysql/err.py", line 109, in raise_mysql_exception
    raise errorclass(errno, errval)
sqlalchemy.exc.ProgrammingError: (pymysql.err.ProgrammingError) (1146, "Table 'category_db.t_month_category' doesn't exist")
[SQL: SELECT t_month_category.id AS t_month_category_id, t_month_category.pid AS t_month_category_pid, t_month_category.wdcode AS t_month_category_wdcode, t_month_category.dbcode AS t_month_category_dbcode, t_month_category.`isParent` AS `t_month_category_isParent`, t_month_category.name AS t_month_category_name 
FROM t_month_category 
WHERE t_month_category.`isParent` = %(isParent_1)s]
[parameters: {'isParent_1': '0'}]
(Background on this error at: http://sqlalche.me/e/f405)
[2020-09-06 15:39:20,541][MainThread:4774512064][task_id:scrapy.crawler][crawler.py:290][INFO][Received SIGINT, shutting down gracefully. Send again to force ]
[2020-09-06 15:39:25,842][MainThread:4613510592][task_id:scrapy.utils.log][log.py:144][INFO][Scrapy 2.3.0 started (bot: economic_scrapy)]
[2020-09-06 15:39:25,870][MainThread:4613510592][task_id:scrapy.utils.log][log.py:150][INFO][Versions: lxml 4.5.2.0, libxml2 2.9.10, cssselect 1.1.0, parsel 1.6.0, w3lib 1.22.0, Twisted 20.3.0, Python 3.7.5 (default, Nov  1 2019, 02:16:32) - [Clang 11.0.0 (clang-1100.0.33.8)], pyOpenSSL 19.1.0 (OpenSSL 1.1.1g  21 Apr 2020), cryptography 3.0, Platform Darwin-18.7.0-x86_64-i386-64bit]
[2020-09-06 15:39:25,886][MainThread:4613510592][task_id:scrapy.crawler][crawler.py:60][INFO][Overridden settings:
{'BOT_NAME': 'economic_scrapy',
 'DOWNLOAD_DELAY': 0.25,
 'NEWSPIDER_MODULE': 'economic_scrapy.spiders',
 'ROBOTSTXT_OBEY': True,
 'SPIDER_MODULES': ['economic_scrapy.spiders'],
 'USER_AGENT': 'Mozilla/5.0 (Macintosh; Intel Mac OS X 10_8_3) '
               'AppleWebKit/536.5 (KHTML, like Gecko) Chrome/19.0.1084.54 '
               'Safari/536.5'}]
[2020-09-06 15:39:25,922][MainThread:4613510592][task_id:scrapy.extensions.telnet][telnet.py:55][INFO][Telnet Password: 1547693c505061c9]
[2020-09-06 15:39:25,966][MainThread:4613510592][task_id:scrapy.middleware][middleware.py:48][INFO][Enabled extensions:
['scrapy.extensions.corestats.CoreStats',
 'scrapy.extensions.telnet.TelnetConsole',
 'scrapy.extensions.memusage.MemoryUsage',
 'scrapy.extensions.logstats.LogStats']]
[2020-09-06 15:39:26,138][MainThread:4613510592][task_id:scrapy.middleware][middleware.py:48][INFO][Enabled downloader middlewares:
['scrapy.downloadermiddlewares.robotstxt.RobotsTxtMiddleware',
 'scrapy.downloadermiddlewares.httpauth.HttpAuthMiddleware',
 'scrapy.downloadermiddlewares.downloadtimeout.DownloadTimeoutMiddleware',
 'scrapy.downloadermiddlewares.defaultheaders.DefaultHeadersMiddleware',
 'scrapy.downloadermiddlewares.useragent.UserAgentMiddleware',
 'scrapy.downloadermiddlewares.retry.RetryMiddleware',
 'scrapy.downloadermiddlewares.redirect.MetaRefreshMiddleware',
 'scrapy.downloadermiddlewares.httpcompression.HttpCompressionMiddleware',
 'scrapy.downloadermiddlewares.redirect.RedirectMiddleware',
 'scrapy.downloadermiddlewares.cookies.CookiesMiddleware',
 'scrapy.downloadermiddlewares.httpproxy.HttpProxyMiddleware',
 'scrapy.downloadermiddlewares.stats.DownloaderStats']]
[2020-09-06 15:39:26,154][MainThread:4613510592][task_id:scrapy.middleware][middleware.py:48][INFO][Enabled spider middlewares:
['scrapy.spidermiddlewares.httperror.HttpErrorMiddleware',
 'scrapy.spidermiddlewares.offsite.OffsiteMiddleware',
 'scrapy.spidermiddlewares.referer.RefererMiddleware',
 'scrapy.spidermiddlewares.urllength.UrlLengthMiddleware',
 'scrapy.spidermiddlewares.depth.DepthMiddleware']]
[2020-09-06 15:39:26,198][MainThread:4613510592][task_id:scrapy.middleware][middleware.py:48][INFO][Enabled item pipelines:
['economic_scrapy.pipelines.MySQLPipeline']]
[2020-09-06 15:39:26,199][MainThread:4613510592][task_id:scrapy.core.engine][engine.py:267][INFO][Spider opened]
[2020-09-06 15:39:26,252][MainThread:4613510592][task_id:scrapy.extensions.logstats][logstats.py:48][INFO][Crawled 0 pages (at 0 pages/min), scraped 0 items (at 0 items/min)]
[2020-09-06 15:39:26,255][MainThread:4613510592][task_id:scrapy.extensions.telnet][telnet.py:69][INFO][Telnet console listening on 127.0.0.1:6023]
[2020-09-06 15:39:55,880][MainThread:4613510592][task_id:scrapy.crawler][crawler.py:290][INFO][Received SIGINT, shutting down gracefully. Send again to force ]
[2020-09-06 15:40:01,224][MainThread:4603631040][task_id:scrapy.utils.log][log.py:144][INFO][Scrapy 2.3.0 started (bot: economic_scrapy)]
[2020-09-06 15:40:01,251][MainThread:4603631040][task_id:scrapy.utils.log][log.py:150][INFO][Versions: lxml 4.5.2.0, libxml2 2.9.10, cssselect 1.1.0, parsel 1.6.0, w3lib 1.22.0, Twisted 20.3.0, Python 3.7.5 (default, Nov  1 2019, 02:16:32) - [Clang 11.0.0 (clang-1100.0.33.8)], pyOpenSSL 19.1.0 (OpenSSL 1.1.1g  21 Apr 2020), cryptography 3.0, Platform Darwin-18.7.0-x86_64-i386-64bit]
[2020-09-06 15:40:01,272][MainThread:4603631040][task_id:scrapy.crawler][crawler.py:60][INFO][Overridden settings:
{'BOT_NAME': 'economic_scrapy',
 'DOWNLOAD_DELAY': 0.25,
 'NEWSPIDER_MODULE': 'economic_scrapy.spiders',
 'ROBOTSTXT_OBEY': True,
 'SPIDER_MODULES': ['economic_scrapy.spiders'],
 'USER_AGENT': 'Mozilla/5.0 (Macintosh; Intel Mac OS X 10_8_3) '
               'AppleWebKit/536.5 (KHTML, like Gecko) Chrome/19.0.1084.54 '
               'Safari/536.5'}]
[2020-09-06 15:40:01,315][MainThread:4603631040][task_id:scrapy.extensions.telnet][telnet.py:55][INFO][Telnet Password: 6935468c856dea65]
[2020-09-06 15:40:01,370][MainThread:4603631040][task_id:scrapy.middleware][middleware.py:48][INFO][Enabled extensions:
['scrapy.extensions.corestats.CoreStats',
 'scrapy.extensions.telnet.TelnetConsole',
 'scrapy.extensions.memusage.MemoryUsage',
 'scrapy.extensions.logstats.LogStats']]
[2020-09-06 15:40:01,525][MainThread:4603631040][task_id:scrapy.middleware][middleware.py:48][INFO][Enabled downloader middlewares:
['scrapy.downloadermiddlewares.robotstxt.RobotsTxtMiddleware',
 'scrapy.downloadermiddlewares.httpauth.HttpAuthMiddleware',
 'scrapy.downloadermiddlewares.downloadtimeout.DownloadTimeoutMiddleware',
 'scrapy.downloadermiddlewares.defaultheaders.DefaultHeadersMiddleware',
 'scrapy.downloadermiddlewares.useragent.UserAgentMiddleware',
 'scrapy.downloadermiddlewares.retry.RetryMiddleware',
 'scrapy.downloadermiddlewares.redirect.MetaRefreshMiddleware',
 'scrapy.downloadermiddlewares.httpcompression.HttpCompressionMiddleware',
 'scrapy.downloadermiddlewares.redirect.RedirectMiddleware',
 'scrapy.downloadermiddlewares.cookies.CookiesMiddleware',
 'scrapy.downloadermiddlewares.httpproxy.HttpProxyMiddleware',
 'scrapy.downloadermiddlewares.stats.DownloaderStats']]
[2020-09-06 15:40:01,534][MainThread:4603631040][task_id:scrapy.middleware][middleware.py:48][INFO][Enabled spider middlewares:
['scrapy.spidermiddlewares.httperror.HttpErrorMiddleware',
 'scrapy.spidermiddlewares.offsite.OffsiteMiddleware',
 'scrapy.spidermiddlewares.referer.RefererMiddleware',
 'scrapy.spidermiddlewares.urllength.UrlLengthMiddleware',
 'scrapy.spidermiddlewares.depth.DepthMiddleware']]
[2020-09-06 15:40:01,570][MainThread:4603631040][task_id:scrapy.middleware][middleware.py:48][INFO][Enabled item pipelines:
['economic_scrapy.pipelines.MySQLPipeline']]
[2020-09-06 15:40:01,571][MainThread:4603631040][task_id:scrapy.core.engine][engine.py:267][INFO][Spider opened]
[2020-09-06 15:40:01,633][MainThread:4603631040][task_id:scrapy.extensions.logstats][logstats.py:48][INFO][Crawled 0 pages (at 0 pages/min), scraped 0 items (at 0 items/min)]
[2020-09-06 15:40:01,636][MainThread:4603631040][task_id:scrapy.extensions.telnet][telnet.py:69][INFO][Telnet console listening on 127.0.0.1:6023]
[2020-09-06 15:40:54,890][MainThread:4603631040][task_id:scrapy.crawler][crawler.py:290][INFO][Received SIGINT, shutting down gracefully. Send again to force ]
[2020-09-06 15:41:16,396][MainThread:4548154816][task_id:scrapy.utils.log][log.py:144][INFO][Scrapy 2.3.0 started (bot: economic_scrapy)]
[2020-09-06 15:41:16,422][MainThread:4548154816][task_id:scrapy.utils.log][log.py:150][INFO][Versions: lxml 4.5.2.0, libxml2 2.9.10, cssselect 1.1.0, parsel 1.6.0, w3lib 1.22.0, Twisted 20.3.0, Python 3.7.5 (default, Nov  1 2019, 02:16:32) - [Clang 11.0.0 (clang-1100.0.33.8)], pyOpenSSL 19.1.0 (OpenSSL 1.1.1g  21 Apr 2020), cryptography 3.0, Platform Darwin-18.7.0-x86_64-i386-64bit]
[2020-09-06 15:41:16,437][MainThread:4548154816][task_id:scrapy.crawler][crawler.py:60][INFO][Overridden settings:
{'BOT_NAME': 'economic_scrapy',
 'DOWNLOAD_DELAY': 0.25,
 'NEWSPIDER_MODULE': 'economic_scrapy.spiders',
 'ROBOTSTXT_OBEY': True,
 'SPIDER_MODULES': ['economic_scrapy.spiders'],
 'USER_AGENT': 'Mozilla/5.0 (Macintosh; Intel Mac OS X 10_8_3) '
               'AppleWebKit/536.5 (KHTML, like Gecko) Chrome/19.0.1084.54 '
               'Safari/536.5'}]
[2020-09-06 15:41:16,477][MainThread:4548154816][task_id:scrapy.extensions.telnet][telnet.py:55][INFO][Telnet Password: 912d57c3f0536496]
[2020-09-06 15:41:16,538][MainThread:4548154816][task_id:scrapy.middleware][middleware.py:48][INFO][Enabled extensions:
['scrapy.extensions.corestats.CoreStats',
 'scrapy.extensions.telnet.TelnetConsole',
 'scrapy.extensions.memusage.MemoryUsage',
 'scrapy.extensions.logstats.LogStats']]
[2020-09-06 15:41:16,720][MainThread:4548154816][task_id:scrapy.middleware][middleware.py:48][INFO][Enabled downloader middlewares:
['scrapy.downloadermiddlewares.robotstxt.RobotsTxtMiddleware',
 'scrapy.downloadermiddlewares.httpauth.HttpAuthMiddleware',
 'scrapy.downloadermiddlewares.downloadtimeout.DownloadTimeoutMiddleware',
 'scrapy.downloadermiddlewares.defaultheaders.DefaultHeadersMiddleware',
 'scrapy.downloadermiddlewares.useragent.UserAgentMiddleware',
 'scrapy.downloadermiddlewares.retry.RetryMiddleware',
 'scrapy.downloadermiddlewares.redirect.MetaRefreshMiddleware',
 'scrapy.downloadermiddlewares.httpcompression.HttpCompressionMiddleware',
 'scrapy.downloadermiddlewares.redirect.RedirectMiddleware',
 'scrapy.downloadermiddlewares.cookies.CookiesMiddleware',
 'scrapy.downloadermiddlewares.httpproxy.HttpProxyMiddleware',
 'scrapy.downloadermiddlewares.stats.DownloaderStats']]
[2020-09-06 15:41:16,743][MainThread:4548154816][task_id:scrapy.middleware][middleware.py:48][INFO][Enabled spider middlewares:
['scrapy.spidermiddlewares.httperror.HttpErrorMiddleware',
 'scrapy.spidermiddlewares.offsite.OffsiteMiddleware',
 'scrapy.spidermiddlewares.referer.RefererMiddleware',
 'scrapy.spidermiddlewares.urllength.UrlLengthMiddleware',
 'scrapy.spidermiddlewares.depth.DepthMiddleware']]
[2020-09-06 15:41:16,788][MainThread:4548154816][task_id:scrapy.middleware][middleware.py:48][INFO][Enabled item pipelines:
['economic_scrapy.pipelines.MySQLPipeline']]
[2020-09-06 15:41:16,789][MainThread:4548154816][task_id:scrapy.core.engine][engine.py:267][INFO][Spider opened]
[2020-09-06 15:41:16,842][MainThread:4548154816][task_id:scrapy.extensions.logstats][logstats.py:48][INFO][Crawled 0 pages (at 0 pages/min), scraped 0 items (at 0 items/min)]
[2020-09-06 15:41:16,844][MainThread:4548154816][task_id:scrapy.extensions.telnet][telnet.py:69][INFO][Telnet console listening on 127.0.0.1:6023]
[2020-09-06 15:42:16,844][MainThread:4548154816][task_id:scrapy.extensions.logstats][logstats.py:48][INFO][Crawled 178 pages (at 178 pages/min), scraped 284 items (at 284 items/min)]
[2020-09-06 15:43:16,844][MainThread:4548154816][task_id:scrapy.extensions.logstats][logstats.py:48][INFO][Crawled 371 pages (at 193 pages/min), scraped 615 items (at 331 items/min)]
[2020-09-06 15:44:16,844][MainThread:4548154816][task_id:scrapy.extensions.logstats][logstats.py:48][INFO][Crawled 567 pages (at 196 pages/min), scraped 615 items (at 0 items/min)]
[2020-09-06 15:44:34,048][MainThread:4548154816][task_id:scrapy.core.scraper][scraper.py:168][ERROR][Spider error processing <GET https://data.stats.gov.cn/waf_verify.htm> (referer: https://data.stats.gov.cn/easyquery.htm)]
Traceback (most recent call last):
  File "/Users/zhangshuai/Work/Code/LiveYu/Falcon/venv/lib/python3.7/site-packages/scrapy/utils/defer.py", line 120, in iter_errback
    yield next(it)
  File "/Users/zhangshuai/Work/Code/LiveYu/Falcon/venv/lib/python3.7/site-packages/scrapy/utils/python.py", line 347, in __next__
    return next(self.data)
  File "/Users/zhangshuai/Work/Code/LiveYu/Falcon/venv/lib/python3.7/site-packages/scrapy/utils/python.py", line 347, in __next__
    return next(self.data)
  File "/Users/zhangshuai/Work/Code/LiveYu/Falcon/venv/lib/python3.7/site-packages/scrapy/core/spidermw.py", line 64, in _evaluate_iterable
    for r in iterable:
  File "/Users/zhangshuai/Work/Code/LiveYu/Falcon/venv/lib/python3.7/site-packages/scrapy/spidermiddlewares/offsite.py", line 29, in process_spider_output
    for x in result:
  File "/Users/zhangshuai/Work/Code/LiveYu/Falcon/venv/lib/python3.7/site-packages/scrapy/core/spidermw.py", line 64, in _evaluate_iterable
    for r in iterable:
  File "/Users/zhangshuai/Work/Code/LiveYu/Falcon/venv/lib/python3.7/site-packages/scrapy/spidermiddlewares/referer.py", line 340, in <genexpr>
    return (_set_referer(r) for r in result or ())
  File "/Users/zhangshuai/Work/Code/LiveYu/Falcon/venv/lib/python3.7/site-packages/scrapy/core/spidermw.py", line 64, in _evaluate_iterable
    for r in iterable:
  File "/Users/zhangshuai/Work/Code/LiveYu/Falcon/venv/lib/python3.7/site-packages/scrapy/spidermiddlewares/urllength.py", line 37, in <genexpr>
    return (r for r in result or () if _filter(r))
  File "/Users/zhangshuai/Work/Code/LiveYu/Falcon/venv/lib/python3.7/site-packages/scrapy/core/spidermw.py", line 64, in _evaluate_iterable
    for r in iterable:
  File "/Users/zhangshuai/Work/Code/LiveYu/Falcon/venv/lib/python3.7/site-packages/scrapy/spidermiddlewares/depth.py", line 58, in <genexpr>
    return (r for r in result or () if _filter(r))
  File "/Users/zhangshuai/Work/Code/LiveYu/Falcon/venv/lib/python3.7/site-packages/scrapy/core/spidermw.py", line 64, in _evaluate_iterable
    for r in iterable:
  File "/Users/zhangshuai/Economic/economic_scrapy/economic_scrapy/spiders/govMonthCategory.py", line 35, in parse_column
    for column in json.loads(column_str):
  File "/usr/local/Cellar/python/3.7.5/Frameworks/Python.framework/Versions/3.7/lib/python3.7/json/__init__.py", line 348, in loads
    return _default_decoder.decode(s)
  File "/usr/local/Cellar/python/3.7.5/Frameworks/Python.framework/Versions/3.7/lib/python3.7/json/decoder.py", line 337, in decode
    obj, end = self.raw_decode(s, idx=_w(s, 0).end())
  File "/usr/local/Cellar/python/3.7.5/Frameworks/Python.framework/Versions/3.7/lib/python3.7/json/decoder.py", line 355, in raw_decode
    raise JSONDecodeError("Expecting value", s, err.value) from None
json.decoder.JSONDecodeError: Expecting value: line 1 column 1 (char 0)
[2020-09-06 15:44:34,069][MainThread:4548154816][task_id:scrapy.core.engine][engine.py:304][INFO][Closing spider (finished)]
[2020-09-06 15:44:34,085][MainThread:4548154816][task_id:scrapy.statscollectors][statscollectors.py:47][INFO][Dumping Scrapy stats:
{'downloader/request_bytes': 448372,
 'downloader/request_count': 641,
 'downloader/request_method_count/GET': 3,
 'downloader/request_method_count/POST': 638,
 'downloader/response_bytes': 252349,
 'downloader/response_count': 641,
 'downloader/response_status_count/200': 608,
 'downloader/response_status_count/302': 16,
 'downloader/response_status_count/307': 16,
 'downloader/response_status_count/404': 1,
 'dupefilter/filtered': 31,
 'elapsed_time_seconds': 197.241857,
 'finish_reason': 'finished',
 'finish_time': datetime.datetime(2020, 9, 6, 7, 44, 34, 83241),
 'item_scraped_count': 637,
 'log_count/DEBUG': 1280,
 'log_count/ERROR': 1,
 'log_count/INFO': 13,
 'memusage/max': 271814656,
 'memusage/startup': 75288576,
 'request_depth_max': 4,
 'response_received_count': 609,
 'robotstxt/request_count': 1,
 'robotstxt/response_count': 1,
 'robotstxt/response_status_count/404': 1,
 'scheduler/dequeued': 640,
 'scheduler/dequeued/memory': 640,
 'scheduler/enqueued': 640,
 'scheduler/enqueued/memory': 640,
 'spider_exceptions/JSONDecodeError': 1,
 'start_time': datetime.datetime(2020, 9, 6, 7, 41, 16, 841384)}]
[2020-09-06 15:44:34,085][MainThread:4548154816][task_id:scrapy.core.engine][engine.py:335][INFO][Spider closed (finished)]
[2020-09-06 16:14:42,040][MainThread:4649092544][task_id:scrapy.utils.log][log.py:146][INFO][Scrapy 1.5.1 started (bot: economic_scrapy)]
[2020-09-06 16:14:42,049][MainThread:4649092544][task_id:scrapy.utils.log][log.py:149][INFO][Versions: lxml 4.2.5.0, libxml2 2.9.8, cssselect 1.0.3, parsel 1.5.1, w3lib 1.19.0, Twisted 18.9.0, Python 3.7.5 (default, Nov  1 2019, 02:16:32) - [Clang 11.0.0 (clang-1100.0.33.8)], pyOpenSSL 18.0.0 (OpenSSL 1.1.0i  14 Aug 2018), cryptography 2.4.1, Platform Darwin-18.7.0-x86_64-i386-64bit]
[2020-09-06 16:14:42,054][MainThread:4649092544][task_id:scrapy.crawler][crawler.py:38][INFO][Overridden settings: {'BOT_NAME': 'economic_scrapy', 'DOWNLOAD_DELAY': 0.25, 'NEWSPIDER_MODULE': 'economic_scrapy.spiders', 'ROBOTSTXT_OBEY': True, 'SPIDER_MODULES': ['economic_scrapy.spiders'], 'USER_AGENT': 'Mozilla/5.0 (Macintosh; Intel Mac OS X 10_8_3) AppleWebKit/536.5 (KHTML, like Gecko) Chrome/19.0.1084.54 Safari/536.5'}]
[2020-09-06 16:14:42,100][MainThread:4649092544][task_id:scrapy.middleware][middleware.py:53][INFO][Enabled extensions:
['scrapy.extensions.corestats.CoreStats',
 'scrapy.extensions.telnet.TelnetConsole',
 'scrapy.extensions.memusage.MemoryUsage',
 'scrapy.extensions.logstats.LogStats']]
[2020-09-06 16:14:42,168][MainThread:4649092544][task_id:scrapy.middleware][middleware.py:53][INFO][Enabled downloader middlewares:
['scrapy.downloadermiddlewares.robotstxt.RobotsTxtMiddleware',
 'scrapy.downloadermiddlewares.httpauth.HttpAuthMiddleware',
 'scrapy.downloadermiddlewares.downloadtimeout.DownloadTimeoutMiddleware',
 'scrapy.downloadermiddlewares.defaultheaders.DefaultHeadersMiddleware',
 'scrapy.downloadermiddlewares.useragent.UserAgentMiddleware',
 'scrapy.downloadermiddlewares.retry.RetryMiddleware',
 'scrapy.downloadermiddlewares.redirect.MetaRefreshMiddleware',
 'scrapy.downloadermiddlewares.httpcompression.HttpCompressionMiddleware',
 'scrapy.downloadermiddlewares.redirect.RedirectMiddleware',
 'scrapy.downloadermiddlewares.cookies.CookiesMiddleware',
 'scrapy.downloadermiddlewares.httpproxy.HttpProxyMiddleware',
 'scrapy.downloadermiddlewares.stats.DownloaderStats']]
[2020-09-06 16:14:42,174][MainThread:4649092544][task_id:scrapy.middleware][middleware.py:53][INFO][Enabled spider middlewares:
['scrapy.spidermiddlewares.httperror.HttpErrorMiddleware',
 'scrapy.spidermiddlewares.offsite.OffsiteMiddleware',
 'scrapy.spidermiddlewares.referer.RefererMiddleware',
 'scrapy.spidermiddlewares.urllength.UrlLengthMiddleware',
 'scrapy.spidermiddlewares.depth.DepthMiddleware']]
[2020-09-06 16:14:42,201][MainThread:4649092544][task_id:scrapy.middleware][middleware.py:53][INFO][Enabled item pipelines:
['economic_scrapy.pipelines.MySQLPipeline']]
[2020-09-06 16:14:42,201][MainThread:4649092544][task_id:scrapy.core.engine][engine.py:256][INFO][Spider opened]
[2020-09-06 16:14:42,269][MainThread:4649092544][task_id:scrapy.extensions.logstats][logstats.py:48][INFO][Crawled 0 pages (at 0 pages/min), scraped 0 items (at 0 items/min)]
[2020-09-06 16:14:43,883][MainThread:4649092544][task_id:scrapy.crawler][crawler.py:258][INFO][Received SIGINT, shutting down gracefully. Send again to force ]
[2020-09-06 16:14:43,884][MainThread:4649092544][task_id:scrapy.core.engine][engine.py:295][INFO][Closing spider (shutdown)]
[2020-09-06 16:14:44,094][MainThread:4649092544][task_id:scrapy.crawler][crawler.py:265][INFO][Received SIGINT twice, forcing unclean shutdown]
[2020-09-06 16:28:39,245][MainThread:4717680064][task_id:scrapy.utils.log][log.py:146][INFO][Scrapy 1.5.1 started (bot: economic_scrapy)]
[2020-09-06 16:28:39,264][MainThread:4717680064][task_id:scrapy.utils.log][log.py:149][INFO][Versions: lxml 4.2.5.0, libxml2 2.9.8, cssselect 1.0.3, parsel 1.5.1, w3lib 1.19.0, Twisted 18.9.0, Python 3.7.5 (default, Nov  1 2019, 02:16:32) - [Clang 11.0.0 (clang-1100.0.33.8)], pyOpenSSL 18.0.0 (OpenSSL 1.1.0i  14 Aug 2018), cryptography 2.4.1, Platform Darwin-18.7.0-x86_64-i386-64bit]
[2020-09-06 16:28:39,270][MainThread:4717680064][task_id:scrapy.crawler][crawler.py:38][INFO][Overridden settings: {'BOT_NAME': 'economic_scrapy', 'DOWNLOAD_DELAY': 0.25, 'NEWSPIDER_MODULE': 'economic_scrapy.spiders', 'ROBOTSTXT_OBEY': True, 'SPIDER_MODULES': ['economic_scrapy.spiders'], 'USER_AGENT': 'Mozilla/5.0 (Macintosh; Intel Mac OS X 10_8_3) AppleWebKit/536.5 (KHTML, like Gecko) Chrome/19.0.1084.54 Safari/536.5'}]
[2020-09-06 16:28:39,313][MainThread:4717680064][task_id:scrapy.middleware][middleware.py:53][INFO][Enabled extensions:
['scrapy.extensions.corestats.CoreStats',
 'scrapy.extensions.telnet.TelnetConsole',
 'scrapy.extensions.memusage.MemoryUsage',
 'scrapy.extensions.logstats.LogStats']]
[2020-09-06 16:28:39,376][MainThread:4717680064][task_id:scrapy.middleware][middleware.py:53][INFO][Enabled downloader middlewares:
['scrapy.downloadermiddlewares.robotstxt.RobotsTxtMiddleware',
 'scrapy.downloadermiddlewares.httpauth.HttpAuthMiddleware',
 'scrapy.downloadermiddlewares.downloadtimeout.DownloadTimeoutMiddleware',
 'scrapy.downloadermiddlewares.defaultheaders.DefaultHeadersMiddleware',
 'scrapy.downloadermiddlewares.useragent.UserAgentMiddleware',
 'scrapy.downloadermiddlewares.retry.RetryMiddleware',
 'scrapy.downloadermiddlewares.redirect.MetaRefreshMiddleware',
 'scrapy.downloadermiddlewares.httpcompression.HttpCompressionMiddleware',
 'scrapy.downloadermiddlewares.redirect.RedirectMiddleware',
 'scrapy.downloadermiddlewares.cookies.CookiesMiddleware',
 'scrapy.downloadermiddlewares.httpproxy.HttpProxyMiddleware',
 'scrapy.downloadermiddlewares.stats.DownloaderStats']]
[2020-09-06 16:28:39,388][MainThread:4717680064][task_id:scrapy.middleware][middleware.py:53][INFO][Enabled spider middlewares:
['scrapy.spidermiddlewares.httperror.HttpErrorMiddleware',
 'scrapy.spidermiddlewares.offsite.OffsiteMiddleware',
 'scrapy.spidermiddlewares.referer.RefererMiddleware',
 'scrapy.spidermiddlewares.urllength.UrlLengthMiddleware',
 'scrapy.spidermiddlewares.depth.DepthMiddleware']]
[2020-09-06 16:28:39,444][MainThread:4717680064][task_id:scrapy.middleware][middleware.py:53][INFO][Enabled item pipelines:
['economic_scrapy.pipelines.MySQLPipeline']]
[2020-09-06 16:28:39,444][MainThread:4717680064][task_id:scrapy.core.engine][engine.py:256][INFO][Spider opened]
[2020-09-06 16:28:39,503][MainThread:4717680064][task_id:scrapy.extensions.logstats][logstats.py:48][INFO][Crawled 0 pages (at 0 pages/min), scraped 0 items (at 0 items/min)]
[2020-09-06 16:28:40,884][MainThread:4717680064][task_id:scrapy.crawler][crawler.py:258][INFO][Received SIGINT, shutting down gracefully. Send again to force ]
[2020-09-06 16:28:41,083][MainThread:4717680064][task_id:scrapy.core.engine][engine.py:295][INFO][Closing spider (shutdown)]
[2020-09-06 16:28:41,779][MainThread:4717680064][task_id:scrapy.crawler][crawler.py:265][INFO][Received SIGINT twice, forcing unclean shutdown]
[2020-09-06 16:28:53,419][MainThread:4468852160][task_id:scrapy.utils.log][log.py:144][INFO][Scrapy 2.3.0 started (bot: economic_scrapy)]
[2020-09-06 16:28:53,437][MainThread:4468852160][task_id:scrapy.utils.log][log.py:150][INFO][Versions: lxml 4.5.2.0, libxml2 2.9.10, cssselect 1.1.0, parsel 1.6.0, w3lib 1.22.0, Twisted 20.3.0, Python 3.7.5 (default, Nov  1 2019, 02:16:32) - [Clang 11.0.0 (clang-1100.0.33.8)], pyOpenSSL 19.1.0 (OpenSSL 1.1.1g  21 Apr 2020), cryptography 3.0, Platform Darwin-18.7.0-x86_64-i386-64bit]
[2020-09-06 16:28:53,453][MainThread:4468852160][task_id:scrapy.crawler][crawler.py:60][INFO][Overridden settings:
{'BOT_NAME': 'economic_scrapy',
 'DOWNLOAD_DELAY': 0.25,
 'NEWSPIDER_MODULE': 'economic_scrapy.spiders',
 'ROBOTSTXT_OBEY': True,
 'SPIDER_MODULES': ['economic_scrapy.spiders'],
 'USER_AGENT': 'Mozilla/5.0 (Macintosh; Intel Mac OS X 10_8_3) '
               'AppleWebKit/536.5 (KHTML, like Gecko) Chrome/19.0.1084.54 '
               'Safari/536.5'}]
[2020-09-06 16:28:53,489][MainThread:4468852160][task_id:scrapy.extensions.telnet][telnet.py:55][INFO][Telnet Password: 7032984a413c85ac]
[2020-09-06 16:28:53,538][MainThread:4468852160][task_id:scrapy.middleware][middleware.py:48][INFO][Enabled extensions:
['scrapy.extensions.corestats.CoreStats',
 'scrapy.extensions.telnet.TelnetConsole',
 'scrapy.extensions.memusage.MemoryUsage',
 'scrapy.extensions.logstats.LogStats']]
[2020-09-06 16:28:53,689][MainThread:4468852160][task_id:scrapy.middleware][middleware.py:48][INFO][Enabled downloader middlewares:
['scrapy.downloadermiddlewares.robotstxt.RobotsTxtMiddleware',
 'scrapy.downloadermiddlewares.httpauth.HttpAuthMiddleware',
 'scrapy.downloadermiddlewares.downloadtimeout.DownloadTimeoutMiddleware',
 'scrapy.downloadermiddlewares.defaultheaders.DefaultHeadersMiddleware',
 'scrapy.downloadermiddlewares.useragent.UserAgentMiddleware',
 'scrapy.downloadermiddlewares.retry.RetryMiddleware',
 'scrapy.downloadermiddlewares.redirect.MetaRefreshMiddleware',
 'scrapy.downloadermiddlewares.httpcompression.HttpCompressionMiddleware',
 'scrapy.downloadermiddlewares.redirect.RedirectMiddleware',
 'scrapy.downloadermiddlewares.cookies.CookiesMiddleware',
 'scrapy.downloadermiddlewares.httpproxy.HttpProxyMiddleware',
 'scrapy.downloadermiddlewares.stats.DownloaderStats']]
[2020-09-06 16:28:53,698][MainThread:4468852160][task_id:scrapy.middleware][middleware.py:48][INFO][Enabled spider middlewares:
['scrapy.spidermiddlewares.httperror.HttpErrorMiddleware',
 'scrapy.spidermiddlewares.offsite.OffsiteMiddleware',
 'scrapy.spidermiddlewares.referer.RefererMiddleware',
 'scrapy.spidermiddlewares.urllength.UrlLengthMiddleware',
 'scrapy.spidermiddlewares.depth.DepthMiddleware']]
[2020-09-06 16:33:05,754][MainThread:4682556864][task_id:scrapy.utils.log][log.py:146][INFO][Scrapy 1.5.1 started (bot: economic_scrapy)]
[2020-09-06 16:33:05,764][MainThread:4682556864][task_id:scrapy.utils.log][log.py:149][INFO][Versions: lxml 4.2.5.0, libxml2 2.9.8, cssselect 1.0.3, parsel 1.5.1, w3lib 1.19.0, Twisted 18.9.0, Python 3.7.5 (default, Nov  1 2019, 02:16:32) - [Clang 11.0.0 (clang-1100.0.33.8)], pyOpenSSL 18.0.0 (OpenSSL 1.1.0i  14 Aug 2018), cryptography 2.4.1, Platform Darwin-18.7.0-x86_64-i386-64bit]
[2020-09-06 16:33:05,769][MainThread:4682556864][task_id:scrapy.crawler][crawler.py:38][INFO][Overridden settings: {'BOT_NAME': 'economic_scrapy', 'DOWNLOAD_DELAY': 0.25, 'NEWSPIDER_MODULE': 'economic_scrapy.spiders', 'ROBOTSTXT_OBEY': True, 'SPIDER_MODULES': ['economic_scrapy.spiders'], 'USER_AGENT': 'Mozilla/5.0 (Macintosh; Intel Mac OS X 10_8_3) AppleWebKit/536.5 (KHTML, like Gecko) Chrome/19.0.1084.54 Safari/536.5'}]
[2020-09-06 16:33:05,820][MainThread:4682556864][task_id:scrapy.middleware][middleware.py:53][INFO][Enabled extensions:
['scrapy.extensions.corestats.CoreStats',
 'scrapy.extensions.telnet.TelnetConsole',
 'scrapy.extensions.memusage.MemoryUsage',
 'scrapy.extensions.logstats.LogStats']]
[2020-09-06 16:33:05,874][MainThread:4682556864][task_id:scrapy.middleware][middleware.py:53][INFO][Enabled downloader middlewares:
['scrapy.downloadermiddlewares.robotstxt.RobotsTxtMiddleware',
 'scrapy.downloadermiddlewares.httpauth.HttpAuthMiddleware',
 'scrapy.downloadermiddlewares.downloadtimeout.DownloadTimeoutMiddleware',
 'scrapy.downloadermiddlewares.defaultheaders.DefaultHeadersMiddleware',
 'scrapy.downloadermiddlewares.useragent.UserAgentMiddleware',
 'scrapy.downloadermiddlewares.retry.RetryMiddleware',
 'scrapy.downloadermiddlewares.redirect.MetaRefreshMiddleware',
 'scrapy.downloadermiddlewares.httpcompression.HttpCompressionMiddleware',
 'scrapy.downloadermiddlewares.redirect.RedirectMiddleware',
 'scrapy.downloadermiddlewares.cookies.CookiesMiddleware',
 'scrapy.downloadermiddlewares.httpproxy.HttpProxyMiddleware',
 'scrapy.downloadermiddlewares.stats.DownloaderStats']]
[2020-09-06 16:33:05,880][MainThread:4682556864][task_id:scrapy.middleware][middleware.py:53][INFO][Enabled spider middlewares:
['scrapy.spidermiddlewares.httperror.HttpErrorMiddleware',
 'scrapy.spidermiddlewares.offsite.OffsiteMiddleware',
 'scrapy.spidermiddlewares.referer.RefererMiddleware',
 'scrapy.spidermiddlewares.urllength.UrlLengthMiddleware',
 'scrapy.spidermiddlewares.depth.DepthMiddleware']]
[2020-09-06 16:33:05,900][MainThread:4682556864][task_id:scrapy.middleware][middleware.py:53][INFO][Enabled item pipelines:
['economic_scrapy.pipelines.MySQLPipeline']]
[2020-09-06 16:33:05,900][MainThread:4682556864][task_id:scrapy.core.engine][engine.py:256][INFO][Spider opened]
[2020-09-06 16:33:05,963][MainThread:4682556864][task_id:scrapy.extensions.logstats][logstats.py:48][INFO][Crawled 0 pages (at 0 pages/min), scraped 0 items (at 0 items/min)]
[2020-09-06 16:33:42,402][MainThread:4682556864][task_id:scrapy.crawler][crawler.py:258][INFO][Received SIGINT, shutting down gracefully. Send again to force ]
[2020-09-06 16:33:42,403][MainThread:4682556864][task_id:scrapy.core.engine][engine.py:295][INFO][Closing spider (shutdown)]
[2020-09-06 16:33:43,699][MainThread:4682556864][task_id:scrapy.crawler][crawler.py:265][INFO][Received SIGINT twice, forcing unclean shutdown]
[2020-09-06 16:35:29,310][MainThread:4468852160][task_id:scrapy.crawler][crawler.py:290][INFO][Received SIGINT, shutting down gracefully. Send again to force ]
[2020-09-06 16:37:33,745][MainThread:4468852160][task_id:scrapy.middleware][middleware.py:48][INFO][Enabled item pipelines:
['economic_scrapy.pipelines.MySQLPipeline']]
[2020-09-06 16:37:33,754][MainThread:4468852160][task_id:scrapy.core.engine][engine.py:267][INFO][Spider opened]
[2020-09-06 16:37:33,844][MainThread:4468852160][task_id:scrapy.extensions.logstats][logstats.py:48][INFO][Crawled 0 pages (at 0 pages/min), scraped 0 items (at 0 items/min)]
[2020-09-06 16:37:33,856][MainThread:4468852160][task_id:scrapy.extensions.telnet][telnet.py:69][INFO][Telnet console listening on 127.0.0.1:6023]
[2020-09-06 16:37:33,963][MainThread:4468852160][task_id:scrapy.core.engine][engine.py:304][INFO][Closing spider (shutdown)]
[2020-09-06 16:37:33,976][MainThread:4468852160][task_id:scrapy.statscollectors][statscollectors.py:47][INFO][Dumping Scrapy stats:
{'elapsed_time_seconds': 0.130829,
 'finish_reason': 'shutdown',
 'finish_time': datetime.datetime(2020, 9, 6, 8, 37, 33, 973779),
 'log_count/INFO': 11,
 'memusage/max': 79613952,
 'memusage/startup': 79613952,
 'start_time': datetime.datetime(2020, 9, 6, 8, 37, 33, 842950)}]
[2020-09-06 16:37:33,976][MainThread:4468852160][task_id:scrapy.core.engine][engine.py:335][INFO][Spider closed (shutdown)]
[2020-09-06 16:41:09,225][MainThread:4593788352][task_id:scrapy.utils.log][log.py:146][INFO][Scrapy 1.5.1 started (bot: economic_scrapy)]
[2020-09-06 16:41:09,240][MainThread:4593788352][task_id:scrapy.utils.log][log.py:149][INFO][Versions: lxml 4.2.5.0, libxml2 2.9.8, cssselect 1.0.3, parsel 1.5.1, w3lib 1.19.0, Twisted 18.9.0, Python 3.7.5 (default, Nov  1 2019, 02:16:32) - [Clang 11.0.0 (clang-1100.0.33.8)], pyOpenSSL 18.0.0 (OpenSSL 1.1.0i  14 Aug 2018), cryptography 2.4.1, Platform Darwin-18.7.0-x86_64-i386-64bit]
[2020-09-06 16:41:09,247][MainThread:4593788352][task_id:scrapy.crawler][crawler.py:38][INFO][Overridden settings: {'BOT_NAME': 'economic_scrapy', 'DOWNLOAD_DELAY': 0.25, 'NEWSPIDER_MODULE': 'economic_scrapy.spiders', 'ROBOTSTXT_OBEY': True, 'SPIDER_MODULES': ['economic_scrapy.spiders'], 'USER_AGENT': 'Mozilla/5.0 (Macintosh; Intel Mac OS X 10_8_3) AppleWebKit/536.5 (KHTML, like Gecko) Chrome/19.0.1084.54 Safari/536.5'}]
[2020-09-06 16:41:09,296][MainThread:4593788352][task_id:scrapy.middleware][middleware.py:53][INFO][Enabled extensions:
['scrapy.extensions.corestats.CoreStats',
 'scrapy.extensions.telnet.TelnetConsole',
 'scrapy.extensions.memusage.MemoryUsage',
 'scrapy.extensions.logstats.LogStats']]
[2020-09-06 16:41:09,354][MainThread:4593788352][task_id:scrapy.middleware][middleware.py:53][INFO][Enabled downloader middlewares:
['scrapy.downloadermiddlewares.robotstxt.RobotsTxtMiddleware',
 'scrapy.downloadermiddlewares.httpauth.HttpAuthMiddleware',
 'scrapy.downloadermiddlewares.downloadtimeout.DownloadTimeoutMiddleware',
 'scrapy.downloadermiddlewares.defaultheaders.DefaultHeadersMiddleware',
 'scrapy.downloadermiddlewares.useragent.UserAgentMiddleware',
 'scrapy.downloadermiddlewares.retry.RetryMiddleware',
 'scrapy.downloadermiddlewares.redirect.MetaRefreshMiddleware',
 'scrapy.downloadermiddlewares.httpcompression.HttpCompressionMiddleware',
 'scrapy.downloadermiddlewares.redirect.RedirectMiddleware',
 'scrapy.downloadermiddlewares.cookies.CookiesMiddleware',
 'scrapy.downloadermiddlewares.httpproxy.HttpProxyMiddleware',
 'scrapy.downloadermiddlewares.stats.DownloaderStats']]
[2020-09-06 16:41:09,359][MainThread:4593788352][task_id:scrapy.middleware][middleware.py:53][INFO][Enabled spider middlewares:
['scrapy.spidermiddlewares.httperror.HttpErrorMiddleware',
 'scrapy.spidermiddlewares.offsite.OffsiteMiddleware',
 'scrapy.spidermiddlewares.referer.RefererMiddleware',
 'scrapy.spidermiddlewares.urllength.UrlLengthMiddleware',
 'scrapy.spidermiddlewares.depth.DepthMiddleware']]
[2020-09-06 16:41:09,389][MainThread:4593788352][task_id:scrapy.middleware][middleware.py:53][INFO][Enabled item pipelines:
['economic_scrapy.pipelines.MySQLPipeline']]
[2020-09-06 16:41:09,389][MainThread:4593788352][task_id:scrapy.core.engine][engine.py:256][INFO][Spider opened]
[2020-09-06 16:41:09,454][MainThread:4593788352][task_id:scrapy.extensions.logstats][logstats.py:48][INFO][Crawled 0 pages (at 0 pages/min), scraped 0 items (at 0 items/min)]
[2020-09-06 16:41:12,358][MainThread:4593788352][task_id:scrapy.crawler][crawler.py:258][INFO][Received SIGINT, shutting down gracefully. Send again to force ]
[2020-09-06 16:41:12,358][MainThread:4593788352][task_id:scrapy.core.engine][engine.py:295][INFO][Closing spider (shutdown)]
[2020-09-06 16:41:12,546][MainThread:4593788352][task_id:scrapy.crawler][crawler.py:265][INFO][Received SIGINT twice, forcing unclean shutdown]
[2020-09-06 16:52:01,725][MainThread:4661888448][task_id:scrapy.utils.log][log.py:146][INFO][Scrapy 1.5.1 started (bot: economic_scrapy)]
[2020-09-06 16:52:01,735][MainThread:4661888448][task_id:scrapy.utils.log][log.py:149][INFO][Versions: lxml 4.2.5.0, libxml2 2.9.8, cssselect 1.0.3, parsel 1.5.1, w3lib 1.19.0, Twisted 18.9.0, Python 3.7.5 (default, Nov  1 2019, 02:16:32) - [Clang 11.0.0 (clang-1100.0.33.8)], pyOpenSSL 18.0.0 (OpenSSL 1.1.0i  14 Aug 2018), cryptography 2.4.1, Platform Darwin-18.7.0-x86_64-i386-64bit]
[2020-09-06 16:52:01,743][MainThread:4661888448][task_id:scrapy.crawler][crawler.py:38][INFO][Overridden settings: {'BOT_NAME': 'economic_scrapy', 'DOWNLOAD_DELAY': 0.25, 'NEWSPIDER_MODULE': 'economic_scrapy.spiders', 'ROBOTSTXT_OBEY': True, 'SPIDER_MODULES': ['economic_scrapy.spiders'], 'USER_AGENT': 'Mozilla/5.0 (Macintosh; Intel Mac OS X 10_8_3) AppleWebKit/536.5 (KHTML, like Gecko) Chrome/19.0.1084.54 Safari/536.5'}]
[2020-09-06 16:52:01,792][MainThread:4661888448][task_id:scrapy.middleware][middleware.py:53][INFO][Enabled extensions:
['scrapy.extensions.corestats.CoreStats',
 'scrapy.extensions.telnet.TelnetConsole',
 'scrapy.extensions.memusage.MemoryUsage',
 'scrapy.extensions.logstats.LogStats']]
[2020-09-06 16:52:01,842][MainThread:4661888448][task_id:scrapy.middleware][middleware.py:53][INFO][Enabled downloader middlewares:
['scrapy.downloadermiddlewares.robotstxt.RobotsTxtMiddleware',
 'scrapy.downloadermiddlewares.httpauth.HttpAuthMiddleware',
 'scrapy.downloadermiddlewares.downloadtimeout.DownloadTimeoutMiddleware',
 'scrapy.downloadermiddlewares.defaultheaders.DefaultHeadersMiddleware',
 'scrapy.downloadermiddlewares.useragent.UserAgentMiddleware',
 'scrapy.downloadermiddlewares.retry.RetryMiddleware',
 'scrapy.downloadermiddlewares.redirect.MetaRefreshMiddleware',
 'scrapy.downloadermiddlewares.httpcompression.HttpCompressionMiddleware',
 'scrapy.downloadermiddlewares.redirect.RedirectMiddleware',
 'scrapy.downloadermiddlewares.cookies.CookiesMiddleware',
 'scrapy.downloadermiddlewares.httpproxy.HttpProxyMiddleware',
 'scrapy.downloadermiddlewares.stats.DownloaderStats']]
[2020-09-06 16:52:01,848][MainThread:4661888448][task_id:scrapy.middleware][middleware.py:53][INFO][Enabled spider middlewares:
['scrapy.spidermiddlewares.httperror.HttpErrorMiddleware',
 'scrapy.spidermiddlewares.offsite.OffsiteMiddleware',
 'scrapy.spidermiddlewares.referer.RefererMiddleware',
 'scrapy.spidermiddlewares.urllength.UrlLengthMiddleware',
 'scrapy.spidermiddlewares.depth.DepthMiddleware']]
[2020-09-06 16:52:01,868][MainThread:4661888448][task_id:scrapy.middleware][middleware.py:53][INFO][Enabled item pipelines:
['economic_scrapy.pipelines.MySQLPipeline']]
[2020-09-06 16:52:01,868][MainThread:4661888448][task_id:scrapy.core.engine][engine.py:256][INFO][Spider opened]
[2020-09-06 16:52:01,928][MainThread:4661888448][task_id:scrapy.extensions.logstats][logstats.py:48][INFO][Crawled 0 pages (at 0 pages/min), scraped 0 items (at 0 items/min)]
[2020-09-06 16:52:03,911][MainThread:4661888448][task_id:scrapy.crawler][crawler.py:258][INFO][Received SIGINT, shutting down gracefully. Send again to force ]
[2020-09-06 16:52:03,916][MainThread:4661888448][task_id:scrapy.core.engine][engine.py:295][INFO][Closing spider (shutdown)]
[2020-09-06 16:52:04,091][MainThread:4661888448][task_id:scrapy.crawler][crawler.py:265][INFO][Received SIGINT twice, forcing unclean shutdown]
